#
# There is insufficient memory for the Java Runtime Environment to continue.
# Native memory allocation (malloc) failed to allocate 32744 bytes for ChunkPool::allocate
# Possible reasons:
#   The system is out of physical RAM or swap space
#   The process is running with CompressedOops enabled, and the Java Heap may be blocking the growth of the native heap
# Possible solutions:
#   Reduce memory load on the system
#   Increase physical memory or swap space
#   Check if swap backing store is full
#   Decrease Java heap size (-Xmx/-Xms)
#   Decrease number of Java threads
#   Decrease Java thread stack sizes (-Xss)
#   Set larger code cache with -XX:ReservedCodeCacheSize=
#   JVM is running with Unscaled Compressed Oops mode in which the Java heap is
#     placed in the first 4GB address space. The Java Heap base address is the
#     maximum limit for the native heap growth. Please use -XX:HeapBaseMinAddress
#     to set the Java Heap base and to place the Java Heap above 4GB virtual address.
# This output file may be truncated or incomplete.
#
#  Out of Memory Error (./src/hotspot/share/memory/arena.cpp:81), pid=1632, tid=2524
#
# JRE version: OpenJDK Runtime Environment Temurin-11.0.12+7 (11.0.12+7) (build 11.0.12+7)
# Java VM: OpenJDK 64-Bit Server VM Temurin-11.0.12+7 (11.0.12+7, mixed mode, tiered, compressed oops, g1 gc, windows-amd64)
# No core dump will be written. Minidumps are not enabled by default on client versions of Windows
#

---------------  S U M M A R Y ------------

Command Line: -agentlib:jdwp=transport=dt_socket,address=127.0.0.1:31628,suspend=y,server=n -ea -Didea.test.cyclic.buffer.size=1048576 -javaagent:C:\Users\Usuario\AppData\Local\JetBrains\IntelliJIdea2021.2\captureAgent\debugger-agent.jar -Dfile.encoding=UTF-8 com.intellij.rt.junit.JUnitStarter -ideVersion5 -junit5 co.edu.uniquindio.proyecto.entidades.test.PersonaTest,registrarTest

Host: Intel(R) Xeon(R) CPU E5-2620 v2 @ 2.10GHz, 12 cores, 7G,  Windows 10 , 64 bit Build 19041 (10.0.19041.928)
Time: Sun Oct 17 18:37:18 2021 Hora est. Pacífico, Sudamérica elapsed time: 10.114235 seconds (0d 0h 0m 10s)

---------------  T H R E A D  ---------------

Current thread (0x000002b3f4de0800):  JavaThread "C2 CompilerThread0" daemon [_thread_in_native, id=2524, stack(0x000000f1fe200000,0x000000f1fe300000)]


Current CompileTask:
C2:  10114 5321       4       org.springframework.core.annotation.AnnotationsScanner::getDeclaredAnnotations (166 bytes)

Stack: [0x000000f1fe200000,0x000000f1fe300000]
Native frames: (J=compiled Java code, j=interpreted, Vv=VM code, C=native code)
V  [jvm.dll+0x601d0a]
V  [jvm.dll+0x78ab6e]
V  [jvm.dll+0x78c23f]
V  [jvm.dll+0x78c903]
V  [jvm.dll+0x24be68]
V  [jvm.dll+0xc23fb]
V  [jvm.dll+0xc275c]
V  [jvm.dll+0x359fd8]
V  [jvm.dll+0x359481]
V  [jvm.dll+0x3594c4]
V  [jvm.dll+0x4f80cc]
V  [jvm.dll+0x4f88a2]
V  [jvm.dll+0x19dd16]
V  [jvm.dll+0x205622]
V  [jvm.dll+0x2046fd]
V  [jvm.dll+0x1898fc]
V  [jvm.dll+0x213d67]
V  [jvm.dll+0x211f2b]
V  [jvm.dll+0x74ec19]
V  [jvm.dll+0x747c84]
V  [jvm.dll+0x600ba6]
C  [ucrtbase.dll+0x21bb2]
C  [KERNEL32.DLL+0x17034]
C  [ntdll.dll+0x52651]


---------------  P R O C E S S  ---------------

Threads class SMR info:
_java_thread_list=0x000002b3f93da3b0, length=18, elements={
0x000002b3d4fd7800, 0x000002b3f444c000, 0x000002b3f4455000, 0x000002b3f4466800,
0x000002b3f4467800, 0x000002b3f4dd3800, 0x000002b3f4de0800, 0x000002b3f4468800,
0x000002b3f446d000, 0x000002b3f43e4800, 0x000002b3f5114800, 0x000002b3f4fd0800,
0x000002b3f4fd1000, 0x000002b3f94c5000, 0x000002b3f5fe0000, 0x000002b3f9369800,
0x000002b3f9226000, 0x000002b3f9c71800
}

Java Threads: ( => current thread )
  0x000002b3d4fd7800 JavaThread "main" [_thread_in_Java, id=4004, stack(0x000000f1fd600000,0x000000f1fd700000)]
  0x000002b3f444c000 JavaThread "Reference Handler" daemon [_thread_blocked, id=4644, stack(0x000000f1fdd00000,0x000000f1fde00000)]
  0x000002b3f4455000 JavaThread "Finalizer" daemon [_thread_blocked, id=4040, stack(0x000000f1fde00000,0x000000f1fdf00000)]
  0x000002b3f4466800 JavaThread "Signal Dispatcher" daemon [_thread_blocked, id=3620, stack(0x000000f1fdf00000,0x000000f1fe000000)]
  0x000002b3f4467800 JavaThread "Attach Listener" daemon [_thread_blocked, id=3912, stack(0x000000f1fe000000,0x000000f1fe100000)]
  0x000002b3f4dd3800 JavaThread "Service Thread" daemon [_thread_blocked, id=3940, stack(0x000000f1fe100000,0x000000f1fe200000)]
=>0x000002b3f4de0800 JavaThread "C2 CompilerThread0" daemon [_thread_in_native, id=2524, stack(0x000000f1fe200000,0x000000f1fe300000)]
  0x000002b3f4468800 JavaThread "C1 CompilerThread0" daemon [_thread_in_native, id=7472, stack(0x000000f1fe300000,0x000000f1fe400000)]
  0x000002b3f446d000 JavaThread "Sweeper thread" daemon [_thread_blocked, id=1932, stack(0x000000f1fe400000,0x000000f1fe500000)]
  0x000002b3f43e4800 JavaThread "Common-Cleaner" daemon [_thread_blocked, id=6228, stack(0x000000f1fe500000,0x000000f1fe600000)]
  0x000002b3f5114800 JavaThread "JDWP Transport Listener: dt_socket" daemon [_thread_blocked, id=4624, stack(0x000000f1fe700000,0x000000f1fe800000)]
  0x000002b3f4fd0800 JavaThread "JDWP Event Helper Thread" daemon [_thread_blocked, id=3336, stack(0x000000f1fe800000,0x000000f1fe900000)]
  0x000002b3f4fd1000 JavaThread "JDWP Command Reader" daemon [_thread_in_native, id=6872, stack(0x000000f1fe900000,0x000000f1fea00000)]
  0x000002b3f94c5000 JavaThread "mysql-cj-abandoned-connection-cleanup" daemon [_thread_blocked, id=7344, stack(0x000000f1ff100000,0x000000f1ff200000)]
  0x000002b3f5fe0000 JavaThread "C2 CompilerThread1" daemon [_thread_in_native, id=7508, stack(0x000000f1fea00000,0x000000f1feb00000)]
  0x000002b3f9369800 JavaThread "C2 CompilerThread2" daemon [_thread_in_native, id=8016, stack(0x000000f1ff200000,0x000000f1ff300000)]
  0x000002b3f9226000 JavaThread "HikariPool-1 housekeeper" daemon [_thread_blocked, id=7196, stack(0x000000f1ff300000,0x000000f1ff400000)]
  0x000002b3f9c71800 JavaThread "HikariPool-1 connection adder" daemon [_thread_blocked, id=7736, stack(0x000000f1ff400000,0x000000f1ff500000)]

Other Threads:
  0x000002b3f442a000 VMThread "VM Thread" [stack: 0x000000f1fdc00000,0x000000f1fdd00000] [id=9052]
  0x000002b3f530c000 WatcherThread [stack: 0x000000f1fe600000,0x000000f1fe700000] [id=5916]
  0x000002b3d4fee000 GCTaskThread "GC Thread#0" [stack: 0x000000f1fd700000,0x000000f1fd800000] [id=4000]
  0x000002b3f5e40800 GCTaskThread "GC Thread#1" [stack: 0x000000f1feb00000,0x000000f1fec00000] [id=712]
  0x000002b3f5ebb000 GCTaskThread "GC Thread#2" [stack: 0x000000f1fec00000,0x000000f1fed00000] [id=4332]
  0x000002b3f7ef0800 GCTaskThread "GC Thread#3" [stack: 0x000000f1fed00000,0x000000f1fee00000] [id=5036]
  0x000002b3d5023000 ConcurrentGCThread "G1 Main Marker" [stack: 0x000000f1fd800000,0x000000f1fd900000] [id=7288]
  0x000002b3d5025000 ConcurrentGCThread "G1 Conc#0" [stack: 0x000000f1fd900000,0x000000f1fda00000] [id=4836]
  0x000002b3f78f5800 ConcurrentGCThread "G1 Conc#1" [stack: 0x000000f1fee00000,0x000000f1fef00000] [id=6812]
  0x000002b3f7ebb800 ConcurrentGCThread "G1 Conc#2" [stack: 0x000000f1fef00000,0x000000f1ff000000] [id=3088]
  0x000002b3f4293800 ConcurrentGCThread "G1 Refine#0" [stack: 0x000000f1fda00000,0x000000f1fdb00000] [id=5828]
  0x000002b3f4296000 ConcurrentGCThread "G1 Young RemSet Sampling" [stack: 0x000000f1fdb00000,0x000000f1fdc00000] [id=3148]

Threads with active compile tasks:
C2 CompilerThread0  10147 5321       4       org.springframework.core.annotation.AnnotationsScanner::getDeclaredAnnotations (166 bytes)
C1 CompilerThread0  10147 5600       3       org.springframework.data.repository.core.support.DefaultRepositoryInformation::isQueryAnnotationPresentOn (15 bytes)
C2 CompilerThread1  10147 5372       4       org.springframework.core.annotation.TypeMappedAnnotations::get (52 bytes)
C2 CompilerThread2  10147 5451       4       org.springframework.core.annotation.AnnotationsScanner::isKnownEmpty (60 bytes)

VM state:not at safepoint (normal execution)

VM Mutex/Monitor currently owned by a thread: None

Heap address: 0x0000000081200000, size: 2030 MB, Compressed Oops mode: 32-bit
Narrow klass base: 0x0000000000000000, Narrow klass shift: 3
Compressed class space size: 1073741824 Address: 0x0000000100000000

Heap:
 garbage-first heap   total 157696K, used 60736K [0x0000000081200000, 0x0000000100000000)
  region size 1024K, 47 young (48128K), 7 survivors (7168K)
 Metaspace       used 58095K, capacity 59646K, committed 59984K, reserved 1101824K
  class space    used 7412K, capacity 8014K, committed 8112K, reserved 1048576K
Heap Regions: E=young(eden), S=young(survivor), O=old, HS=humongous(starts), HC=humongous(continues), CS=collection set, F=free, A=archive, TAMS=top-at-mark-start (previous, next)
|   0|0x0000000081200000, 0x0000000081300000, 0x0000000081300000|100%|HS|  |TAMS 0x0000000081300000, 0x0000000081200000| Complete 
|   1|0x0000000081300000, 0x0000000081400000, 0x0000000081400000|100%| O|  |TAMS 0x0000000081400000, 0x0000000081300000| Untracked 
|   2|0x0000000081400000, 0x0000000081500000, 0x0000000081500000|100%| O|  |TAMS 0x0000000081500000, 0x0000000081400000| Untracked 
|   3|0x0000000081500000, 0x0000000081600000, 0x0000000081600000|100%| O|  |TAMS 0x0000000081600000, 0x0000000081500000| Untracked 
|   4|0x0000000081600000, 0x0000000081700000, 0x0000000081700000|100%| O|  |TAMS 0x0000000081700000, 0x0000000081600000| Untracked 
|   5|0x0000000081700000, 0x0000000081800000, 0x0000000081800000|100%| O|  |TAMS 0x0000000081800000, 0x0000000081700000| Untracked 
|   6|0x0000000081800000, 0x0000000081900000, 0x0000000081900000|100%| O|  |TAMS 0x0000000081900000, 0x0000000081800000| Untracked 
|   7|0x0000000081900000, 0x0000000081a00000, 0x0000000081a00000|100%| O|  |TAMS 0x0000000081a00000, 0x0000000081900000| Untracked 
|   8|0x0000000081a00000, 0x0000000081b00000, 0x0000000081b00000|100%| O|  |TAMS 0x0000000081a82600, 0x0000000081a00000| Untracked 
|   9|0x0000000081b00000, 0x0000000081c00000, 0x0000000081c00000|100%| O|  |TAMS 0x0000000081b00000, 0x0000000081b00000| Untracked 
|  10|0x0000000081c00000, 0x0000000081d00000, 0x0000000081d00000|100%| O|  |TAMS 0x0000000081c00000, 0x0000000081c00000| Untracked 
|  11|0x0000000081d00000, 0x0000000081e00000, 0x0000000081e00000|100%| O|  |TAMS 0x0000000081d00000, 0x0000000081d00000| Untracked 
|  12|0x0000000081e00000, 0x0000000081f00000, 0x0000000081f00000|100%| O|  |TAMS 0x0000000081e00000, 0x0000000081e00000| Untracked 
|  13|0x0000000081f00000, 0x0000000081f50200, 0x0000000082000000| 31%| O|  |TAMS 0x0000000081f00000, 0x0000000081f00000| Untracked 
|  14|0x0000000082000000, 0x0000000082000000, 0x0000000082100000|  0%| F|  |TAMS 0x0000000082000000, 0x0000000082000000| Untracked 
|  15|0x0000000082100000, 0x0000000082100000, 0x0000000082200000|  0%| F|  |TAMS 0x0000000082100000, 0x0000000082100000| Untracked 
|  16|0x0000000082200000, 0x0000000082200000, 0x0000000082300000|  0%| F|  |TAMS 0x0000000082200000, 0x0000000082200000| Untracked 
|  17|0x0000000082300000, 0x0000000082300000, 0x0000000082400000|  0%| F|  |TAMS 0x0000000082300000, 0x0000000082300000| Untracked 
|  18|0x0000000082400000, 0x0000000082400000, 0x0000000082500000|  0%| F|  |TAMS 0x0000000082400000, 0x0000000082400000| Untracked 
|  19|0x0000000082500000, 0x0000000082500000, 0x0000000082600000|  0%| F|  |TAMS 0x0000000082500000, 0x0000000082500000| Untracked 
|  20|0x0000000082600000, 0x0000000082600000, 0x0000000082700000|  0%| F|  |TAMS 0x0000000082600000, 0x0000000082600000| Untracked 
|  21|0x0000000082700000, 0x0000000082700000, 0x0000000082800000|  0%| F|  |TAMS 0x0000000082700000, 0x0000000082700000| Untracked 
|  22|0x0000000082800000, 0x0000000082800000, 0x0000000082900000|  0%| F|  |TAMS 0x0000000082800000, 0x0000000082800000| Untracked 
|  23|0x0000000082900000, 0x0000000082900000, 0x0000000082a00000|  0%| F|  |TAMS 0x0000000082900000, 0x0000000082900000| Untracked 
|  24|0x0000000082a00000, 0x0000000082a00000, 0x0000000082b00000|  0%| F|  |TAMS 0x0000000082a00000, 0x0000000082a00000| Untracked 
|  25|0x0000000082b00000, 0x0000000082b00000, 0x0000000082c00000|  0%| F|  |TAMS 0x0000000082b00000, 0x0000000082b00000| Untracked 
|  26|0x0000000082c00000, 0x0000000082c00000, 0x0000000082d00000|  0%| F|  |TAMS 0x0000000082c00000, 0x0000000082c00000| Untracked 
|  27|0x0000000082d00000, 0x0000000082d00000, 0x0000000082e00000|  0%| F|  |TAMS 0x0000000082d00000, 0x0000000082d00000| Untracked 
|  28|0x0000000082e00000, 0x0000000082e00000, 0x0000000082f00000|  0%| F|  |TAMS 0x0000000082e00000, 0x0000000082e00000| Untracked 
|  29|0x0000000082f00000, 0x0000000082f00000, 0x0000000083000000|  0%| F|  |TAMS 0x0000000082f00000, 0x0000000082f00000| Untracked 
|  30|0x0000000083000000, 0x0000000083000000, 0x0000000083100000|  0%| F|  |TAMS 0x0000000083000000, 0x0000000083000000| Untracked 
|  31|0x0000000083100000, 0x0000000083100000, 0x0000000083200000|  0%| F|  |TAMS 0x0000000083100000, 0x0000000083100000| Untracked 
|  32|0x0000000083200000, 0x0000000083200000, 0x0000000083300000|  0%| F|  |TAMS 0x0000000083200000, 0x0000000083200000| Untracked 
|  33|0x0000000083300000, 0x0000000083300000, 0x0000000083400000|  0%| F|  |TAMS 0x0000000083300000, 0x0000000083300000| Untracked 
|  34|0x0000000083400000, 0x0000000083400000, 0x0000000083500000|  0%| F|  |TAMS 0x0000000083400000, 0x0000000083400000| Untracked 
|  35|0x0000000083500000, 0x0000000083500000, 0x0000000083600000|  0%| F|  |TAMS 0x0000000083500000, 0x0000000083500000| Untracked 
|  36|0x0000000083600000, 0x0000000083600000, 0x0000000083700000|  0%| F|  |TAMS 0x0000000083600000, 0x0000000083600000| Untracked 
|  37|0x0000000083700000, 0x0000000083700000, 0x0000000083800000|  0%| F|  |TAMS 0x0000000083700000, 0x0000000083700000| Untracked 
|  38|0x0000000083800000, 0x0000000083800000, 0x0000000083900000|  0%| F|  |TAMS 0x0000000083800000, 0x0000000083800000| Untracked 
|  39|0x0000000083900000, 0x0000000083900000, 0x0000000083a00000|  0%| F|  |TAMS 0x0000000083900000, 0x0000000083900000| Untracked 
|  40|0x0000000083a00000, 0x0000000083a00000, 0x0000000083b00000|  0%| F|  |TAMS 0x0000000083a00000, 0x0000000083a00000| Untracked 
|  41|0x0000000083b00000, 0x0000000083b00000, 0x0000000083c00000|  0%| F|  |TAMS 0x0000000083b00000, 0x0000000083b00000| Untracked 
|  42|0x0000000083c00000, 0x0000000083c00000, 0x0000000083d00000|  0%| F|  |TAMS 0x0000000083c00000, 0x0000000083c00000| Untracked 
|  43|0x0000000083d00000, 0x0000000083d00000, 0x0000000083e00000|  0%| F|  |TAMS 0x0000000083d00000, 0x0000000083d00000| Untracked 
|  44|0x0000000083e00000, 0x0000000083e00000, 0x0000000083f00000|  0%| F|  |TAMS 0x0000000083e00000, 0x0000000083e00000| Untracked 
|  45|0x0000000083f00000, 0x0000000083f00000, 0x0000000084000000|  0%| F|  |TAMS 0x0000000083f00000, 0x0000000083f00000| Untracked 
|  46|0x0000000084000000, 0x0000000084000000, 0x0000000084100000|  0%| F|  |TAMS 0x0000000084000000, 0x0000000084000000| Untracked 
|  47|0x0000000084100000, 0x0000000084100000, 0x0000000084200000|  0%| F|  |TAMS 0x0000000084100000, 0x0000000084100000| Untracked 
|  48|0x0000000084200000, 0x0000000084200000, 0x0000000084300000|  0%| F|  |TAMS 0x0000000084200000, 0x0000000084200000| Untracked 
|  49|0x0000000084300000, 0x0000000084300000, 0x0000000084400000|  0%| F|  |TAMS 0x0000000084300000, 0x0000000084300000| Untracked 
|  50|0x0000000084400000, 0x0000000084400000, 0x0000000084500000|  0%| F|  |TAMS 0x0000000084400000, 0x0000000084400000| Untracked 
|  51|0x0000000084500000, 0x0000000084500000, 0x0000000084600000|  0%| F|  |TAMS 0x0000000084500000, 0x0000000084500000| Untracked 
|  52|0x0000000084600000, 0x0000000084600000, 0x0000000084700000|  0%| F|  |TAMS 0x0000000084600000, 0x0000000084600000| Untracked 
|  53|0x0000000084700000, 0x0000000084700000, 0x0000000084800000|  0%| F|  |TAMS 0x0000000084700000, 0x0000000084700000| Untracked 
|  54|0x0000000084800000, 0x0000000084900000, 0x0000000084900000|100%| S|CS|TAMS 0x0000000084800000, 0x0000000084800000| Complete 
|  55|0x0000000084900000, 0x0000000084a00000, 0x0000000084a00000|100%| S|CS|TAMS 0x0000000084900000, 0x0000000084900000| Complete 
|  56|0x0000000084a00000, 0x0000000084b00000, 0x0000000084b00000|100%| S|CS|TAMS 0x0000000084a00000, 0x0000000084a00000| Complete 
|  57|0x0000000084b00000, 0x0000000084c00000, 0x0000000084c00000|100%| S|CS|TAMS 0x0000000084b00000, 0x0000000084b00000| Complete 
|  58|0x0000000084c00000, 0x0000000084d00000, 0x0000000084d00000|100%| S|CS|TAMS 0x0000000084c00000, 0x0000000084c00000| Complete 
|  59|0x0000000084d00000, 0x0000000084e00000, 0x0000000084e00000|100%| S|CS|TAMS 0x0000000084d00000, 0x0000000084d00000| Complete 
|  60|0x0000000084e00000, 0x0000000084f00000, 0x0000000084f00000|100%| S|CS|TAMS 0x0000000084e00000, 0x0000000084e00000| Complete 
|  61|0x0000000084f00000, 0x0000000084f00000, 0x0000000085000000|  0%| F|  |TAMS 0x0000000084f00000, 0x0000000084f00000| Untracked 
|  62|0x0000000085000000, 0x0000000085000000, 0x0000000085100000|  0%| F|  |TAMS 0x0000000085000000, 0x0000000085000000| Untracked 
|  63|0x0000000085100000, 0x0000000085100000, 0x0000000085200000|  0%| F|  |TAMS 0x0000000085100000, 0x0000000085100000| Untracked 
|  64|0x0000000085200000, 0x0000000085200000, 0x0000000085300000|  0%| F|  |TAMS 0x0000000085200000, 0x0000000085200000| Untracked 
|  65|0x0000000085300000, 0x0000000085300000, 0x0000000085400000|  0%| F|  |TAMS 0x0000000085300000, 0x0000000085300000| Untracked 
|  66|0x0000000085400000, 0x0000000085400000, 0x0000000085500000|  0%| F|  |TAMS 0x0000000085400000, 0x0000000085400000| Untracked 
|  67|0x0000000085500000, 0x0000000085500000, 0x0000000085600000|  0%| F|  |TAMS 0x0000000085500000, 0x0000000085500000| Untracked 
|  68|0x0000000085600000, 0x0000000085600000, 0x0000000085700000|  0%| F|  |TAMS 0x0000000085600000, 0x0000000085600000| Untracked 
|  69|0x0000000085700000, 0x0000000085700000, 0x0000000085800000|  0%| F|  |TAMS 0x0000000085700000, 0x0000000085700000| Untracked 
|  70|0x0000000085800000, 0x0000000085800000, 0x0000000085900000|  0%| F|  |TAMS 0x0000000085800000, 0x0000000085800000| Untracked 
|  71|0x0000000085900000, 0x0000000085900000, 0x0000000085a00000|  0%| F|  |TAMS 0x0000000085900000, 0x0000000085900000| Untracked 
|  72|0x0000000085a00000, 0x0000000085a00000, 0x0000000085b00000|  0%| F|  |TAMS 0x0000000085a00000, 0x0000000085a00000| Untracked 
|  73|0x0000000085b00000, 0x0000000085b00000, 0x0000000085c00000|  0%| F|  |TAMS 0x0000000085b00000, 0x0000000085b00000| Untracked 
|  74|0x0000000085c00000, 0x0000000085c00000, 0x0000000085d00000|  0%| F|  |TAMS 0x0000000085c00000, 0x0000000085c00000| Untracked 
|  75|0x0000000085d00000, 0x0000000085d00000, 0x0000000085e00000|  0%| F|  |TAMS 0x0000000085d00000, 0x0000000085d00000| Untracked 
|  76|0x0000000085e00000, 0x0000000085e00000, 0x0000000085f00000|  0%| F|  |TAMS 0x0000000085e00000, 0x0000000085e00000| Untracked 
|  77|0x0000000085f00000, 0x0000000085f00000, 0x0000000086000000|  0%| F|  |TAMS 0x0000000085f00000, 0x0000000085f00000| Untracked 
|  78|0x0000000086000000, 0x0000000086000000, 0x0000000086100000|  0%| F|  |TAMS 0x0000000086000000, 0x0000000086000000| Untracked 
|  79|0x0000000086100000, 0x0000000086100000, 0x0000000086200000|  0%| F|  |TAMS 0x0000000086100000, 0x0000000086100000| Untracked 
|  80|0x0000000086200000, 0x0000000086200000, 0x0000000086300000|  0%| F|  |TAMS 0x0000000086200000, 0x0000000086200000| Untracked 
|  81|0x0000000086300000, 0x0000000086300000, 0x0000000086400000|  0%| F|  |TAMS 0x0000000086300000, 0x0000000086300000| Untracked 
|  82|0x0000000086400000, 0x0000000086400000, 0x0000000086500000|  0%| F|  |TAMS 0x0000000086400000, 0x0000000086400000| Untracked 
|  83|0x0000000086500000, 0x0000000086500000, 0x0000000086600000|  0%| F|  |TAMS 0x0000000086500000, 0x0000000086500000| Untracked 
|  84|0x0000000086600000, 0x0000000086600000, 0x0000000086700000|  0%| F|  |TAMS 0x0000000086600000, 0x0000000086600000| Untracked 
|  85|0x0000000086700000, 0x0000000086700000, 0x0000000086800000|  0%| F|  |TAMS 0x0000000086700000, 0x0000000086700000| Untracked 
|  86|0x0000000086800000, 0x0000000086800000, 0x0000000086900000|  0%| F|  |TAMS 0x0000000086800000, 0x0000000086800000| Untracked 
|  87|0x0000000086900000, 0x0000000086900000, 0x0000000086a00000|  0%| F|  |TAMS 0x0000000086900000, 0x0000000086900000| Untracked 
|  88|0x0000000086a00000, 0x0000000086a00000, 0x0000000086b00000|  0%| F|  |TAMS 0x0000000086a00000, 0x0000000086a00000| Untracked 
|  89|0x0000000086b00000, 0x0000000086b00000, 0x0000000086c00000|  0%| F|  |TAMS 0x0000000086b00000, 0x0000000086b00000| Untracked 
|  90|0x0000000086c00000, 0x0000000086c00000, 0x0000000086d00000|  0%| F|  |TAMS 0x0000000086c00000, 0x0000000086c00000| Untracked 
|  91|0x0000000086d00000, 0x0000000086d00000, 0x0000000086e00000|  0%| F|  |TAMS 0x0000000086d00000, 0x0000000086d00000| Untracked 
|  92|0x0000000086e00000, 0x0000000086e00000, 0x0000000086f00000|  0%| F|  |TAMS 0x0000000086e00000, 0x0000000086e00000| Untracked 
|  93|0x0000000086f00000, 0x0000000086f00000, 0x0000000087000000|  0%| F|  |TAMS 0x0000000086f00000, 0x0000000086f00000| Untracked 
|  94|0x0000000087000000, 0x0000000087000000, 0x0000000087100000|  0%| F|  |TAMS 0x0000000087000000, 0x0000000087000000| Untracked 
|  95|0x0000000087100000, 0x0000000087100000, 0x0000000087200000|  0%| F|  |TAMS 0x0000000087100000, 0x0000000087100000| Untracked 
|  96|0x0000000087200000, 0x0000000087200000, 0x0000000087300000|  0%| F|  |TAMS 0x0000000087200000, 0x0000000087200000| Untracked 
|  97|0x0000000087300000, 0x0000000087300000, 0x0000000087400000|  0%| F|  |TAMS 0x0000000087300000, 0x0000000087300000| Untracked 
|  98|0x0000000087400000, 0x0000000087400000, 0x0000000087500000|  0%| F|  |TAMS 0x0000000087400000, 0x0000000087400000| Untracked 
|  99|0x0000000087500000, 0x0000000087500000, 0x0000000087600000|  0%| F|  |TAMS 0x0000000087500000, 0x0000000087500000| Untracked 
| 100|0x0000000087600000, 0x0000000087600000, 0x0000000087700000|  0%| F|  |TAMS 0x0000000087600000, 0x0000000087600000| Untracked 
| 101|0x0000000087700000, 0x0000000087700000, 0x0000000087800000|  0%| F|  |TAMS 0x0000000087700000, 0x0000000087700000| Untracked 
| 102|0x0000000087800000, 0x0000000087800000, 0x0000000087900000|  0%| F|  |TAMS 0x0000000087800000, 0x0000000087800000| Untracked 
| 103|0x0000000087900000, 0x0000000087900000, 0x0000000087a00000|  0%| F|  |TAMS 0x0000000087900000, 0x0000000087900000| Untracked 
| 104|0x0000000087a00000, 0x0000000087a00000, 0x0000000087b00000|  0%| F|  |TAMS 0x0000000087a00000, 0x0000000087a00000| Untracked 
| 105|0x0000000087b00000, 0x0000000087b00000, 0x0000000087c00000|  0%| F|  |TAMS 0x0000000087b00000, 0x0000000087b00000| Untracked 
| 106|0x0000000087c00000, 0x0000000087c00000, 0x0000000087d00000|  0%| F|  |TAMS 0x0000000087c00000, 0x0000000087c00000| Untracked 
| 107|0x0000000087d00000, 0x0000000087d00000, 0x0000000087e00000|  0%| F|  |TAMS 0x0000000087d00000, 0x0000000087d00000| Untracked 
| 108|0x0000000087e00000, 0x0000000087e00000, 0x0000000087f00000|  0%| F|  |TAMS 0x0000000087e00000, 0x0000000087e00000| Untracked 
| 109|0x0000000087f00000, 0x0000000087f00000, 0x0000000088000000|  0%| F|  |TAMS 0x0000000087f00000, 0x0000000087f00000| Untracked 
| 110|0x0000000088000000, 0x0000000088000000, 0x0000000088100000|  0%| F|  |TAMS 0x0000000088000000, 0x0000000088000000| Untracked 
| 111|0x0000000088100000, 0x0000000088100000, 0x0000000088200000|  0%| F|  |TAMS 0x0000000088100000, 0x0000000088100000| Untracked 
| 112|0x0000000088200000, 0x0000000088200000, 0x0000000088300000|  0%| F|  |TAMS 0x0000000088200000, 0x0000000088200000| Untracked 
| 113|0x0000000088300000, 0x0000000088300000, 0x0000000088400000|  0%| F|  |TAMS 0x0000000088300000, 0x0000000088300000| Untracked 
| 114|0x0000000088400000, 0x0000000088480800, 0x0000000088500000| 50%| E|  |TAMS 0x0000000088400000, 0x0000000088400000| Complete 
| 115|0x0000000088500000, 0x0000000088600000, 0x0000000088600000|100%| E|CS|TAMS 0x0000000088500000, 0x0000000088500000| Complete 
| 116|0x0000000088600000, 0x0000000088700000, 0x0000000088700000|100%| E|CS|TAMS 0x0000000088600000, 0x0000000088600000| Complete 
| 117|0x0000000088700000, 0x0000000088800000, 0x0000000088800000|100%| E|CS|TAMS 0x0000000088700000, 0x0000000088700000| Complete 
| 118|0x0000000088800000, 0x0000000088900000, 0x0000000088900000|100%| E|CS|TAMS 0x0000000088800000, 0x0000000088800000| Complete 
| 119|0x0000000088900000, 0x0000000088a00000, 0x0000000088a00000|100%| E|CS|TAMS 0x0000000088900000, 0x0000000088900000| Complete 
| 120|0x0000000088a00000, 0x0000000088b00000, 0x0000000088b00000|100%| E|CS|TAMS 0x0000000088a00000, 0x0000000088a00000| Complete 
| 121|0x0000000088b00000, 0x0000000088c00000, 0x0000000088c00000|100%| E|CS|TAMS 0x0000000088b00000, 0x0000000088b00000| Complete 
| 122|0x0000000088c00000, 0x0000000088d00000, 0x0000000088d00000|100%| E|CS|TAMS 0x0000000088c00000, 0x0000000088c00000| Complete 
| 123|0x0000000088d00000, 0x0000000088e00000, 0x0000000088e00000|100%| E|CS|TAMS 0x0000000088d00000, 0x0000000088d00000| Complete 
| 124|0x0000000088e00000, 0x0000000088f00000, 0x0000000088f00000|100%| E|CS|TAMS 0x0000000088e00000, 0x0000000088e00000| Complete 
| 125|0x0000000088f00000, 0x0000000089000000, 0x0000000089000000|100%| E|CS|TAMS 0x0000000088f00000, 0x0000000088f00000| Complete 
| 126|0x0000000089000000, 0x0000000089100000, 0x0000000089100000|100%| E|CS|TAMS 0x0000000089000000, 0x0000000089000000| Complete 
| 127|0x0000000089100000, 0x0000000089200000, 0x0000000089200000|100%| E|CS|TAMS 0x0000000089100000, 0x0000000089100000| Complete 
| 128|0x0000000089200000, 0x0000000089300000, 0x0000000089300000|100%| E|CS|TAMS 0x0000000089200000, 0x0000000089200000| Complete 
| 129|0x0000000089300000, 0x0000000089400000, 0x0000000089400000|100%| E|CS|TAMS 0x0000000089300000, 0x0000000089300000| Complete 
| 130|0x0000000089400000, 0x0000000089500000, 0x0000000089500000|100%| E|CS|TAMS 0x0000000089400000, 0x0000000089400000| Complete 
| 131|0x0000000089500000, 0x0000000089600000, 0x0000000089600000|100%| E|CS|TAMS 0x0000000089500000, 0x0000000089500000| Complete 
| 132|0x0000000089600000, 0x0000000089700000, 0x0000000089700000|100%| E|CS|TAMS 0x0000000089600000, 0x0000000089600000| Complete 
| 133|0x0000000089700000, 0x0000000089800000, 0x0000000089800000|100%| E|CS|TAMS 0x0000000089700000, 0x0000000089700000| Complete 
| 134|0x0000000089800000, 0x0000000089900000, 0x0000000089900000|100%| E|CS|TAMS 0x0000000089800000, 0x0000000089800000| Complete 
| 135|0x0000000089900000, 0x0000000089a00000, 0x0000000089a00000|100%| E|CS|TAMS 0x0000000089900000, 0x0000000089900000| Complete 
| 136|0x0000000089a00000, 0x0000000089b00000, 0x0000000089b00000|100%| E|CS|TAMS 0x0000000089a00000, 0x0000000089a00000| Complete 
| 137|0x0000000089b00000, 0x0000000089c00000, 0x0000000089c00000|100%| E|CS|TAMS 0x0000000089b00000, 0x0000000089b00000| Complete 
| 138|0x0000000089c00000, 0x0000000089d00000, 0x0000000089d00000|100%| E|CS|TAMS 0x0000000089c00000, 0x0000000089c00000| Complete 
| 139|0x0000000089d00000, 0x0000000089e00000, 0x0000000089e00000|100%| E|CS|TAMS 0x0000000089d00000, 0x0000000089d00000| Complete 
| 140|0x0000000089e00000, 0x0000000089f00000, 0x0000000089f00000|100%| E|CS|TAMS 0x0000000089e00000, 0x0000000089e00000| Complete 
| 141|0x0000000089f00000, 0x000000008a000000, 0x000000008a000000|100%| E|CS|TAMS 0x0000000089f00000, 0x0000000089f00000| Complete 
| 142|0x000000008a000000, 0x000000008a100000, 0x000000008a100000|100%| E|CS|TAMS 0x000000008a000000, 0x000000008a000000| Complete 
| 143|0x000000008a100000, 0x000000008a200000, 0x000000008a200000|100%| E|CS|TAMS 0x000000008a100000, 0x000000008a100000| Complete 
| 144|0x000000008a200000, 0x000000008a300000, 0x000000008a300000|100%| E|CS|TAMS 0x000000008a200000, 0x000000008a200000| Complete 
| 145|0x000000008a300000, 0x000000008a400000, 0x000000008a400000|100%| E|CS|TAMS 0x000000008a300000, 0x000000008a300000| Complete 
| 146|0x000000008a400000, 0x000000008a500000, 0x000000008a500000|100%| E|CS|TAMS 0x000000008a400000, 0x000000008a400000| Complete 
| 147|0x000000008a500000, 0x000000008a600000, 0x000000008a600000|100%| E|CS|TAMS 0x000000008a500000, 0x000000008a500000| Complete 
| 148|0x000000008a600000, 0x000000008a700000, 0x000000008a700000|100%| E|CS|TAMS 0x000000008a600000, 0x000000008a600000| Complete 
| 149|0x000000008a700000, 0x000000008a800000, 0x000000008a800000|100%| E|CS|TAMS 0x000000008a700000, 0x000000008a700000| Complete 
| 150|0x000000008a800000, 0x000000008a900000, 0x000000008a900000|100%| E|CS|TAMS 0x000000008a800000, 0x000000008a800000| Complete 
| 151|0x000000008a900000, 0x000000008aa00000, 0x000000008aa00000|100%| E|CS|TAMS 0x000000008a900000, 0x000000008a900000| Complete 
| 152|0x000000008aa00000, 0x000000008ab00000, 0x000000008ab00000|100%| E|CS|TAMS 0x000000008aa00000, 0x000000008aa00000| Complete 
| 153|0x000000008ab00000, 0x000000008ac00000, 0x000000008ac00000|100%| E|CS|TAMS 0x000000008ab00000, 0x000000008ab00000| Complete 

Card table byte_map: [0x000002b3ed050000,0x000002b3ed450000] _byte_map_base: 0x000002b3ecc47000

Marking Bits (Prev, Next): (CMBitMap*) 0x000002b3d501a3a8, (CMBitMap*) 0x000002b3d501a3e0
 Prev Bits: [0x000002b3ed850000, 0x000002b3ef808000)
 Next Bits: [0x000002b3ef810000, 0x000002b3f17c8000)

Polling page: 0x000002b3d2d00000

Metaspace:

Usage:
  Non-class:     50.42 MB capacity,    49.50 MB ( 98%) used,   755.51 KB (  1%) free+waste,   191.69 KB ( <1%) overhead. 
      Class:      7.83 MB capacity,     7.24 MB ( 92%) used,   512.91 KB (  6%) free+waste,    88.69 KB (  1%) overhead. 
       Both:     58.25 MB capacity,    56.74 MB ( 97%) used,     1.24 MB (  2%) free+waste,   280.38 KB ( <1%) overhead. 

Virtual space:
  Non-class space:       52.00 MB reserved,      50.66 MB ( 97%) committed 
      Class space:        1.00 GB reserved,       7.92 MB ( <1%) committed 
             Both:        1.05 GB reserved,      58.58 MB (  5%) committed 

Chunk freelists:
   Non-Class:  46.00 KB
       Class:  0 bytes
        Both:  46.00 KB

MaxMetaspaceSize: 17179869184.00 GB
CompressedClassSpaceSize: 1.00 GB
Initial GC threshold: 20.80 MB
Current GC threshold: 58.88 MB
CDS: off

CodeHeap 'non-profiled nmethods': size=120000Kb used=3322Kb max_used=3322Kb free=116677Kb
 bounds [0x000002b3e51c0000, 0x000002b3e5500000, 0x000002b3ec6f0000]
CodeHeap 'profiled nmethods': size=120000Kb used=12762Kb max_used=12762Kb free=107237Kb
 bounds [0x000002b3ddc90000, 0x000002b3de910000, 0x000002b3e51c0000]
CodeHeap 'non-nmethods': size=5760Kb used=1376Kb max_used=1438Kb free=4383Kb
 bounds [0x000002b3dd6f0000, 0x000002b3dd960000, 0x000002b3ddc90000]
 total_blobs=6169 nmethods=5585 adapters=504
 compilation: enabled
              stopped_count=0, restarted_count=0
 full_count=0

Compilation events (20 events):
Event: 10.075 Thread 0x000002b3f4468800 5558       3       com.sun.beans.util.Cache$Kind$2::create (27 bytes)
Event: 10.076 Thread 0x000002b3f4468800 nmethod 5558 0x000002b3de8ebf90 code [0x000002b3de8ec180, 0x000002b3de8ec6e8]
Event: 10.076 Thread 0x000002b3f4468800 5559       1       org.springframework.data.mapping.model.Property::getGetter (5 bytes)
Event: 10.077 Thread 0x000002b3f4468800 nmethod 5559 0x000002b3e54fd510 code [0x000002b3e54fd6c0, 0x000002b3e54fd778]
Event: 10.077 Thread 0x000002b3f4468800 5560       3       java.util.regex.Pattern::newSlice (181 bytes)
Event: 10.079 Thread 0x000002b3f4468800 nmethod 5560 0x000002b3de8ec890 code [0x000002b3de8ecbe0, 0x000002b3de8ee208]
Event: 10.079 Thread 0x000002b3f4468800 5561       1       org.hibernate.metamodel.model.domain.internal.SingularAttributeImpl::isId (5 bytes)
Event: 10.079 Thread 0x000002b3f4468800 nmethod 5561 0x000002b3e54fd810 code [0x000002b3e54fd9c0, 0x000002b3e54fda78]
Event: 10.080 Thread 0x000002b3f4468800 5562       3       java.lang.reflect.Field::equals (57 bytes)
Event: 10.080 Thread 0x000002b3f4468800 nmethod 5562 0x000002b3de8eea10 code [0x000002b3de8eebe0, 0x000002b3de8ef098]
Event: 10.080 Thread 0x000002b3f4468800 5563       3       java.util.regex.Pattern::skip (23 bytes)
Event: 10.080 Thread 0x000002b3f4468800 nmethod 5563 0x000002b3de8ef190 code [0x000002b3de8ef340, 0x000002b3de8ef478]
Event: 10.081 Thread 0x000002b3f4468800 5564       1       org.springframework.data.mapping.model.Property::getSetter (5 bytes)
Event: 10.081 Thread 0x000002b3f4468800 nmethod 5564 0x000002b3e54fdb10 code [0x000002b3e54fdcc0, 0x000002b3e54fdd78]
Event: 10.081 Thread 0x000002b3f4468800 5565       1       org.springframework.data.mapping.model.Property::getField (5 bytes)
Event: 10.081 Thread 0x000002b3f4468800 nmethod 5565 0x000002b3e54fde10 code [0x000002b3e54fdfc0, 0x000002b3e54fe078]
Event: 10.082 Thread 0x000002b3f4468800 5566       3       sun.reflect.generics.reflectiveObjects.ParameterizedTypeImpl::equals (81 bytes)
Event: 10.083 Thread 0x000002b3f4468800 nmethod 5566 0x000002b3de8ef590 code [0x000002b3de8ef7e0, 0x000002b3de8f0348]
Event: 10.095 Thread 0x000002b3f4468800 5567       2       java.util.IdentityHashMap::nextKeyIndex (15 bytes)
Event: 10.095 Thread 0x000002b3f4468800 nmethod 5567 0x000002b3de8f0590 code [0x000002b3de8f0740, 0x000002b3de8f0838]

GC Heap History (14 events):
Event: 2.047 GC heap before
{Heap before GC invocations=0 (full 0):
 garbage-first heap   total 131072K, used 24576K [0x0000000081200000, 0x0000000100000000)
  region size 1024K, 24 young (24576K), 0 survivors (0K)
 Metaspace       used 10574K, capacity 10923K, committed 11264K, reserved 1058816K
  class space    used 1057K, capacity 1173K, committed 1280K, reserved 1048576K
}
Event: 2.053 GC heap after
{Heap after GC invocations=1 (full 0):
 garbage-first heap   total 131072K, used 6402K [0x0000000081200000, 0x0000000100000000)
  region size 1024K, 3 young (3072K), 3 survivors (3072K)
 Metaspace       used 10574K, capacity 10923K, committed 11264K, reserved 1058816K
  class space    used 1057K, capacity 1173K, committed 1280K, reserved 1048576K
}
Event: 3.432 GC heap before
{Heap before GC invocations=1 (full 0):
 garbage-first heap   total 131072K, used 64770K [0x0000000081200000, 0x0000000100000000)
  region size 1024K, 61 young (62464K), 3 survivors (3072K)
 Metaspace       used 20474K, capacity 21239K, committed 21296K, reserved 1069056K
  class space    used 2288K, capacity 2574K, committed 2608K, reserved 1048576K
}
Event: 3.443 GC heap after
{Heap after GC invocations=2 (full 0):
 garbage-first heap   total 131072K, used 9435K [0x0000000081200000, 0x0000000100000000)
  region size 1024K, 6 young (6144K), 6 survivors (6144K)
 Metaspace       used 20474K, capacity 21239K, committed 21296K, reserved 1069056K
  class space    used 2288K, capacity 2574K, committed 2608K, reserved 1048576K
}
Event: 3.969 GC heap before
{Heap before GC invocations=3 (full 0):
 garbage-first heap   total 131072K, used 67803K [0x0000000081200000, 0x0000000100000000)
  region size 1024K, 64 young (65536K), 6 survivors (6144K)
 Metaspace       used 25846K, capacity 26660K, committed 26800K, reserved 1073152K
  class space    used 3096K, capacity 3413K, committed 3504K, reserved 1048576K
}
Event: 3.981 GC heap after
{Heap after GC invocations=4 (full 0):
 garbage-first heap   total 131072K, used 10851K [0x0000000081200000, 0x0000000100000000)
  region size 1024K, 5 young (5120K), 5 survivors (5120K)
 Metaspace       used 25846K, capacity 26660K, committed 26800K, reserved 1073152K
  class space    used 3096K, capacity 3413K, committed 3504K, reserved 1048576K
}
Event: 5.098 GC heap before
{Heap before GC invocations=4 (full 0):
 garbage-first heap   total 131072K, used 77411K [0x0000000081200000, 0x0000000100000000)
  region size 1024K, 71 young (72704K), 5 survivors (5120K)
 Metaspace       used 30334K, capacity 31347K, committed 31536K, reserved 1077248K
  class space    used 3665K, capacity 4052K, committed 4144K, reserved 1048576K
}
Event: 5.114 GC heap after
{Heap after GC invocations=5 (full 0):
 garbage-first heap   total 131072K, used 12601K [0x0000000081200000, 0x0000000100000000)
  region size 1024K, 7 young (7168K), 7 survivors (7168K)
 Metaspace       used 30334K, capacity 31347K, committed 31536K, reserved 1077248K
  class space    used 3665K, capacity 4052K, committed 4144K, reserved 1048576K
}
Event: 5.931 GC heap before
{Heap before GC invocations=5 (full 0):
 garbage-first heap   total 131072K, used 50489K [0x0000000081200000, 0x0000000100000000)
  region size 1024K, 45 young (46080K), 7 survivors (7168K)
 Metaspace       used 34648K, capacity 35791K, committed 35920K, reserved 1081344K
  class space    used 4282K, capacity 4740K, committed 4784K, reserved 1048576K
}
Event: 5.949 GC heap after
{Heap after GC invocations=6 (full 0):
 garbage-first heap   total 131072K, used 14539K [0x0000000081200000, 0x0000000100000000)
  region size 1024K, 6 young (6144K), 6 survivors (6144K)
 Metaspace       used 34648K, capacity 35791K, committed 35920K, reserved 1081344K
  class space    used 4282K, capacity 4740K, committed 4784K, reserved 1048576K
}
Event: 7.462 GC heap before
{Heap before GC invocations=7 (full 0):
 garbage-first heap   total 131072K, used 85195K [0x0000000081200000, 0x0000000100000000)
  region size 1024K, 76 young (77824K), 6 survivors (6144K)
 Metaspace       used 46772K, capacity 48106K, committed 48464K, reserved 1091584K
  class space    used 5923K, capacity 6437K, committed 6576K, reserved 1048576K
}
Event: 7.478 GC heap after
{Heap after GC invocations=8 (full 0):
 garbage-first heap   total 131072K, used 17811K [0x0000000081200000, 0x0000000100000000)
  region size 1024K, 9 young (9216K), 9 survivors (9216K)
 Metaspace       used 46772K, capacity 48106K, committed 48464K, reserved 1091584K
  class space    used 5923K, capacity 6437K, committed 6576K, reserved 1048576K
}
Event: 8.857 GC heap before
{Heap before GC invocations=8 (full 0):
 garbage-first heap   total 131072K, used 85395K [0x0000000081200000, 0x0000000100000000)
  region size 1024K, 76 young (77824K), 9 survivors (9216K)
 Metaspace       used 54412K, capacity 55743K, committed 55888K, reserved 1097728K
  class space    used 6960K, capacity 7504K, committed 7600K, reserved 1048576K
}
Event: 8.876 GC heap after
{Heap after GC invocations=9 (full 0):
 garbage-first heap   total 157696K, used 20800K [0x0000000081200000, 0x0000000100000000)
  region size 1024K, 7 young (7168K), 7 survivors (7168K)
 Metaspace       used 54412K, capacity 55743K, committed 55888K, reserved 1097728K
  class space    used 6960K, capacity 7504K, committed 7600K, reserved 1048576K
}

Deoptimization events (20 events):
Event: 10.073 Thread 0x000002b3d4fd7800 DEOPT PACKING pc=0x000002b3e54f1f74 sp=0x000000f1fd6fb110
Event: 10.073 Thread 0x000002b3d4fd7800 DEOPT UNPACKING pc=0x000002b3dd73a95e sp=0x000000f1fd6fa5a0 mode 1
Event: 10.073 Thread 0x000002b3d4fd7800 DEOPT PACKING pc=0x000002b3ddfb8c0c sp=0x000000f1fd6fb0f0
Event: 10.073 Thread 0x000002b3d4fd7800 DEOPT UNPACKING pc=0x000002b3dd73a95e sp=0x000000f1fd6fa5c0 mode 1
Event: 10.074 Thread 0x000002b3d4fd7800 DEOPT PACKING pc=0x000002b3e54f1f74 sp=0x000000f1fd6fb280
Event: 10.074 Thread 0x000002b3d4fd7800 DEOPT UNPACKING pc=0x000002b3dd73a95e sp=0x000000f1fd6fa710 mode 1
Event: 10.074 Thread 0x000002b3d4fd7800 DEOPT PACKING pc=0x000002b3e54f1f74 sp=0x000000f1fd6fb220
Event: 10.074 Thread 0x000002b3d4fd7800 DEOPT UNPACKING pc=0x000002b3dd73a95e sp=0x000000f1fd6fa6b0 mode 1
Event: 10.074 Thread 0x000002b3d4fd7800 DEOPT PACKING pc=0x000002b3ddfb8c0c sp=0x000000f1fd6fb200
Event: 10.074 Thread 0x000002b3d4fd7800 DEOPT UNPACKING pc=0x000002b3dd73a95e sp=0x000000f1fd6fa6d0 mode 1
Event: 10.075 Thread 0x000002b3d4fd7800 DEOPT PACKING pc=0x000002b3de81e36c sp=0x000000f1fd6fb530
Event: 10.075 Thread 0x000002b3d4fd7800 DEOPT UNPACKING pc=0x000002b3dd73a95e sp=0x000000f1fd6fa9f0 mode 1
Event: 10.075 Thread 0x000002b3d4fd7800 DEOPT PACKING pc=0x000002b3de81e36c sp=0x000000f1fd6fb530
Event: 10.075 Thread 0x000002b3d4fd7800 DEOPT UNPACKING pc=0x000002b3dd73a95e sp=0x000000f1fd6fa9f0 mode 1
Event: 10.099 Thread 0x000002b3d4fd7800 DEOPT PACKING pc=0x000002b3e54f1f74 sp=0x000000f1fd6fae40
Event: 10.099 Thread 0x000002b3d4fd7800 DEOPT UNPACKING pc=0x000002b3dd73a95e sp=0x000000f1fd6fa2b8 mode 1
Event: 10.099 Thread 0x000002b3d4fd7800 DEOPT PACKING pc=0x000002b3de14b3dc sp=0x000000f1fd6fae80
Event: 10.099 Thread 0x000002b3d4fd7800 DEOPT UNPACKING pc=0x000002b3dd73a95e sp=0x000000f1fd6fa418 mode 1
Event: 10.100 Thread 0x000002b3d4fd7800 DEOPT PACKING pc=0x000002b3e54f1f74 sp=0x000000f1fd6faef0
Event: 10.100 Thread 0x000002b3d4fd7800 DEOPT UNPACKING pc=0x000002b3dd73a95e sp=0x000000f1fd6fa380 mode 1

Classes redefined (0 events):
No events

Internal exceptions (20 events):
Event: 9.977 Thread 0x000002b3d4fd7800 Exception <a 'java/lang/ClassNotFoundException'{0x0000000088b40d00}: co/edu/uniquindio/proyecto/entidades/ComentarioCustomizer> (0x0000000088b40d00) thrown at [./src/hotspot/share/classfile/systemDictionary.cpp, line 231]
Event: 9.984 Thread 0x000002b3d4fd7800 Exception <a 'java/lang/ClassNotFoundException'{0x0000000088b72110}: java/lang/ObjectCustomizer> (0x0000000088b72110) thrown at [./src/hotspot/share/classfile/systemDictionary.cpp, line 231]
Event: 9.985 Thread 0x000002b3d4fd7800 Exception <a 'java/lang/ClassNotFoundException'{0x0000000088b85968}: co/edu/uniquindio/proyecto/entidades/PersonaCustomizer> (0x0000000088b85968) thrown at [./src/hotspot/share/classfile/systemDictionary.cpp, line 231]
Event: 9.986 Thread 0x000002b3d4fd7800 Exception <a 'java/lang/ClassNotFoundException'{0x0000000088b9c988}: co/edu/uniquindio/proyecto/entidades/UsuarioCustomizer> (0x0000000088b9c988) thrown at [./src/hotspot/share/classfile/systemDictionary.cpp, line 231]
Event: 9.992 Thread 0x000002b3d4fd7800 Exception <a 'java/lang/ClassNotFoundException'{0x0000000088bd08e0}: java/lang/ObjectCustomizer> (0x0000000088bd08e0) thrown at [./src/hotspot/share/classfile/systemDictionary.cpp, line 231]
Event: 9.993 Thread 0x000002b3d4fd7800 Exception <a 'java/lang/ClassNotFoundException'{0x0000000088be3ba8}: co/edu/uniquindio/proyecto/entidades/CiudadCustomizer> (0x0000000088be3ba8) thrown at [./src/hotspot/share/classfile/systemDictionary.cpp, line 231]
Event: 10.008 Thread 0x000002b3d4fd7800 Exception <a 'java/lang/ClassNotFoundException'{0x0000000088a4be00}: java/lang/ObjectCustomizer> (0x0000000088a4be00) thrown at [./src/hotspot/share/classfile/systemDictionary.cpp, line 231]
Event: 10.009 Thread 0x000002b3d4fd7800 Exception <a 'java/lang/ClassNotFoundException'{0x0000000088a5f0c8}: co/edu/uniquindio/proyecto/entidades/CompraCustomizer> (0x0000000088a5f0c8) thrown at [./src/hotspot/share/classfile/systemDictionary.cpp, line 231]
Event: 10.015 Thread 0x000002b3d4fd7800 Exception <a 'java/lang/ClassNotFoundException'{0x0000000088a93480}: java/lang/ObjectCustomizer> (0x0000000088a93480) thrown at [./src/hotspot/share/classfile/systemDictionary.cpp, line 231]
Event: 10.016 Thread 0x000002b3d4fd7800 Exception <a 'java/lang/ClassNotFoundException'{0x0000000088aa7e60}: co/edu/uniquindio/proyecto/entidades/DetalleCompraCustomizer> (0x0000000088aa7e60) thrown at [./src/hotspot/share/classfile/systemDictionary.cpp, line 231]
Event: 10.025 Thread 0x000002b3d4fd7800 Exception <a 'java/lang/ClassNotFoundException'{0x0000000088af0508}: java/lang/ObjectCustomizer> (0x0000000088af0508) thrown at [./src/hotspot/share/classfile/systemDictionary.cpp, line 231]
Event: 10.026 Thread 0x000002b3d4fd7800 Exception <a 'java/lang/ClassNotFoundException'{0x0000000088904cd8}: co/edu/uniquindio/proyecto/entidades/DetalleSubastaCustomizer> (0x0000000088904cd8) thrown at [./src/hotspot/share/classfile/systemDictionary.cpp, line 231]
Event: 10.029 Thread 0x000002b3d4fd7800 Exception <a 'java/lang/ClassNotFoundException'{0x0000000088926bb8}: java/lang/ObjectCustomizer> (0x0000000088926bb8) thrown at [./src/hotspot/share/classfile/systemDictionary.cpp, line 231]
Event: 10.030 Thread 0x000002b3d4fd7800 Exception <a 'java/lang/ClassNotFoundException'{0x000000008893a968}: co/edu/uniquindio/proyecto/entidades/SubastaCustomizer> (0x000000008893a968) thrown at [./src/hotspot/share/classfile/systemDictionary.cpp, line 231]
Event: 10.042 Thread 0x000002b3d4fd7800 Exception <a 'java/lang/ClassNotFoundException'{0x00000000889972f8}: java/lang/ObjectCustomizer> (0x00000000889972f8) thrown at [./src/hotspot/share/classfile/systemDictionary.cpp, line 231]
Event: 10.043 Thread 0x000002b3d4fd7800 Exception <a 'java/lang/ClassNotFoundException'{0x00000000889aa480}: co/edu/uniquindio/proyecto/entidades/ChatCustomizer> (0x00000000889aa480) thrown at [./src/hotspot/share/classfile/systemDictionary.cpp, line 231]
Event: 10.051 Thread 0x000002b3d4fd7800 Exception <a 'java/lang/ClassNotFoundException'{0x00000000889e1420}: java/lang/ObjectCustomizer> (0x00000000889e1420) thrown at [./src/hotspot/share/classfile/systemDictionary.cpp, line 231]
Event: 10.053 Thread 0x000002b3d4fd7800 Exception <a 'java/lang/ClassNotFoundException'{0x00000000889f51d0}: co/edu/uniquindio/proyecto/entidades/MensajeCustomizer> (0x00000000889f51d0) thrown at [./src/hotspot/share/classfile/systemDictionary.cpp, line 231]
Event: 10.073 Thread 0x000002b3d4fd7800 Exception <a 'java/lang/ClassNotFoundException'{0x0000000088896928}: java/lang/ObjectCustomizer> (0x0000000088896928) thrown at [./src/hotspot/share/classfile/systemDictionary.cpp, line 231]
Event: 10.074 Thread 0x000002b3d4fd7800 Exception <a 'java/lang/ClassNotFoundException'{0x00000000888aa010}: co/edu/uniquindio/proyecto/entidades/CategoriaCustomizer> (0x00000000888aa010) thrown at [./src/hotspot/share/classfile/systemDictionary.cpp, line 231]

Events (20 events):
Event: 10.106 loading class org/springframework/data/repository/core/support/RepositoryComposition
Event: 10.106 loading class org/springframework/data/repository/core/support/RepositoryComposition done
Event: 10.107 loading class org/springframework/data/jpa/repository/support/JpaEntityInformationSupport
Event: 10.107 loading class org/springframework/data/jpa/repository/support/JpaEntityInformationSupport done
Event: 10.107 loading class org/springframework/data/jpa/repository/support/JpaEntityInformation
Event: 10.107 loading class org/springframework/data/jpa/repository/support/JpaEntityInformation done
Event: 10.107 loading class org/springframework/data/jpa/repository/query/JpaEntityMetadata
Event: 10.107 loading class org/springframework/data/jpa/repository/query/JpaEntityMetadata done
Event: 10.108 loading class org/springframework/data/repository/core/support/AbstractEntityInformation
Event: 10.108 loading class org/springframework/data/repository/core/support/AbstractEntityInformation done
Event: 10.109 loading class org/springframework/data/domain/Persistable
Event: 10.109 loading class org/springframework/data/domain/Persistable done
Event: 10.109 loading class org/springframework/data/jpa/repository/support/JpaMetamodelEntityInformation
Event: 10.109 loading class org/springframework/data/jpa/repository/support/JpaMetamodelEntityInformation done
Event: 10.110 loading class org/springframework/data/jpa/repository/query/DefaultJpaEntityMetadata
Event: 10.110 loading class org/springframework/data/jpa/repository/query/DefaultJpaEntityMetadata done
Event: 10.110 loading class org/springframework/data/jpa/repository/support/JpaMetamodelEntityInformation$IdMetadata
Event: 10.110 loading class org/springframework/data/jpa/repository/support/JpaMetamodelEntityInformation$IdMetadata done
Event: 10.111 loading class org/springframework/data/jpa/domain/Specification
Event: 10.111 loading class org/springframework/data/jpa/domain/Specification done


Dynamic libraries:
0x00007ff7a2b80000 - 0x00007ff7a2b8d000 	C:\Users\Usuario\.jdks\temurin-11.0.12\bin\java.exe
0x00007fffee8b0000 - 0x00007fffeeaa5000 	C:\Windows\SYSTEM32\ntdll.dll
0x00007fffed7c0000 - 0x00007fffed87d000 	C:\Windows\System32\KERNEL32.DLL
0x00007fffec260000 - 0x00007fffec528000 	C:\Windows\System32\KERNELBASE.dll
0x00007fffec0d0000 - 0x00007fffec1d0000 	C:\Windows\System32\ucrtbase.dll
0x00007fffe9900000 - 0x00007fffe9917000 	C:\Users\Usuario\.jdks\temurin-11.0.12\bin\jli.dll
0x00007fffe98e0000 - 0x00007fffe98f5000 	C:\Users\Usuario\.jdks\temurin-11.0.12\bin\VCRUNTIME140.dll
0x00007fffecc00000 - 0x00007fffecda0000 	C:\Windows\System32\USER32.dll
0x00007fffec7c0000 - 0x00007fffec7e2000 	C:\Windows\System32\win32u.dll
0x00007fffd8f00000 - 0x00007fffd919a000 	C:\Windows\WinSxS\amd64_microsoft.windows.common-controls_6595b64144ccf1df_6.0.19041.844_none_ca00b6081b84eb1d\COMCTL32.dll
0x00007fffed320000 - 0x00007fffed34a000 	C:\Windows\System32\GDI32.dll
0x00007fffec9b0000 - 0x00007fffeca4e000 	C:\Windows\System32\msvcrt.dll
0x00007fffec840000 - 0x00007fffec94b000 	C:\Windows\System32\gdi32full.dll
0x00007fffec030000 - 0x00007fffec0cd000 	C:\Windows\System32\msvcp_win.dll
0x00007fffed8f0000 - 0x00007fffed920000 	C:\Windows\System32\IMM32.DLL
0x00007fffe15d0000 - 0x00007fffe166b000 	C:\Users\Usuario\.jdks\temurin-11.0.12\bin\msvcp140.dll
0x00007fffcdc20000 - 0x00007fffce779000 	C:\Users\Usuario\.jdks\temurin-11.0.12\bin\server\jvm.dll
0x00007fffee630000 - 0x00007fffee6dc000 	C:\Windows\System32\ADVAPI32.dll
0x00007fffed920000 - 0x00007fffed9bb000 	C:\Windows\System32\sechost.dll
0x00007fffed9c0000 - 0x00007fffedaeb000 	C:\Windows\System32\RPCRT4.dll
0x00007fffed8e0000 - 0x00007fffed8e8000 	C:\Windows\System32\PSAPI.DLL
0x00007fffb0bd0000 - 0x00007fffb0bd9000 	C:\Windows\SYSTEM32\WSOCK32.dll
0x00007fffe2820000 - 0x00007fffe2847000 	C:\Windows\SYSTEM32\WINMM.dll
0x00007fffe2850000 - 0x00007fffe285a000 	C:\Windows\SYSTEM32\VERSION.dll
0x00007fffee6e0000 - 0x00007fffee74b000 	C:\Windows\System32\WS2_32.dll
0x00007fffe9f90000 - 0x00007fffe9fa2000 	C:\Windows\SYSTEM32\kernel.appcore.dll
0x00007fffe98d0000 - 0x00007fffe98e0000 	C:\Users\Usuario\.jdks\temurin-11.0.12\bin\verify.dll
0x00007fffdf7b0000 - 0x00007fffdf994000 	C:\Windows\SYSTEM32\DBGHELP.DLL
0x00007fffdf390000 - 0x00007fffdf3bc000 	C:\Windows\SYSTEM32\dbgcore.DLL
0x00007fffec530000 - 0x00007fffec5b0000 	C:\Windows\System32\bcryptPrimitives.dll
0x00007fffe7620000 - 0x00007fffe7648000 	C:\Users\Usuario\.jdks\temurin-11.0.12\bin\java.dll
0x00007fffe7dd0000 - 0x00007fffe7dda000 	C:\Users\Usuario\.jdks\temurin-11.0.12\bin\jimage.dll
0x00007fffcd5c0000 - 0x00007fffcd5f8000 	C:\Users\Usuario\.jdks\temurin-11.0.12\bin\jdwp.dll
0x00007fffe15c0000 - 0x00007fffe15ce000 	C:\Users\Usuario\.jdks\temurin-11.0.12\bin\instrument.dll
0x00007fffe3af0000 - 0x00007fffe3b07000 	C:\Users\Usuario\.jdks\temurin-11.0.12\bin\zip.dll
0x00007fffedee0000 - 0x00007fffee622000 	C:\Windows\System32\SHELL32.dll
0x00007fffea190000 - 0x00007fffea921000 	C:\Windows\SYSTEM32\windows.storage.dll
0x00007fffedb80000 - 0x00007fffeded5000 	C:\Windows\System32\combase.dll
0x00007fffeba30000 - 0x00007fffeba5c000 	C:\Windows\SYSTEM32\Wldp.dll
0x00007fffee750000 - 0x00007fffee7fe000 	C:\Windows\System32\SHCORE.dll
0x00007fffec950000 - 0x00007fffec9a5000 	C:\Windows\System32\shlwapi.dll
0x00007fffebf70000 - 0x00007fffebf8f000 	C:\Windows\SYSTEM32\profapi.dll
0x00007fffe15b0000 - 0x00007fffe15ba000 	C:\Users\Usuario\.jdks\temurin-11.0.12\bin\dt_socket.dll
0x00007fffeb7a0000 - 0x00007fffeb80a000 	C:\Windows\system32\mswsock.dll
0x00007fffe3ad0000 - 0x00007fffe3ae9000 	C:\Users\Usuario\.jdks\temurin-11.0.12\bin\net.dll
0x00007fffe5120000 - 0x00007fffe522b000 	C:\Windows\SYSTEM32\WINHTTP.dll
0x00007fffe3990000 - 0x00007fffe39a2000 	C:\Users\Usuario\.jdks\temurin-11.0.12\bin\nio.dll
0x00007fffe7430000 - 0x00007fffe7439000 	C:\Users\Usuario\.jdks\temurin-11.0.12\bin\management.dll
0x00007fffe3ac0000 - 0x00007fffe3acb000 	C:\Users\Usuario\.jdks\temurin-11.0.12\bin\management_ext.dll
0x00007fffdd6c0000 - 0x00007fffdd6d7000 	C:\Windows\system32\napinsp.dll
0x00007fffdd6a0000 - 0x00007fffdd6bb000 	C:\Windows\system32\pnrpnsp.dll
0x00007fffdd680000 - 0x00007fffdd695000 	C:\Windows\system32\wshbth.dll
0x00007fffe7c10000 - 0x00007fffe7c2d000 	C:\Windows\system32\NLAapi.dll
0x00007fffeb430000 - 0x00007fffeb46b000 	C:\Windows\SYSTEM32\IPHLPAPI.DLL
0x00007fffeb470000 - 0x00007fffeb53c000 	C:\Windows\SYSTEM32\DNSAPI.dll
0x00007fffedb10000 - 0x00007fffedb18000 	C:\Windows\System32\NSI.dll
0x00007fffdd570000 - 0x00007fffdd582000 	C:\Windows\System32\winrnr.dll
0x00007fffe49c0000 - 0x00007fffe49ca000 	C:\Windows\System32\rasadhlp.dll
0x00007fffe5510000 - 0x00007fffe558f000 	C:\Windows\System32\fwpuclnt.dll
0x00007fffec1d0000 - 0x00007fffec1f7000 	C:\Windows\System32\bcrypt.dll
0x00007fffeb970000 - 0x00007fffeb988000 	C:\Windows\SYSTEM32\CRYPTSP.dll
0x00007fffeb0e0000 - 0x00007fffeb114000 	C:\Windows\system32\rsaenh.dll
0x00007fffebef0000 - 0x00007fffebf1e000 	C:\Windows\SYSTEM32\USERENV.dll
0x00007fffeb990000 - 0x00007fffeb99c000 	C:\Windows\SYSTEM32\CRYPTBASE.dll
0x00007fffe6200000 - 0x00007fffe6217000 	C:\Windows\SYSTEM32\dhcpcsvc6.DLL
0x00007fffe6580000 - 0x00007fffe659d000 	C:\Windows\SYSTEM32\dhcpcsvc.DLL
0x00007fffd2320000 - 0x00007fffd2345000 	C:\Users\Usuario\.jdks\temurin-11.0.12\bin\sunec.dll
0x00007fffe3960000 - 0x00007fffe396e000 	C:\Users\Usuario\.jdks\temurin-11.0.12\bin\sunmscapi.dll
0x00007fffec5b0000 - 0x00007fffec70f000 	C:\Windows\System32\CRYPT32.dll
0x00007fffebaa0000 - 0x00007fffebac7000 	C:\Windows\SYSTEM32\ncrypt.dll
0x00007fffeba60000 - 0x00007fffeba9b000 	C:\Windows\SYSTEM32\NTASN1.dll

dbghelp: loaded successfully - version: 4.0.5 - missing functions: none
symbol engine: initialized successfully - sym options: 0x614 - pdb path: .;C:\Users\Usuario\.jdks\temurin-11.0.12\bin;C:\Windows\SYSTEM32;C:\Windows\WinSxS\amd64_microsoft.windows.common-controls_6595b64144ccf1df_6.0.19041.844_none_ca00b6081b84eb1d;C:\Users\Usuario\.jdks\temurin-11.0.12\bin\server

VM Arguments:
jvm_args: -agentlib:jdwp=transport=dt_socket,address=127.0.0.1:31628,suspend=y,server=n -ea -Didea.test.cyclic.buffer.size=1048576 -javaagent:C:\Users\Usuario\AppData\Local\JetBrains\IntelliJIdea2021.2\captureAgent\debugger-agent.jar -Dfile.encoding=UTF-8 
java_command: com.intellij.rt.junit.JUnitStarter -ideVersion5 -junit5 co.edu.uniquindio.proyecto.entidades.test.PersonaTest,registrarTest
java_class_path (initial): C:\Users\Usuario\.m2\repository\org\junit\platform\junit-platform-launcher\1.7.2\junit-platform-launcher-1.7.2.jar;Z:\Descargas\IntelliJ IDEA 2021.2.2\plugins\junit\lib\junit5-rt.jar;Z:\Descargas\IntelliJ IDEA 2021.2.2\plugins\junit\lib\junit-rt.jar;Z:\Descargas\aa\proyecto-asignatura-main\Persistencia\target\test-classes;Z:\Descargas\aa\proyecto-asignatura-main\Persistencia\target\classes;C:\Users\Usuario\.m2\repository\org\springframework\boot\spring-boot-starter-data-jpa\2.5.4\spring-boot-starter-data-jpa-2.5.4.jar;C:\Users\Usuario\.m2\repository\org\springframework\boot\spring-boot-starter-aop\2.5.4\spring-boot-starter-aop-2.5.4.jar;C:\Users\Usuario\.m2\repository\org\springframework\spring-aop\5.3.9\spring-aop-5.3.9.jar;C:\Users\Usuario\.m2\repository\org\aspectj\aspectjweaver\1.9.7\aspectjweaver-1.9.7.jar;C:\Users\Usuario\.m2\repository\org\springframework\boot\spring-boot-starter-jdbc\2.5.4\spring-boot-starter-jdbc-2.5.4.jar;C:\Users\Usuario\.m2\repository\com\zaxxer\HikariCP\4.0.3\HikariCP-4.0.3.jar;C:\Users\Usuario\.m2\repository\org\springframework\spring-jdbc\5.3.9\spring-jdbc-5.3.9.jar;C:\Users\Usuario\.m2\repository\jakarta\transaction\jakarta.transaction-api\1.3.3\jakarta.transaction-api-1.3.3.jar;C:\Users\Usuario\.m2\repository\jakarta\persistence\jakarta.persistence-api\2.2.3\jakarta.persistence-api-2.2.3.jar;C:\Users\Usuario\.m2\repository\org\hibernate\hibernate-core\5.4.32.Final\hibernate-core-5.4.32.Final.jar;C:\Users\Usuario\.m2\repository\org\jboss\logging\jboss-logging\3.4.2.Final\jboss-logging-3.4.2.Final.jar;C:\Users\Usuario\.m2\repository\org\javassist\javassist\3.27.0-GA\javassist-3.27.0-GA.jar;C:\Users\Usuario\.m2\repository\net\bytebuddy\byte-buddy\1.10.22\byte-buddy-1.10.22.jar;C:\Users\Usuario\.m2\repository\antlr\antlr\2.7.7\antlr-2.7.7.jar;C:\Users\Usuario\.m2\repository\org\jboss\jandex\2.2.3.Final\jandex-2.2.3.Final.jar;C:\Users\Usuario\.m2\repository\com\fasterxml\classmate\1.5.1\classmate-1.5.1.jar;C:
Launcher Type: SUN_STANDARD

[Global flags]
     intx CICompilerCount                          = 4                                         {product} {ergonomic}
     uint ConcGCThreads                            = 3                                         {product} {ergonomic}
     uint G1ConcRefinementThreads                  = 10                                        {product} {ergonomic}
   size_t G1HeapRegionSize                         = 1048576                                   {product} {ergonomic}
    uintx GCDrainStackTargetSize                   = 64                                        {product} {ergonomic}
   size_t InitialHeapSize                          = 134217728                                 {product} {ergonomic}
   size_t MarkStackSize                            = 4194304                                   {product} {ergonomic}
   size_t MaxHeapSize                              = 2128609280                                {product} {ergonomic}
   size_t MaxNewSize                               = 1277165568                                {product} {ergonomic}
   size_t MinHeapDeltaBytes                        = 1048576                                   {product} {ergonomic}
    uintx NonNMethodCodeHeapSize                   = 5836300                                {pd product} {ergonomic}
    uintx NonProfiledCodeHeapSize                  = 122910970                              {pd product} {ergonomic}
    uintx ProfiledCodeHeapSize                     = 122910970                              {pd product} {ergonomic}
    uintx ReservedCodeCacheSize                    = 251658240                              {pd product} {ergonomic}
     bool SegmentedCodeCache                       = true                                      {product} {ergonomic}
     bool UseCompressedClassPointers               = true                                 {lp64_product} {ergonomic}
     bool UseCompressedOops                        = true                                 {lp64_product} {ergonomic}
     bool UseG1GC                                  = true                                      {product} {ergonomic}
     bool UseLargePagesIndividualAllocation        = false                                  {pd product} {ergonomic}

Logging:
Log output configuration:
 #0: stdout all=warning uptime,level,tags
 #1: stderr all=off uptime,level,tags

Environment Variables:
PATH=C:\Program Files\Common Files\Oracle\Java\javapath;C:\Program Files (x86)\Common Files\Oracle\Java\javapath;C:\ProgramData\Oracle\Java\javapath;C:\Windows\system32;C:\Windows;C:\Windows\System32\Wbem;C:\Windows\System32\WindowsPowerShell\v1.0\;C:\Windows\System32\OpenSSH\;Z:\Descargas\Git\cmd;Z:\Descargas\bin;Z:\Descargas\ATI.ACE\Core-Static;C:\Program Files\MySQL\MySQL Shell 8.0\bin\;C:\Users\Usuario\AppData\Local\Microsoft\WindowsApps;
USERNAME=Usuario
OS=Windows_NT
PROCESSOR_IDENTIFIER=Intel64 Family 6 Model 62 Stepping 4, GenuineIntel



---------------  S Y S T E M  ---------------

OS: Windows 10 , 64 bit Build 19041 (10.0.19041.928)
OS uptime: 0 days 1:25 hours

CPU:total 12 (initial active 12) (6 cores per cpu, 2 threads per core) family 6 model 62 stepping 4 microcode 0x42e, cmov, cx8, fxsr, mmx, sse, sse2, sse3, ssse3, sse4.1, sse4.2, popcnt, avx, aes, clmul, erms, ht, tsc, tscinvbit

Memory: 4k page, system-wide physical 8112M (713M free)
TotalPageFile size 8112M (AvailPageFile size 3M)
current process WorkingSet (physical memory assigned to process): 351M, peak: 351M
current process commit charge ("private bytes"): 423M, peak: 423M

vm_info: OpenJDK 64-Bit Server VM (11.0.12+7) for windows-amd64 JRE (11.0.12+7), built on Jul 21 2021 16:23:49 by "" with unknown MS VC++:1916

END.
