#
# There is insufficient memory for the Java Runtime Environment to continue.
# Native memory allocation (malloc) failed to allocate 1283056 bytes for Chunk::new
# Possible reasons:
#   The system is out of physical RAM or swap space
#   The process is running with CompressedOops enabled, and the Java Heap may be blocking the growth of the native heap
# Possible solutions:
#   Reduce memory load on the system
#   Increase physical memory or swap space
#   Check if swap backing store is full
#   Decrease Java heap size (-Xmx/-Xms)
#   Decrease number of Java threads
#   Decrease Java thread stack sizes (-Xss)
#   Set larger code cache with -XX:ReservedCodeCacheSize=
#   JVM is running with Unscaled Compressed Oops mode in which the Java heap is
#     placed in the first 4GB address space. The Java Heap base address is the
#     maximum limit for the native heap growth. Please use -XX:HeapBaseMinAddress
#     to set the Java Heap base and to place the Java Heap above 4GB virtual address.
# This output file may be truncated or incomplete.
#
#  Out of Memory Error (./src/hotspot/share/memory/arena.cpp:197), pid=8452, tid=4548
#
# JRE version: OpenJDK Runtime Environment Temurin-11.0.12+7 (11.0.12+7) (build 11.0.12+7)
# Java VM: OpenJDK 64-Bit Server VM Temurin-11.0.12+7 (11.0.12+7, mixed mode, tiered, compressed oops, g1 gc, windows-amd64)
# No core dump will be written. Minidumps are not enabled by default on client versions of Windows
#

---------------  S U M M A R Y ------------

Command Line: -agentlib:jdwp=transport=dt_socket,address=127.0.0.1:1030,suspend=y,server=n -ea -Didea.test.cyclic.buffer.size=1048576 -javaagent:C:\Users\Usuario\AppData\Local\JetBrains\IntelliJIdea2021.2\captureAgent\debugger-agent.jar -Dfile.encoding=UTF-8 com.intellij.rt.junit.JUnitStarter -ideVersion5 -junit5 co.edu.uniquindio.proyecto.entidades.test.ProductoTest,ComentarioTest

Host: Intel(R) Xeon(R) CPU E5-2620 v2 @ 2.10GHz, 12 cores, 7G,  Windows 10 , 64 bit Build 19041 (10.0.19041.928)
Time: Sun Oct 17 20:25:22 2021 Hora est. Pacífico, Sudamérica elapsed time: 6.729057 seconds (0d 0h 0m 6s)

---------------  T H R E A D  ---------------

Current thread (0x0000023668c00000):  JavaThread "C2 CompilerThread1" daemon [_thread_in_native, id=4548, stack(0x000000ade8500000,0x000000ade8600000)]


Current CompileTask:
C2:   6729 3951       4       sun.security.util.AlgorithmDecomposer::decomposeImpl (128 bytes)

Stack: [0x000000ade8500000,0x000000ade8600000]
Native frames: (J=compiled Java code, j=interpreted, Vv=VM code, C=native code)
V  [jvm.dll+0x601d0a]
V  [jvm.dll+0x78ab6e]
V  [jvm.dll+0x78c23f]
V  [jvm.dll+0x78c903]
V  [jvm.dll+0x24be68]
V  [jvm.dll+0xc219c]
V  [jvm.dll+0xc275c]
V  [jvm.dll+0x354812]
V  [jvm.dll+0x19db09]
V  [jvm.dll+0x205622]
V  [jvm.dll+0x2046fd]
V  [jvm.dll+0x1898fc]
V  [jvm.dll+0x213d67]
V  [jvm.dll+0x211f2b]
V  [jvm.dll+0x74ec19]
V  [jvm.dll+0x747c84]
V  [jvm.dll+0x600ba6]
C  [ucrtbase.dll+0x21bb2]
C  [KERNEL32.DLL+0x17034]
C  [ntdll.dll+0x52651]


---------------  P R O C E S S  ---------------

Threads class SMR info:
_java_thread_list=0x000002366d732280, length=18, elements={
0x0000023646e34800, 0x000002366825b000, 0x000002366825c000, 0x0000023668264800,
0x0000023668265800, 0x0000023668267800, 0x0000023668bf1000, 0x0000023668bfc800,
0x000002366826e000, 0x0000023668d6a800, 0x0000023668ede800, 0x0000023668edf800,
0x0000023668f41800, 0x000002366bfc3000, 0x0000023668c00000, 0x000002366ebbf800,
0x000002366e9c3000, 0x0000023668bfc000
}

Java Threads: ( => current thread )
  0x0000023646e34800 JavaThread "main" [_thread_in_native, id=1104, stack(0x000000ade7500000,0x000000ade7600000)]
  0x000002366825b000 JavaThread "Reference Handler" daemon [_thread_blocked, id=3148, stack(0x000000ade7c00000,0x000000ade7d00000)]
  0x000002366825c000 JavaThread "Finalizer" daemon [_thread_blocked, id=3972, stack(0x000000ade7d00000,0x000000ade7e00000)]
  0x0000023668264800 JavaThread "Signal Dispatcher" daemon [_thread_blocked, id=8376, stack(0x000000ade7e00000,0x000000ade7f00000)]
  0x0000023668265800 JavaThread "Attach Listener" daemon [_thread_blocked, id=5116, stack(0x000000ade7f00000,0x000000ade8000000)]
  0x0000023668267800 JavaThread "Service Thread" daemon [_thread_blocked, id=4636, stack(0x000000ade8000000,0x000000ade8100000)]
  0x0000023668bf1000 JavaThread "C2 CompilerThread0" daemon [_thread_in_native, id=3004, stack(0x000000ade8100000,0x000000ade8200000)]
  0x0000023668bfc800 JavaThread "C1 CompilerThread0" daemon [_thread_blocked, id=6400, stack(0x000000ade8200000,0x000000ade8300000)]
  0x000002366826e000 JavaThread "Sweeper thread" daemon [_thread_blocked, id=7364, stack(0x000000ade8300000,0x000000ade8400000)]
  0x0000023668d6a800 JavaThread "Common-Cleaner" daemon [_thread_blocked, id=3188, stack(0x000000ade8400000,0x000000ade8500000)]
  0x0000023668ede800 JavaThread "JDWP Transport Listener: dt_socket" daemon [_thread_blocked, id=4924, stack(0x000000ade8600000,0x000000ade8700000)]
  0x0000023668edf800 JavaThread "JDWP Event Helper Thread" daemon [_thread_blocked, id=7196, stack(0x000000ade8700000,0x000000ade8800000)]
  0x0000023668f41800 JavaThread "JDWP Command Reader" daemon [_thread_in_native, id=2024, stack(0x000000ade8800000,0x000000ade8900000)]
  0x000002366bfc3000 JavaThread "mysql-cj-abandoned-connection-cleanup" daemon [_thread_blocked, id=7392, stack(0x000000ade8e00000,0x000000ade8f00000)]
=>0x0000023668c00000 JavaThread "C2 CompilerThread1" daemon [_thread_in_native, id=4548, stack(0x000000ade8500000,0x000000ade8600000)]
  0x000002366ebbf800 JavaThread "HikariPool-1 housekeeper" daemon [_thread_blocked, id=2288, stack(0x000000ade9200000,0x000000ade9300000)]
  0x000002366e9c3000 JavaThread "HikariPool-1 connection adder" daemon [_thread_blocked, id=7532, stack(0x000000ade9100000,0x000000ade9200000)]
  0x0000023668bfc000 JavaThread "C2 CompilerThread2" daemon [_thread_in_native, id=9212, stack(0x000000ade9300000,0x000000ade9400000)]

Other Threads:
  0x0000023668228000 VMThread "VM Thread" [stack: 0x000000ade7b00000,0x000000ade7c00000] [id=1768]
  0x0000023669039000 WatcherThread [stack: 0x000000ade8900000,0x000000ade8a00000] [id=5092]
  0x0000023646e4c000 GCTaskThread "GC Thread#0" [stack: 0x000000ade7600000,0x000000ade7700000] [id=7076]
  0x000002366972b800 GCTaskThread "GC Thread#1" [stack: 0x000000ade8a00000,0x000000ade8b00000] [id=3320]
  0x0000023669613000 GCTaskThread "GC Thread#2" [stack: 0x000000ade8b00000,0x000000ade8c00000] [id=3980]
  0x000002366a05b000 GCTaskThread "GC Thread#3" [stack: 0x000000ade9000000,0x000000ade9100000] [id=6888]
  0x0000023646e82000 ConcurrentGCThread "G1 Main Marker" [stack: 0x000000ade7700000,0x000000ade7800000] [id=8048]
  0x0000023646e84800 ConcurrentGCThread "G1 Conc#0" [stack: 0x000000ade7800000,0x000000ade7900000] [id=1228]
  0x0000023669c82800 ConcurrentGCThread "G1 Conc#1" [stack: 0x000000ade8c00000,0x000000ade8d00000] [id=8520]
  0x0000023669718000 ConcurrentGCThread "G1 Conc#2" [stack: 0x000000ade8d00000,0x000000ade8e00000] [id=5792]
  0x0000023646f0e800 ConcurrentGCThread "G1 Refine#0" [stack: 0x000000ade7900000,0x000000ade7a00000] [id=364]
  0x0000023668094800 ConcurrentGCThread "G1 Young RemSet Sampling" [stack: 0x000000ade7a00000,0x000000ade7b00000] [id=4356]

Threads with active compile tasks:
C2 CompilerThread0   6751 4183       4       java.util.ArrayDeque::poll (5 bytes)
C2 CompilerThread1   6751 3951       4       sun.security.util.AlgorithmDecomposer::decomposeImpl (128 bytes)
C2 CompilerThread2   6751 4110       4       sun.security.util.AlgorithmDecomposer::decompose (336 bytes)

VM state:not at safepoint (normal execution)

VM Mutex/Monitor currently owned by a thread: None

Heap address: 0x0000000081200000, size: 2030 MB, Compressed Oops mode: 32-bit
Narrow klass base: 0x0000000000000000, Narrow klass shift: 3
Compressed class space size: 1073741824 Address: 0x0000000100000000

Heap:
 garbage-first heap   total 157696K, used 37427K [0x0000000081200000, 0x0000000100000000)
  region size 1024K, 29 young (29696K), 9 survivors (9216K)
 Metaspace       used 48760K, capacity 50095K, committed 50384K, reserved 1093632K
  class space    used 6151K, capacity 6670K, committed 6704K, reserved 1048576K
Heap Regions: E=young(eden), S=young(survivor), O=old, HS=humongous(starts), HC=humongous(continues), CS=collection set, F=free, A=archive, TAMS=top-at-mark-start (previous, next)
|   0|0x0000000081200000, 0x0000000081300000, 0x0000000081300000|100%|HS|  |TAMS 0x0000000081300000, 0x0000000081200000| Complete 
|   1|0x0000000081300000, 0x0000000081400000, 0x0000000081400000|100%| O|  |TAMS 0x0000000081400000, 0x0000000081300000| Untracked 
|   2|0x0000000081400000, 0x0000000081500000, 0x0000000081500000|100%| O|  |TAMS 0x0000000081500000, 0x0000000081400000| Untracked 
|   3|0x0000000081500000, 0x0000000081600000, 0x0000000081600000|100%| O|  |TAMS 0x0000000081600000, 0x0000000081500000| Untracked 
|   4|0x0000000081600000, 0x0000000081700000, 0x0000000081700000|100%| O|  |TAMS 0x0000000081700000, 0x0000000081600000| Untracked 
|   5|0x0000000081700000, 0x0000000081800000, 0x0000000081800000|100%| O|  |TAMS 0x0000000081800000, 0x0000000081700000| Untracked 
|   6|0x0000000081800000, 0x0000000081900000, 0x0000000081900000|100%| O|  |TAMS 0x0000000081900000, 0x0000000081800000| Untracked 
|   7|0x0000000081900000, 0x0000000081a00000, 0x0000000081a00000|100%| O|  |TAMS 0x0000000081a00000, 0x0000000081900000| Untracked 
|   8|0x0000000081a00000, 0x0000000081aa6600, 0x0000000081b00000| 64%| O|  |TAMS 0x0000000081aa6600, 0x0000000081a00000| Untracked 
|   9|0x0000000081b00000, 0x0000000081b00000, 0x0000000081c00000|  0%| F|  |TAMS 0x0000000081b00000, 0x0000000081b00000| Untracked 
|  10|0x0000000081c00000, 0x0000000081c00000, 0x0000000081d00000|  0%| F|  |TAMS 0x0000000081c00000, 0x0000000081c00000| Untracked 
|  11|0x0000000081d00000, 0x0000000081d00000, 0x0000000081e00000|  0%| F|  |TAMS 0x0000000081d00000, 0x0000000081d00000| Untracked 
|  12|0x0000000081e00000, 0x0000000081e00000, 0x0000000081f00000|  0%| F|  |TAMS 0x0000000081e00000, 0x0000000081e00000| Untracked 
|  13|0x0000000081f00000, 0x0000000081f00000, 0x0000000082000000|  0%| F|  |TAMS 0x0000000081f00000, 0x0000000081f00000| Untracked 
|  14|0x0000000082000000, 0x0000000082000000, 0x0000000082100000|  0%| F|  |TAMS 0x0000000082000000, 0x0000000082000000| Untracked 
|  15|0x0000000082100000, 0x0000000082100000, 0x0000000082200000|  0%| F|  |TAMS 0x0000000082100000, 0x0000000082100000| Untracked 
|  16|0x0000000082200000, 0x0000000082200000, 0x0000000082300000|  0%| F|  |TAMS 0x0000000082200000, 0x0000000082200000| Untracked 
|  17|0x0000000082300000, 0x0000000082300000, 0x0000000082400000|  0%| F|  |TAMS 0x0000000082300000, 0x0000000082300000| Untracked 
|  18|0x0000000082400000, 0x0000000082400000, 0x0000000082500000|  0%| F|  |TAMS 0x0000000082400000, 0x0000000082400000| Untracked 
|  19|0x0000000082500000, 0x0000000082500000, 0x0000000082600000|  0%| F|  |TAMS 0x0000000082500000, 0x0000000082500000| Untracked 
|  20|0x0000000082600000, 0x0000000082600000, 0x0000000082700000|  0%| F|  |TAMS 0x0000000082600000, 0x0000000082600000| Untracked 
|  21|0x0000000082700000, 0x0000000082700000, 0x0000000082800000|  0%| F|  |TAMS 0x0000000082700000, 0x0000000082700000| Untracked 
|  22|0x0000000082800000, 0x0000000082800000, 0x0000000082900000|  0%| F|  |TAMS 0x0000000082800000, 0x0000000082800000| Untracked 
|  23|0x0000000082900000, 0x0000000082900000, 0x0000000082a00000|  0%| F|  |TAMS 0x0000000082900000, 0x0000000082900000| Untracked 
|  24|0x0000000082a00000, 0x0000000082a00000, 0x0000000082b00000|  0%| F|  |TAMS 0x0000000082a00000, 0x0000000082a00000| Untracked 
|  25|0x0000000082b00000, 0x0000000082b00000, 0x0000000082c00000|  0%| F|  |TAMS 0x0000000082b00000, 0x0000000082b00000| Untracked 
|  26|0x0000000082c00000, 0x0000000082c00000, 0x0000000082d00000|  0%| F|  |TAMS 0x0000000082c00000, 0x0000000082c00000| Untracked 
|  27|0x0000000082d00000, 0x0000000082d00000, 0x0000000082e00000|  0%| F|  |TAMS 0x0000000082d00000, 0x0000000082d00000| Untracked 
|  28|0x0000000082e00000, 0x0000000082e00000, 0x0000000082f00000|  0%| F|  |TAMS 0x0000000082e00000, 0x0000000082e00000| Untracked 
|  29|0x0000000082f00000, 0x0000000082f00000, 0x0000000083000000|  0%| F|  |TAMS 0x0000000082f00000, 0x0000000082f00000| Untracked 
|  30|0x0000000083000000, 0x0000000083000000, 0x0000000083100000|  0%| F|  |TAMS 0x0000000083000000, 0x0000000083000000| Untracked 
|  31|0x0000000083100000, 0x0000000083100000, 0x0000000083200000|  0%| F|  |TAMS 0x0000000083100000, 0x0000000083100000| Untracked 
|  32|0x0000000083200000, 0x0000000083200000, 0x0000000083300000|  0%| F|  |TAMS 0x0000000083200000, 0x0000000083200000| Untracked 
|  33|0x0000000083300000, 0x0000000083300000, 0x0000000083400000|  0%| F|  |TAMS 0x0000000083300000, 0x0000000083300000| Untracked 
|  34|0x0000000083400000, 0x0000000083400000, 0x0000000083500000|  0%| F|  |TAMS 0x0000000083400000, 0x0000000083400000| Untracked 
|  35|0x0000000083500000, 0x0000000083500000, 0x0000000083600000|  0%| F|  |TAMS 0x0000000083500000, 0x0000000083500000| Untracked 
|  36|0x0000000083600000, 0x0000000083600000, 0x0000000083700000|  0%| F|  |TAMS 0x0000000083600000, 0x0000000083600000| Untracked 
|  37|0x0000000083700000, 0x0000000083700000, 0x0000000083800000|  0%| F|  |TAMS 0x0000000083700000, 0x0000000083700000| Untracked 
|  38|0x0000000083800000, 0x0000000083800000, 0x0000000083900000|  0%| F|  |TAMS 0x0000000083800000, 0x0000000083800000| Untracked 
|  39|0x0000000083900000, 0x0000000083900000, 0x0000000083a00000|  0%| F|  |TAMS 0x0000000083900000, 0x0000000083900000| Untracked 
|  40|0x0000000083a00000, 0x0000000083a00000, 0x0000000083b00000|  0%| F|  |TAMS 0x0000000083a00000, 0x0000000083a00000| Untracked 
|  41|0x0000000083b00000, 0x0000000083b00000, 0x0000000083c00000|  0%| F|  |TAMS 0x0000000083b00000, 0x0000000083b00000| Untracked 
|  42|0x0000000083c00000, 0x0000000083c00000, 0x0000000083d00000|  0%| F|  |TAMS 0x0000000083c00000, 0x0000000083c00000| Untracked 
|  43|0x0000000083d00000, 0x0000000083d00000, 0x0000000083e00000|  0%| F|  |TAMS 0x0000000083d00000, 0x0000000083d00000| Untracked 
|  44|0x0000000083e00000, 0x0000000083e00000, 0x0000000083f00000|  0%| F|  |TAMS 0x0000000083e00000, 0x0000000083e00000| Untracked 
|  45|0x0000000083f00000, 0x0000000083f00000, 0x0000000084000000|  0%| F|  |TAMS 0x0000000083f00000, 0x0000000083f00000| Untracked 
|  46|0x0000000084000000, 0x0000000084000000, 0x0000000084100000|  0%| F|  |TAMS 0x0000000084000000, 0x0000000084000000| Untracked 
|  47|0x0000000084100000, 0x0000000084100000, 0x0000000084200000|  0%| F|  |TAMS 0x0000000084100000, 0x0000000084100000| Untracked 
|  48|0x0000000084200000, 0x0000000084200000, 0x0000000084300000|  0%| F|  |TAMS 0x0000000084200000, 0x0000000084200000| Untracked 
|  49|0x0000000084300000, 0x0000000084300000, 0x0000000084400000|  0%| F|  |TAMS 0x0000000084300000, 0x0000000084300000| Untracked 
|  50|0x0000000084400000, 0x0000000084400000, 0x0000000084500000|  0%| F|  |TAMS 0x0000000084400000, 0x0000000084400000| Untracked 
|  51|0x0000000084500000, 0x0000000084500000, 0x0000000084600000|  0%| F|  |TAMS 0x0000000084500000, 0x0000000084500000| Untracked 
|  52|0x0000000084600000, 0x0000000084600000, 0x0000000084700000|  0%| F|  |TAMS 0x0000000084600000, 0x0000000084600000| Untracked 
|  53|0x0000000084700000, 0x0000000084700000, 0x0000000084800000|  0%| F|  |TAMS 0x0000000084700000, 0x0000000084700000| Untracked 
|  54|0x0000000084800000, 0x0000000084800000, 0x0000000084900000|  0%| F|  |TAMS 0x0000000084800000, 0x0000000084800000| Untracked 
|  55|0x0000000084900000, 0x0000000084900000, 0x0000000084a00000|  0%| F|  |TAMS 0x0000000084900000, 0x0000000084900000| Untracked 
|  56|0x0000000084a00000, 0x0000000084a00000, 0x0000000084b00000|  0%| F|  |TAMS 0x0000000084a00000, 0x0000000084a00000| Untracked 
|  57|0x0000000084b00000, 0x0000000084b00000, 0x0000000084c00000|  0%| F|  |TAMS 0x0000000084b00000, 0x0000000084b00000| Untracked 
|  58|0x0000000084c00000, 0x0000000084c00000, 0x0000000084d00000|  0%| F|  |TAMS 0x0000000084c00000, 0x0000000084c00000| Untracked 
|  59|0x0000000084d00000, 0x0000000084d00000, 0x0000000084e00000|  0%| F|  |TAMS 0x0000000084d00000, 0x0000000084d00000| Untracked 
|  60|0x0000000084e00000, 0x0000000084e00000, 0x0000000084f00000|  0%| F|  |TAMS 0x0000000084e00000, 0x0000000084e00000| Untracked 
|  61|0x0000000084f00000, 0x0000000084f00000, 0x0000000085000000|  0%| F|  |TAMS 0x0000000084f00000, 0x0000000084f00000| Untracked 
|  62|0x0000000085000000, 0x0000000085000000, 0x0000000085100000|  0%| F|  |TAMS 0x0000000085000000, 0x0000000085000000| Untracked 
|  63|0x0000000085100000, 0x0000000085100000, 0x0000000085200000|  0%| F|  |TAMS 0x0000000085100000, 0x0000000085100000| Untracked 
|  64|0x0000000085200000, 0x0000000085200000, 0x0000000085300000|  0%| F|  |TAMS 0x0000000085200000, 0x0000000085200000| Untracked 
|  65|0x0000000085300000, 0x00000000853e6640, 0x0000000085400000| 89%| S|CS|TAMS 0x0000000085300000, 0x0000000085300000| Complete 
|  66|0x0000000085400000, 0x0000000085500000, 0x0000000085500000|100%| S|CS|TAMS 0x0000000085400000, 0x0000000085400000| Complete 
|  67|0x0000000085500000, 0x0000000085600000, 0x0000000085600000|100%| S|CS|TAMS 0x0000000085500000, 0x0000000085500000| Complete 
|  68|0x0000000085600000, 0x0000000085700000, 0x0000000085700000|100%| S|CS|TAMS 0x0000000085600000, 0x0000000085600000| Complete 
|  69|0x0000000085700000, 0x0000000085800000, 0x0000000085800000|100%| S|CS|TAMS 0x0000000085700000, 0x0000000085700000| Complete 
|  70|0x0000000085800000, 0x0000000085900000, 0x0000000085900000|100%| S|CS|TAMS 0x0000000085800000, 0x0000000085800000| Complete 
|  71|0x0000000085900000, 0x0000000085a00000, 0x0000000085a00000|100%| S|CS|TAMS 0x0000000085900000, 0x0000000085900000| Complete 
|  72|0x0000000085a00000, 0x0000000085b00000, 0x0000000085b00000|100%| S|CS|TAMS 0x0000000085a00000, 0x0000000085a00000| Complete 
|  73|0x0000000085b00000, 0x0000000085c00000, 0x0000000085c00000|100%| S|CS|TAMS 0x0000000085b00000, 0x0000000085b00000| Complete 
|  74|0x0000000085c00000, 0x0000000085c00000, 0x0000000085d00000|  0%| F|  |TAMS 0x0000000085c00000, 0x0000000085c00000| Untracked 
|  75|0x0000000085d00000, 0x0000000085d00000, 0x0000000085e00000|  0%| F|  |TAMS 0x0000000085d00000, 0x0000000085d00000| Untracked 
|  76|0x0000000085e00000, 0x0000000085e00000, 0x0000000085f00000|  0%| F|  |TAMS 0x0000000085e00000, 0x0000000085e00000| Untracked 
|  77|0x0000000085f00000, 0x0000000085f00000, 0x0000000086000000|  0%| F|  |TAMS 0x0000000085f00000, 0x0000000085f00000| Untracked 
|  78|0x0000000086000000, 0x0000000086000000, 0x0000000086100000|  0%| F|  |TAMS 0x0000000086000000, 0x0000000086000000| Untracked 
|  79|0x0000000086100000, 0x0000000086100000, 0x0000000086200000|  0%| F|  |TAMS 0x0000000086100000, 0x0000000086100000| Untracked 
|  80|0x0000000086200000, 0x0000000086200000, 0x0000000086300000|  0%| F|  |TAMS 0x0000000086200000, 0x0000000086200000| Untracked 
|  81|0x0000000086300000, 0x0000000086300000, 0x0000000086400000|  0%| F|  |TAMS 0x0000000086300000, 0x0000000086300000| Untracked 
|  82|0x0000000086400000, 0x0000000086400000, 0x0000000086500000|  0%| F|  |TAMS 0x0000000086400000, 0x0000000086400000| Untracked 
|  83|0x0000000086500000, 0x0000000086500000, 0x0000000086600000|  0%| F|  |TAMS 0x0000000086500000, 0x0000000086500000| Untracked 
|  84|0x0000000086600000, 0x0000000086600000, 0x0000000086700000|  0%| F|  |TAMS 0x0000000086600000, 0x0000000086600000| Untracked 
|  85|0x0000000086700000, 0x0000000086700000, 0x0000000086800000|  0%| F|  |TAMS 0x0000000086700000, 0x0000000086700000| Untracked 
|  86|0x0000000086800000, 0x0000000086800000, 0x0000000086900000|  0%| F|  |TAMS 0x0000000086800000, 0x0000000086800000| Untracked 
|  87|0x0000000086900000, 0x0000000086900000, 0x0000000086a00000|  0%| F|  |TAMS 0x0000000086900000, 0x0000000086900000| Untracked 
|  88|0x0000000086a00000, 0x0000000086a00000, 0x0000000086b00000|  0%| F|  |TAMS 0x0000000086a00000, 0x0000000086a00000| Untracked 
|  89|0x0000000086b00000, 0x0000000086b00000, 0x0000000086c00000|  0%| F|  |TAMS 0x0000000086b00000, 0x0000000086b00000| Untracked 
|  90|0x0000000086c00000, 0x0000000086c00000, 0x0000000086d00000|  0%| F|  |TAMS 0x0000000086c00000, 0x0000000086c00000| Untracked 
|  91|0x0000000086d00000, 0x0000000086d00000, 0x0000000086e00000|  0%| F|  |TAMS 0x0000000086d00000, 0x0000000086d00000| Untracked 
|  92|0x0000000086e00000, 0x0000000086e00000, 0x0000000086f00000|  0%| F|  |TAMS 0x0000000086e00000, 0x0000000086e00000| Untracked 
|  93|0x0000000086f00000, 0x0000000086f00000, 0x0000000087000000|  0%| F|  |TAMS 0x0000000086f00000, 0x0000000086f00000| Untracked 
|  94|0x0000000087000000, 0x0000000087000000, 0x0000000087100000|  0%| F|  |TAMS 0x0000000087000000, 0x0000000087000000| Untracked 
|  95|0x0000000087100000, 0x0000000087100000, 0x0000000087200000|  0%| F|  |TAMS 0x0000000087100000, 0x0000000087100000| Untracked 
|  96|0x0000000087200000, 0x0000000087200000, 0x0000000087300000|  0%| F|  |TAMS 0x0000000087200000, 0x0000000087200000| Untracked 
|  97|0x0000000087300000, 0x0000000087300000, 0x0000000087400000|  0%| F|  |TAMS 0x0000000087300000, 0x0000000087300000| Untracked 
|  98|0x0000000087400000, 0x0000000087400000, 0x0000000087500000|  0%| F|  |TAMS 0x0000000087400000, 0x0000000087400000| Untracked 
|  99|0x0000000087500000, 0x0000000087500000, 0x0000000087600000|  0%| F|  |TAMS 0x0000000087500000, 0x0000000087500000| Untracked 
| 100|0x0000000087600000, 0x0000000087600000, 0x0000000087700000|  0%| F|  |TAMS 0x0000000087600000, 0x0000000087600000| Untracked 
| 101|0x0000000087700000, 0x0000000087700000, 0x0000000087800000|  0%| F|  |TAMS 0x0000000087700000, 0x0000000087700000| Untracked 
| 102|0x0000000087800000, 0x0000000087800000, 0x0000000087900000|  0%| F|  |TAMS 0x0000000087800000, 0x0000000087800000| Untracked 
| 103|0x0000000087900000, 0x0000000087900000, 0x0000000087a00000|  0%| F|  |TAMS 0x0000000087900000, 0x0000000087900000| Untracked 
| 104|0x0000000087a00000, 0x0000000087a00000, 0x0000000087b00000|  0%| F|  |TAMS 0x0000000087a00000, 0x0000000087a00000| Untracked 
| 105|0x0000000087b00000, 0x0000000087b00000, 0x0000000087c00000|  0%| F|  |TAMS 0x0000000087b00000, 0x0000000087b00000| Untracked 
| 106|0x0000000087c00000, 0x0000000087c00000, 0x0000000087d00000|  0%| F|  |TAMS 0x0000000087c00000, 0x0000000087c00000| Untracked 
| 107|0x0000000087d00000, 0x0000000087d00000, 0x0000000087e00000|  0%| F|  |TAMS 0x0000000087d00000, 0x0000000087d00000| Untracked 
| 108|0x0000000087e00000, 0x0000000087e00000, 0x0000000087f00000|  0%| F|  |TAMS 0x0000000087e00000, 0x0000000087e00000| Untracked 
| 109|0x0000000087f00000, 0x0000000087f00000, 0x0000000088000000|  0%| F|  |TAMS 0x0000000087f00000, 0x0000000087f00000| Untracked 
| 110|0x0000000088000000, 0x0000000088000000, 0x0000000088100000|  0%| F|  |TAMS 0x0000000088000000, 0x0000000088000000| Untracked 
| 111|0x0000000088100000, 0x0000000088100000, 0x0000000088200000|  0%| F|  |TAMS 0x0000000088100000, 0x0000000088100000| Untracked 
| 112|0x0000000088200000, 0x0000000088200000, 0x0000000088300000|  0%| F|  |TAMS 0x0000000088200000, 0x0000000088200000| Untracked 
| 113|0x0000000088300000, 0x0000000088300000, 0x0000000088400000|  0%| F|  |TAMS 0x0000000088300000, 0x0000000088300000| Untracked 
| 114|0x0000000088400000, 0x0000000088400000, 0x0000000088500000|  0%| F|  |TAMS 0x0000000088400000, 0x0000000088400000| Untracked 
| 115|0x0000000088500000, 0x0000000088500000, 0x0000000088600000|  0%| F|  |TAMS 0x0000000088500000, 0x0000000088500000| Untracked 
| 116|0x0000000088600000, 0x0000000088600000, 0x0000000088700000|  0%| F|  |TAMS 0x0000000088600000, 0x0000000088600000| Untracked 
| 117|0x0000000088700000, 0x0000000088700000, 0x0000000088800000|  0%| F|  |TAMS 0x0000000088700000, 0x0000000088700000| Untracked 
| 118|0x0000000088800000, 0x0000000088800000, 0x0000000088900000|  0%| F|  |TAMS 0x0000000088800000, 0x0000000088800000| Untracked 
| 119|0x0000000088900000, 0x0000000088900000, 0x0000000088a00000|  0%| F|  |TAMS 0x0000000088900000, 0x0000000088900000| Untracked 
| 120|0x0000000088a00000, 0x0000000088a00000, 0x0000000088b00000|  0%| F|  |TAMS 0x0000000088a00000, 0x0000000088a00000| Untracked 
| 121|0x0000000088b00000, 0x0000000088b00000, 0x0000000088c00000|  0%| F|  |TAMS 0x0000000088b00000, 0x0000000088b00000| Untracked 
| 122|0x0000000088c00000, 0x0000000088c00000, 0x0000000088d00000|  0%| F|  |TAMS 0x0000000088c00000, 0x0000000088c00000| Untracked 
| 123|0x0000000088d00000, 0x0000000088d00000, 0x0000000088e00000|  0%| F|  |TAMS 0x0000000088d00000, 0x0000000088d00000| Untracked 
| 124|0x0000000088e00000, 0x0000000088e00000, 0x0000000088f00000|  0%| F|  |TAMS 0x0000000088e00000, 0x0000000088e00000| Untracked 
| 125|0x0000000088f00000, 0x0000000088f00000, 0x0000000089000000|  0%| F|  |TAMS 0x0000000088f00000, 0x0000000088f00000| Untracked 
| 126|0x0000000089000000, 0x0000000089000000, 0x0000000089100000|  0%| F|  |TAMS 0x0000000089000000, 0x0000000089000000| Untracked 
| 127|0x0000000089100000, 0x0000000089100000, 0x0000000089200000|  0%| F|  |TAMS 0x0000000089100000, 0x0000000089100000| Untracked 
| 128|0x0000000089200000, 0x0000000089200000, 0x0000000089300000|  0%| F|  |TAMS 0x0000000089200000, 0x0000000089200000| Untracked 
| 129|0x0000000089300000, 0x0000000089300000, 0x0000000089400000|  0%| F|  |TAMS 0x0000000089300000, 0x0000000089300000| Untracked 
| 130|0x0000000089400000, 0x0000000089400000, 0x0000000089500000|  0%| F|  |TAMS 0x0000000089400000, 0x0000000089400000| Untracked 
| 131|0x0000000089500000, 0x0000000089500000, 0x0000000089600000|  0%| F|  |TAMS 0x0000000089500000, 0x0000000089500000| Untracked 
| 132|0x0000000089600000, 0x0000000089600000, 0x0000000089700000|  0%| F|  |TAMS 0x0000000089600000, 0x0000000089600000| Untracked 
| 133|0x0000000089700000, 0x0000000089700000, 0x0000000089800000|  0%| F|  |TAMS 0x0000000089700000, 0x0000000089700000| Untracked 
| 134|0x0000000089800000, 0x0000000089900000, 0x0000000089900000|100%| E|  |TAMS 0x0000000089800000, 0x0000000089800000| Complete 
| 135|0x0000000089900000, 0x0000000089a00000, 0x0000000089a00000|100%| E|CS|TAMS 0x0000000089900000, 0x0000000089900000| Complete 
| 136|0x0000000089a00000, 0x0000000089b00000, 0x0000000089b00000|100%| E|CS|TAMS 0x0000000089a00000, 0x0000000089a00000| Complete 
| 137|0x0000000089b00000, 0x0000000089c00000, 0x0000000089c00000|100%| E|CS|TAMS 0x0000000089b00000, 0x0000000089b00000| Complete 
| 138|0x0000000089c00000, 0x0000000089d00000, 0x0000000089d00000|100%| E|CS|TAMS 0x0000000089c00000, 0x0000000089c00000| Complete 
| 139|0x0000000089d00000, 0x0000000089e00000, 0x0000000089e00000|100%| E|CS|TAMS 0x0000000089d00000, 0x0000000089d00000| Complete 
| 140|0x0000000089e00000, 0x0000000089f00000, 0x0000000089f00000|100%| E|CS|TAMS 0x0000000089e00000, 0x0000000089e00000| Complete 
| 141|0x0000000089f00000, 0x000000008a000000, 0x000000008a000000|100%| E|CS|TAMS 0x0000000089f00000, 0x0000000089f00000| Complete 
| 142|0x000000008a000000, 0x000000008a100000, 0x000000008a100000|100%| E|CS|TAMS 0x000000008a000000, 0x000000008a000000| Complete 
| 143|0x000000008a100000, 0x000000008a200000, 0x000000008a200000|100%| E|CS|TAMS 0x000000008a100000, 0x000000008a100000| Complete 
| 144|0x000000008a200000, 0x000000008a300000, 0x000000008a300000|100%| E|CS|TAMS 0x000000008a200000, 0x000000008a200000| Complete 
| 145|0x000000008a300000, 0x000000008a400000, 0x000000008a400000|100%| E|CS|TAMS 0x000000008a300000, 0x000000008a300000| Complete 
| 146|0x000000008a400000, 0x000000008a500000, 0x000000008a500000|100%| E|CS|TAMS 0x000000008a400000, 0x000000008a400000| Complete 
| 147|0x000000008a500000, 0x000000008a600000, 0x000000008a600000|100%| E|CS|TAMS 0x000000008a500000, 0x000000008a500000| Complete 
| 148|0x000000008a600000, 0x000000008a700000, 0x000000008a700000|100%| E|CS|TAMS 0x000000008a600000, 0x000000008a600000| Complete 
| 149|0x000000008a700000, 0x000000008a800000, 0x000000008a800000|100%| E|CS|TAMS 0x000000008a700000, 0x000000008a700000| Complete 
| 150|0x000000008a800000, 0x000000008a900000, 0x000000008a900000|100%| E|CS|TAMS 0x000000008a800000, 0x000000008a800000| Complete 
| 151|0x000000008a900000, 0x000000008aa00000, 0x000000008aa00000|100%| E|CS|TAMS 0x000000008a900000, 0x000000008a900000| Complete 
| 152|0x000000008aa00000, 0x000000008ab00000, 0x000000008ab00000|100%| E|CS|TAMS 0x000000008aa00000, 0x000000008aa00000| Complete 
| 153|0x000000008ab00000, 0x000000008ac00000, 0x000000008ac00000|100%| E|CS|TAMS 0x000000008ab00000, 0x000000008ab00000| Complete 

Card table byte_map: [0x0000023660dc0000,0x00000236611c0000] _byte_map_base: 0x00000236609b7000

Marking Bits (Prev, Next): (CMBitMap*) 0x0000023646e794c8, (CMBitMap*) 0x0000023646e79500
 Prev Bits: [0x00000236615c0000, 0x0000023663578000)
 Next Bits: [0x0000023663580000, 0x0000023665538000)

Polling page: 0x0000023646f10000

Metaspace:

Usage:
  Non-class:     42.41 MB capacity,    41.63 MB ( 98%) used,   637.45 KB (  1%) free+waste,   159.75 KB ( <1%) overhead. 
      Class:      6.51 MB capacity,     6.01 MB ( 92%) used,   439.33 KB (  7%) free+waste,    74.44 KB (  1%) overhead. 
       Both:     48.92 MB capacity,    47.64 MB ( 97%) used,     1.05 MB (  2%) free+waste,   234.19 KB ( <1%) overhead. 

Virtual space:
  Non-class space:       44.00 MB reserved,      42.66 MB ( 97%) committed 
      Class space:        1.00 GB reserved,       6.55 MB ( <1%) committed 
             Both:        1.04 GB reserved,      49.20 MB (  5%) committed 

Chunk freelists:
   Non-Class:  63.00 KB
       Class:  18.00 KB
        Both:  81.00 KB

MaxMetaspaceSize: 17179869184.00 GB
CompressedClassSpaceSize: 1.00 GB
Initial GC threshold: 20.80 MB
Current GC threshold: 58.88 MB
CDS: off

CodeHeap 'non-profiled nmethods': size=120000Kb used=2378Kb max_used=2378Kb free=117621Kb
 bounds [0x0000023658800000, 0x0000023658a70000, 0x000002365fd30000]
CodeHeap 'profiled nmethods': size=120000Kb used=9660Kb max_used=9660Kb free=110339Kb
 bounds [0x00000236512d0000, 0x0000023651c40000, 0x0000023658800000]
CodeHeap 'non-nmethods': size=5760Kb used=1355Kb max_used=1374Kb free=4404Kb
 bounds [0x0000023650d30000, 0x0000023650fa0000, 0x00000236512d0000]
 total_blobs=4731 nmethods=4175 adapters=476
 compilation: enabled
              stopped_count=0, restarted_count=0
 full_count=0

Compilation events (20 events):
Event: 6.696 Thread 0x0000023668bfc800 4173       3       org.jetbrains.capture.org.objectweb.asm.SymbolTable::get (13 bytes)
Event: 6.696 Thread 0x0000023668bfc800 nmethod 4173 0x0000023651c3c990 code [0x0000023651c3cb40, 0x0000023651c3cc98]
Event: 6.696 Thread 0x0000023668bfc800 4174       3       java.util.regex.Pattern::nextEscaped (19 bytes)
Event: 6.696 Thread 0x0000023668bfc800 nmethod 4174 0x0000023651c3cd90 code [0x0000023651c3cf40, 0x0000023651c3d078]
Event: 6.696 Thread 0x0000023668bfc800 4175       3       org.jetbrains.capture.org.objectweb.asm.SymbolTable::addConstantUtf8 (98 bytes)
Event: 6.697 Thread 0x0000023668bfc800 nmethod 4175 0x0000023651c3d190 code [0x0000023651c3d3e0, 0x0000023651c3da78]
Event: 6.697 Thread 0x0000023668bfc800 4176       3       org.jetbrains.capture.org.objectweb.asm.ClassReader::readInt (52 bytes)
Event: 6.697 Thread 0x0000023668bfc800 nmethod 4176 0x0000023651c3de10 code [0x0000023651c3dfc0, 0x0000023651c3e198]
Event: 6.698 Thread 0x0000023668bfc800 4177       1       org.jetbrains.capture.org.objectweb.asm.SymbolTable::getMajorVersion (5 bytes)
Event: 6.698 Thread 0x0000023668bfc800 nmethod 4177 0x0000023658a49910 code [0x0000023658a49ac0, 0x0000023658a49b78]
Event: 6.698 Thread 0x0000023668bfc800 4178       1       org.jetbrains.capture.org.objectweb.asm.SymbolTable::getSource (5 bytes)
Event: 6.698 Thread 0x0000023668bfc800 nmethod 4178 0x0000023658a49c10 code [0x0000023658a49dc0, 0x0000023658a49e78]
Event: 6.700 Thread 0x0000023668bfc800 4179       3       java.lang.invoke.MethodHandles$Lookup::checkField (56 bytes)
Event: 6.701 Thread 0x0000023668bfc800 nmethod 4179 0x0000023651c3e310 code [0x0000023651c3e520, 0x0000023651c3e9d8]
Event: 6.714 Thread 0x0000023668bf1000 nmethod 4117 0x0000023658a49f10 code [0x0000023658a4a240, 0x0000023658a4df28]
Event: 6.714 Thread 0x0000023668bf1000 4168       4       org.jetbrains.capture.org.objectweb.asm.ClassReader::readUnsignedShort (26 bytes)
Event: 6.716 Thread 0x0000023668bf1000 nmethod 4168 0x0000023658a4ff10 code [0x0000023658a500a0, 0x0000023658a50198]
Event: 6.716 Thread 0x0000023668bf1000 3891       4       java.util.concurrent.ConcurrentHashMap::sumCount (60 bytes)
Event: 6.717 Thread 0x0000023668bf1000 nmethod 3891 0x0000023658a50290 code [0x0000023658a50420, 0x0000023658a50498]
Event: 6.720 Thread 0x0000023668bf1000 4180       4       java.util.zip.InflaterInputStream::<init> (79 bytes)

GC Heap History (14 events):
Event: 1.013 GC heap before
{Heap before GC invocations=0 (full 0):
 garbage-first heap   total 131072K, used 24576K [0x0000000081200000, 0x0000000100000000)
  region size 1024K, 24 young (24576K), 0 survivors (0K)
 Metaspace       used 10662K, capacity 10971K, committed 11264K, reserved 1058816K
  class space    used 1068K, capacity 1189K, committed 1280K, reserved 1048576K
}
Event: 1.018 GC heap after
{Heap after GC invocations=1 (full 0):
 garbage-first heap   total 131072K, used 6358K [0x0000000081200000, 0x0000000100000000)
  region size 1024K, 3 young (3072K), 3 survivors (3072K)
 Metaspace       used 10662K, capacity 10971K, committed 11264K, reserved 1058816K
  class space    used 1068K, capacity 1189K, committed 1280K, reserved 1048576K
}
Event: 2.326 GC heap before
{Heap before GC invocations=1 (full 0):
 garbage-first heap   total 131072K, used 64726K [0x0000000081200000, 0x0000000100000000)
  region size 1024K, 61 young (62464K), 3 survivors (3072K)
 Metaspace       used 20504K, capacity 21240K, committed 21296K, reserved 1069056K
  class space    used 2286K, capacity 2573K, committed 2608K, reserved 1048576K
}
Event: 2.338 GC heap after
{Heap after GC invocations=2 (full 0):
 garbage-first heap   total 131072K, used 9420K [0x0000000081200000, 0x0000000100000000)
  region size 1024K, 6 young (6144K), 6 survivors (6144K)
 Metaspace       used 20504K, capacity 21240K, committed 21296K, reserved 1069056K
  class space    used 2286K, capacity 2573K, committed 2608K, reserved 1048576K
}
Event: 2.614 GC heap before
{Heap before GC invocations=3 (full 0):
 garbage-first heap   total 131072K, used 31948K [0x0000000081200000, 0x0000000100000000)
  region size 1024K, 28 young (28672K), 6 survivors (6144K)
 Metaspace       used 23545K, capacity 24378K, committed 24624K, reserved 1071104K
  class space    used 2720K, capacity 3038K, committed 3120K, reserved 1048576K
}
Event: 2.625 GC heap after
{Heap after GC invocations=4 (full 0):
 garbage-first heap   total 131072K, used 9837K [0x0000000081200000, 0x0000000100000000)
  region size 1024K, 1 young (1024K), 1 survivors (1024K)
 Metaspace       used 23545K, capacity 24378K, committed 24624K, reserved 1071104K
  class space    used 2720K, capacity 3038K, committed 3120K, reserved 1048576K
}
Event: 2.866 GC heap before
{Heap before GC invocations=4 (full 0):
 garbage-first heap   total 131072K, used 65133K [0x0000000081200000, 0x0000000100000000)
  region size 1024K, 56 young (57344K), 1 survivors (1024K)
 Metaspace       used 25863K, capacity 26727K, committed 27056K, reserved 1073152K
  class space    used 3097K, capacity 3413K, committed 3504K, reserved 1048576K
}
Event: 2.871 GC heap after
{Heap after GC invocations=5 (full 0):
 garbage-first heap   total 131072K, used 10787K [0x0000000081200000, 0x0000000100000000)
  region size 1024K, 2 young (2048K), 2 survivors (2048K)
 Metaspace       used 25863K, capacity 26727K, committed 27056K, reserved 1073152K
  class space    used 3097K, capacity 3413K, committed 3504K, reserved 1048576K
}
Event: 4.212 GC heap before
{Heap before GC invocations=5 (full 0):
 garbage-first heap   total 131072K, used 71203K [0x0000000081200000, 0x0000000100000000)
  region size 1024K, 62 young (63488K), 2 survivors (2048K)
 Metaspace       used 31167K, capacity 32333K, committed 32432K, reserved 1077248K
  class space    used 3778K, capacity 4230K, committed 4272K, reserved 1048576K
}
Event: 4.223 GC heap after
{Heap after GC invocations=6 (full 0):
 garbage-first heap   total 131072K, used 13271K [0x0000000081200000, 0x0000000100000000)
  region size 1024K, 5 young (5120K), 5 survivors (5120K)
 Metaspace       used 31167K, capacity 32333K, committed 32432K, reserved 1077248K
  class space    used 3778K, capacity 4230K, committed 4272K, reserved 1048576K
}
Event: 4.815 GC heap before
{Heap before GC invocations=6 (full 0):
 garbage-first heap   total 131072K, used 37847K [0x0000000081200000, 0x0000000100000000)
  region size 1024K, 30 young (30720K), 5 survivors (5120K)
 Metaspace       used 34651K, capacity 35791K, committed 35920K, reserved 1081344K
  class space    used 4283K, capacity 4740K, committed 4784K, reserved 1048576K
}
Event: 4.828 GC heap after
{Heap after GC invocations=7 (full 0):
 garbage-first heap   total 157696K, used 14207K [0x0000000081200000, 0x0000000100000000)
  region size 1024K, 6 young (6144K), 6 survivors (6144K)
 Metaspace       used 34651K, capacity 35791K, committed 35920K, reserved 1081344K
  class space    used 4283K, capacity 4740K, committed 4784K, reserved 1048576K
}
Event: 6.419 GC heap before
{Heap before GC invocations=8 (full 0):
 garbage-first heap   total 157696K, used 88959K [0x0000000081200000, 0x0000000100000000)
  region size 1024K, 80 young (81920K), 6 survivors (6144K)
 Metaspace       used 46944K, capacity 48183K, committed 48464K, reserved 1091584K
  class space    used 5947K, capacity 6440K, committed 6576K, reserved 1048576K
}
Event: 6.437 GC heap after
{Heap after GC invocations=9 (full 0):
 garbage-first heap   total 157696K, used 17971K [0x0000000081200000, 0x0000000100000000)
  region size 1024K, 9 young (9216K), 9 survivors (9216K)
 Metaspace       used 46944K, capacity 48183K, committed 48464K, reserved 1091584K
  class space    used 5947K, capacity 6440K, committed 6576K, reserved 1048576K
}

Deoptimization events (20 events):
Event: 6.713 Thread 0x0000023646e34800 DEOPT PACKING pc=0x000002365141263c sp=0x000000ade75fac80
Event: 6.713 Thread 0x0000023646e34800 DEOPT UNPACKING pc=0x0000023650d7a95e sp=0x000000ade75fa170 mode 1
Event: 6.716 Thread 0x0000023646e34800 DEOPT PACKING pc=0x000002365141263c sp=0x000000ade75fac80
Event: 6.716 Thread 0x0000023646e34800 DEOPT UNPACKING pc=0x0000023650d7a95e sp=0x000000ade75fa170 mode 1
Event: 6.716 Thread 0x0000023646e34800 DEOPT PACKING pc=0x000002365141263c sp=0x000000ade75fac80
Event: 6.716 Thread 0x0000023646e34800 DEOPT UNPACKING pc=0x0000023650d7a95e sp=0x000000ade75fa170 mode 1
Event: 6.718 Thread 0x0000023646e34800 DEOPT PACKING pc=0x000002365141263c sp=0x000000ade75fac80
Event: 6.718 Thread 0x0000023646e34800 DEOPT UNPACKING pc=0x0000023650d7a95e sp=0x000000ade75fa170 mode 1
Event: 6.718 Thread 0x0000023646e34800 DEOPT PACKING pc=0x000002365141263c sp=0x000000ade75fac80
Event: 6.718 Thread 0x0000023646e34800 DEOPT UNPACKING pc=0x0000023650d7a95e sp=0x000000ade75fa170 mode 1
Event: 6.720 Thread 0x0000023646e34800 DEOPT PACKING pc=0x000002365141263c sp=0x000000ade75fac80
Event: 6.720 Thread 0x0000023646e34800 DEOPT UNPACKING pc=0x0000023650d7a95e sp=0x000000ade75fa170 mode 1
Event: 6.720 Thread 0x0000023646e34800 DEOPT PACKING pc=0x000002365141263c sp=0x000000ade75fac80
Event: 6.720 Thread 0x0000023646e34800 DEOPT UNPACKING pc=0x0000023650d7a95e sp=0x000000ade75fa170 mode 1
Event: 6.724 Thread 0x0000023646e34800 DEOPT PACKING pc=0x000002365141263c sp=0x000000ade75fac80
Event: 6.724 Thread 0x0000023646e34800 DEOPT UNPACKING pc=0x0000023650d7a95e sp=0x000000ade75fa170 mode 1
Event: 6.724 Thread 0x0000023646e34800 DEOPT PACKING pc=0x000002365141263c sp=0x000000ade75fac80
Event: 6.724 Thread 0x0000023646e34800 DEOPT UNPACKING pc=0x0000023650d7a95e sp=0x000000ade75fa170 mode 1
Event: 6.727 Thread 0x0000023646e34800 DEOPT PACKING pc=0x000002365141263c sp=0x000000ade75fac80
Event: 6.727 Thread 0x0000023646e34800 DEOPT UNPACKING pc=0x0000023650d7a95e sp=0x000000ade75fa170 mode 1

Classes redefined (0 events):
No events

Internal exceptions (20 events):
Event: 4.385 Thread 0x0000023646e34800 Exception <a 'java/lang/ClassNotFoundException'{0x0000000088cb2f58}: org/springframework/beans/factory/BeanClassLoaderAwareCustomizer> (0x0000000088cb2f58) thrown at [./src/hotspot/share/classfile/systemDictionary.cpp, line 231]
Event: 4.387 Thread 0x0000023646e34800 Exception <a 'java/lang/ClassNotFoundException'{0x0000000088cc32d0}: org/springframework/beans/factory/AwareCustomizer> (0x0000000088cc32d0) thrown at [./src/hotspot/share/classfile/systemDictionary.cpp, line 231]
Event: 4.388 Thread 0x0000023646e34800 Exception <a 'java/lang/ClassNotFoundException'{0x0000000088cd42b8}: org/springframework/beans/factory/BeanFactoryAwareCustomizer> (0x0000000088cd42b8) thrown at [./src/hotspot/share/classfile/systemDictionary.cpp, line 231]
Event: 4.389 Thread 0x0000023646e34800 Exception <a 'java/lang/ClassNotFoundException'{0x0000000088ce4b30}: org/springframework/beans/factory/AwareCustomizer> (0x0000000088ce4b30) thrown at [./src/hotspot/share/classfile/systemDictionary.cpp, line 231]
Event: 4.390 Thread 0x0000023646e34800 Exception <a 'java/lang/ClassNotFoundException'{0x0000000088cf50d8}: org/springframework/beans/factory/BeanNameAwareCustomizer> (0x0000000088cf50d8) thrown at [./src/hotspot/share/classfile/systemDictionary.cpp, line 231]
Event: 4.391 Thread 0x0000023646e34800 Exception <a 'java/lang/ClassNotFoundException'{0x0000000088b05cd8}: org/springframework/beans/factory/AwareCustomizer> (0x0000000088b05cd8) thrown at [./src/hotspot/share/classfile/systemDictionary.cpp, line 231]
Event: 4.392 Thread 0x0000023646e34800 Exception <a 'java/lang/ClassNotFoundException'{0x0000000088b16cc0}: org/springframework/beans/factory/InitializingBeanCustomizer> (0x0000000088b16cc0) thrown at [./src/hotspot/share/classfile/systemDictionary.cpp, line 231]
Event: 4.393 Thread 0x0000023646e34800 Exception <a 'java/lang/ClassNotFoundException'{0x0000000088b27f58}: org/springframework/beans/factory/DisposableBeanCustomizer> (0x0000000088b27f58) thrown at [./src/hotspot/share/classfile/systemDictionary.cpp, line 231]
Event: 4.394 Thread 0x0000023646e34800 Exception <a 'java/lang/ClassNotFoundException'{0x0000000088b3a0b0}: org/springframework/orm/jpa/EntityManagerFactoryInfoCustomizer> (0x0000000088b3a0b0) thrown at [./src/hotspot/share/classfile/systemDictionary.cpp, line 231]
Event: 4.396 Thread 0x0000023646e34800 Exception <a 'java/lang/ClassNotFoundException'{0x0000000088b56ed0}: org/springframework/dao/support/PersistenceExceptionTranslatorCustomizer> (0x0000000088b56ed0) thrown at [./src/hotspot/share/classfile/systemDictionary.cpp, line 231]
Event: 4.885 Thread 0x0000023646e34800 Exception <a 'java/lang/NoSuchMethodError'{0x000000008aab4448}: 'java.lang.Object java.lang.invoke.DirectMethodHandle$Holder.invokeStaticInit(java.lang.Object, int, int, int, int)'> (0x000000008aab4448) thrown at [./src/hotspot/share/interpreter/linkResolver.cpp, line 773]
Event: 4.968 Thread 0x0000023646e34800 Exception <a 'java/lang/NoSuchMethodError'{0x000000008aae0490}: 'java.lang.Object java.lang.invoke.DirectMethodHandle$Holder.invokeStaticInit(java.lang.Object, java.lang.Object, int, int, int, int)'> (0x000000008aae0490) thrown at [./src/hotspot/share/interpreter/linkResolver.cpp, line 773]
Event: 5.141 Thread 0x0000023646e34800 Exception <a 'java/lang/NoSuchMethodError'{0x000000008a37fff0}: 'java.lang.Object java.lang.invoke.DirectMethodHandle$Holder.invokeStatic(java.lang.Object, java.lang.Object, java.lang.Object, java.lang.Object, java.lang.Object, java.lang.Object, java.lang.Object, java.lang.Object, java.lang.Object, java.lang.Object, java.lang.Object, java.lang.Object, java.lang.Object, java.lang.Object, java.lang.Object)'> (0x000000008a37fff0) thrown at [./src/hotspot/share/interpreter/linkResolver.cpp, line 773]
Event: 5.144 Thread 0x0000023646e34800 Exception <a 'java/lang/NoSuchMethodError'{0x000000008a3b1980}: 'java.lang.Object java.lang.invoke.DirectMethodHandle$Holder.invokeStatic(java.lang.Object, java.lang.Object, java.lang.Object, java.lang.Object, java.lang.Object, java.lang.Object, java.lang.Object, java.lang.Object, java.lang.Object, java.lang.Object, java.lang.Object, java.lang.Object, java.lang.Object, java.lang.Object, java.lang.Object, java.lang.Object)'> (0x000000008a3b1980) thrown at [./src/hotspot/share/interpreter/linkResolver.cpp, l
Event: 5.145 Thread 0x0000023646e34800 Exception <a 'java/lang/NoSuchMethodError'{0x000000008a3bfde8}: 'java.lang.Object java.lang.invoke.DirectMethodHandle$Holder.invokeSpecial(java.lang.Object, java.lang.Object, int, int, java.lang.Object, java.lang.Object, java.lang.Object)'> (0x000000008a3bfde8) thrown at [./src/hotspot/share/interpreter/linkResolver.cpp, line 773]
Event: 5.146 Thread 0x0000023646e34800 Exception <a 'java/lang/NoSuchMethodError'{0x000000008a3c3b70}: 'java.lang.Object java.lang.invoke.DelegatingMethodHandle$Holder.reinvoke_L(java.lang.Object, int, int, java.lang.Object, java.lang.Object, java.lang.Object)'> (0x000000008a3c3b70) thrown at [./src/hotspot/share/interpreter/linkResolver.cpp, line 773]
Event: 5.603 Thread 0x0000023646e34800 Exception <a 'sun/nio/fs/WindowsException'{0x0000000089381980}> (0x0000000089381980) thrown at [./src/hotspot/share/prims/jni.cpp, line 615]
Event: 5.615 Thread 0x0000023646e34800 Exception <a 'java/lang/NoSuchMethodError'{0x00000000893b4400}: 'int java.lang.invoke.DirectMethodHandle$Holder.invokeStaticInit(java.lang.Object, java.lang.Object, java.lang.Object, java.lang.Object)'> (0x00000000893b4400) thrown at [./src/hotspot/share/interpreter/linkResolver.cpp, line 773]
Event: 6.187 Thread 0x0000023646e34800 Exception <a 'java/lang/NoSuchMethodError'{0x0000000087b33c58}: 'java.lang.Object java.lang.invoke.DirectMethodHandle$Holder.invokeStaticInit(java.lang.Object, java.lang.Object, java.lang.Object, java.lang.Object)'> (0x0000000087b33c58) thrown at [./src/hotspot/share/interpreter/linkResolver.cpp, line 773]
Event: 6.645 Thread 0x0000023646e34800 Exception <a 'java/lang/NoSuchMethodError'{0x0000000089c561e0}: 'java.lang.Object java.lang.invoke.DirectMethodHandle$Holder.newInvokeSpecial(java.lang.Object, java.lang.Object, int, java.lang.Object, java.lang.Object)'> (0x0000000089c561e0) thrown at [./src/hotspot/share/interpreter/linkResolver.cpp, line 773]

Events (20 events):
Event: 6.720 loading class org/hibernate/event/internal/DefaultFlushEventListener done
Event: 6.721 loading class org/hibernate/event/internal/DefaultFlushEntityEventListener
Event: 6.721 loading class org/hibernate/event/internal/DefaultFlushEntityEventListener done
Event: 6.723 loading class org/hibernate/CustomEntityDirtinessStrategy$DirtyCheckContext
Event: 6.723 loading class org/hibernate/CustomEntityDirtinessStrategy$DirtyCheckContext done
Event: 6.723 loading class org/hibernate/StaleObjectStateException
Event: 6.723 loading class org/hibernate/StaleObjectStateException done
Event: 6.723 loading class org/hibernate/StaleStateException
Event: 6.723 loading class org/hibernate/StaleStateException done
Event: 6.724 loading class org/hibernate/internal/CoreMessageLogger_$logger_es_CO
Event: 6.724 loading class org/hibernate/internal/CoreMessageLogger_$logger_es_CO done
Event: 6.724 loading class org/hibernate/internal/CoreMessageLogger_$logger_es
Event: 6.724 loading class org/hibernate/internal/CoreMessageLogger_$logger_es done
Event: 6.725 loading class org/hibernate/event/internal/DefaultLoadEventListener
Event: 6.725 loading class org/hibernate/event/internal/DefaultLoadEventListener done
Event: 6.726 loading class org/hibernate/TypeMismatchException
Event: 6.726 loading class org/hibernate/TypeMismatchException done
Event: 6.727 loading class org/hibernate/internal/CoreMessageLogger_$logger_es_CO
Event: 6.727 loading class org/hibernate/internal/CoreMessageLogger_$logger_es_CO done
Event: 6.727 loading class org/hibernate/internal/CoreMessageLogger_$logger_es


Dynamic libraries:
0x00007ff7a2b80000 - 0x00007ff7a2b8d000 	C:\Users\Usuario\.jdks\temurin-11.0.12\bin\java.exe
0x00007fffee8b0000 - 0x00007fffeeaa5000 	C:\Windows\SYSTEM32\ntdll.dll
0x00007fffed7c0000 - 0x00007fffed87d000 	C:\Windows\System32\KERNEL32.DLL
0x00007fffec260000 - 0x00007fffec528000 	C:\Windows\System32\KERNELBASE.dll
0x00007fffec0d0000 - 0x00007fffec1d0000 	C:\Windows\System32\ucrtbase.dll
0x00007fffe9900000 - 0x00007fffe9917000 	C:\Users\Usuario\.jdks\temurin-11.0.12\bin\jli.dll
0x00007fffe98e0000 - 0x00007fffe98f5000 	C:\Users\Usuario\.jdks\temurin-11.0.12\bin\VCRUNTIME140.dll
0x00007fffecc00000 - 0x00007fffecda0000 	C:\Windows\System32\USER32.dll
0x00007fffd8f00000 - 0x00007fffd919a000 	C:\Windows\WinSxS\amd64_microsoft.windows.common-controls_6595b64144ccf1df_6.0.19041.844_none_ca00b6081b84eb1d\COMCTL32.dll
0x00007fffec7c0000 - 0x00007fffec7e2000 	C:\Windows\System32\win32u.dll
0x00007fffec9b0000 - 0x00007fffeca4e000 	C:\Windows\System32\msvcrt.dll
0x00007fffed320000 - 0x00007fffed34a000 	C:\Windows\System32\GDI32.dll
0x00007fffec840000 - 0x00007fffec94b000 	C:\Windows\System32\gdi32full.dll
0x00007fffec030000 - 0x00007fffec0cd000 	C:\Windows\System32\msvcp_win.dll
0x00007fffed8f0000 - 0x00007fffed920000 	C:\Windows\System32\IMM32.DLL
0x00007fffe15d0000 - 0x00007fffe166b000 	C:\Users\Usuario\.jdks\temurin-11.0.12\bin\msvcp140.dll
0x00007fffcdc20000 - 0x00007fffce779000 	C:\Users\Usuario\.jdks\temurin-11.0.12\bin\server\jvm.dll
0x00007fffee630000 - 0x00007fffee6dc000 	C:\Windows\System32\ADVAPI32.dll
0x00007fffed920000 - 0x00007fffed9bb000 	C:\Windows\System32\sechost.dll
0x00007fffed9c0000 - 0x00007fffedaeb000 	C:\Windows\System32\RPCRT4.dll
0x00007fffed8e0000 - 0x00007fffed8e8000 	C:\Windows\System32\PSAPI.DLL
0x00007fffb0bd0000 - 0x00007fffb0bd9000 	C:\Windows\SYSTEM32\WSOCK32.dll
0x00007fffe2850000 - 0x00007fffe285a000 	C:\Windows\SYSTEM32\VERSION.dll
0x00007fffee6e0000 - 0x00007fffee74b000 	C:\Windows\System32\WS2_32.dll
0x00007fffe2820000 - 0x00007fffe2847000 	C:\Windows\SYSTEM32\WINMM.dll
0x00007fffe9f90000 - 0x00007fffe9fa2000 	C:\Windows\SYSTEM32\kernel.appcore.dll
0x00007fffe98d0000 - 0x00007fffe98e0000 	C:\Users\Usuario\.jdks\temurin-11.0.12\bin\verify.dll
0x00007fffdf7b0000 - 0x00007fffdf994000 	C:\Windows\SYSTEM32\DBGHELP.DLL
0x00007fffdf390000 - 0x00007fffdf3bc000 	C:\Windows\SYSTEM32\dbgcore.DLL
0x00007fffec530000 - 0x00007fffec5b0000 	C:\Windows\System32\bcryptPrimitives.dll
0x00007fffe7620000 - 0x00007fffe7648000 	C:\Users\Usuario\.jdks\temurin-11.0.12\bin\java.dll
0x00007fffe7dd0000 - 0x00007fffe7dda000 	C:\Users\Usuario\.jdks\temurin-11.0.12\bin\jimage.dll
0x00007fffb5ce0000 - 0x00007fffb5d18000 	C:\Users\Usuario\.jdks\temurin-11.0.12\bin\jdwp.dll
0x00007fffdd480000 - 0x00007fffdd48e000 	C:\Users\Usuario\.jdks\temurin-11.0.12\bin\instrument.dll
0x00007fffe3af0000 - 0x00007fffe3b07000 	C:\Users\Usuario\.jdks\temurin-11.0.12\bin\zip.dll
0x00007fffedee0000 - 0x00007fffee622000 	C:\Windows\System32\SHELL32.dll
0x00007fffea190000 - 0x00007fffea921000 	C:\Windows\SYSTEM32\windows.storage.dll
0x00007fffedb80000 - 0x00007fffeded5000 	C:\Windows\System32\combase.dll
0x00007fffeba30000 - 0x00007fffeba5c000 	C:\Windows\SYSTEM32\Wldp.dll
0x00007fffee750000 - 0x00007fffee7fe000 	C:\Windows\System32\SHCORE.dll
0x00007fffec950000 - 0x00007fffec9a5000 	C:\Windows\System32\shlwapi.dll
0x00007fffebf70000 - 0x00007fffebf8f000 	C:\Windows\SYSTEM32\profapi.dll
0x00007fffdd140000 - 0x00007fffdd14a000 	C:\Users\Usuario\.jdks\temurin-11.0.12\bin\dt_socket.dll
0x00007fffeb7a0000 - 0x00007fffeb80a000 	C:\Windows\system32\mswsock.dll
0x00007fffe3ad0000 - 0x00007fffe3ae9000 	C:\Users\Usuario\.jdks\temurin-11.0.12\bin\net.dll
0x00007fffe5120000 - 0x00007fffe522b000 	C:\Windows\SYSTEM32\WINHTTP.dll
0x00007fffe3990000 - 0x00007fffe39a2000 	C:\Users\Usuario\.jdks\temurin-11.0.12\bin\nio.dll
0x00007fffe7430000 - 0x00007fffe7439000 	C:\Users\Usuario\.jdks\temurin-11.0.12\bin\management.dll
0x00007fffe3ac0000 - 0x00007fffe3acb000 	C:\Users\Usuario\.jdks\temurin-11.0.12\bin\management_ext.dll
0x00007fffdd6c0000 - 0x00007fffdd6d7000 	C:\Windows\system32\napinsp.dll
0x00007fffdd6a0000 - 0x00007fffdd6bb000 	C:\Windows\system32\pnrpnsp.dll
0x00007fffdd680000 - 0x00007fffdd695000 	C:\Windows\system32\wshbth.dll
0x00007fffe7c10000 - 0x00007fffe7c2d000 	C:\Windows\system32\NLAapi.dll
0x00007fffeb430000 - 0x00007fffeb46b000 	C:\Windows\SYSTEM32\IPHLPAPI.DLL
0x00007fffeb470000 - 0x00007fffeb53c000 	C:\Windows\SYSTEM32\DNSAPI.dll
0x00007fffedb10000 - 0x00007fffedb18000 	C:\Windows\System32\NSI.dll
0x00007fffdd570000 - 0x00007fffdd582000 	C:\Windows\System32\winrnr.dll
0x00007fffe49c0000 - 0x00007fffe49ca000 	C:\Windows\System32\rasadhlp.dll
0x00007fffe5510000 - 0x00007fffe558f000 	C:\Windows\System32\fwpuclnt.dll
0x00007fffec1d0000 - 0x00007fffec1f7000 	C:\Windows\System32\bcrypt.dll
0x00007fffeb970000 - 0x00007fffeb988000 	C:\Windows\SYSTEM32\CRYPTSP.dll
0x00007fffeb0e0000 - 0x00007fffeb114000 	C:\Windows\system32\rsaenh.dll
0x00007fffebef0000 - 0x00007fffebf1e000 	C:\Windows\SYSTEM32\USERENV.dll
0x00007fffeb990000 - 0x00007fffeb99c000 	C:\Windows\SYSTEM32\CRYPTBASE.dll
0x00007fffe6200000 - 0x00007fffe6217000 	C:\Windows\SYSTEM32\dhcpcsvc6.DLL
0x00007fffe6580000 - 0x00007fffe659d000 	C:\Windows\SYSTEM32\dhcpcsvc.DLL
0x00007fffd2320000 - 0x00007fffd2345000 	C:\Users\Usuario\.jdks\temurin-11.0.12\bin\sunec.dll
0x00007fffdc760000 - 0x00007fffdc76e000 	C:\Users\Usuario\.jdks\temurin-11.0.12\bin\sunmscapi.dll
0x00007fffec5b0000 - 0x00007fffec70f000 	C:\Windows\System32\CRYPT32.dll
0x00007fffebaa0000 - 0x00007fffebac7000 	C:\Windows\SYSTEM32\ncrypt.dll
0x00007fffeba60000 - 0x00007fffeba9b000 	C:\Windows\SYSTEM32\NTASN1.dll

dbghelp: loaded successfully - version: 4.0.5 - missing functions: none
symbol engine: initialized successfully - sym options: 0x614 - pdb path: .;C:\Users\Usuario\.jdks\temurin-11.0.12\bin;C:\Windows\SYSTEM32;C:\Windows\WinSxS\amd64_microsoft.windows.common-controls_6595b64144ccf1df_6.0.19041.844_none_ca00b6081b84eb1d;C:\Users\Usuario\.jdks\temurin-11.0.12\bin\server

VM Arguments:
jvm_args: -agentlib:jdwp=transport=dt_socket,address=127.0.0.1:1030,suspend=y,server=n -ea -Didea.test.cyclic.buffer.size=1048576 -javaagent:C:\Users\Usuario\AppData\Local\JetBrains\IntelliJIdea2021.2\captureAgent\debugger-agent.jar -Dfile.encoding=UTF-8 
java_command: com.intellij.rt.junit.JUnitStarter -ideVersion5 -junit5 co.edu.uniquindio.proyecto.entidades.test.ProductoTest,ComentarioTest
java_class_path (initial): C:\Users\Usuario\.m2\repository\org\junit\platform\junit-platform-launcher\1.7.2\junit-platform-launcher-1.7.2.jar;Z:\Descargas\IntelliJ IDEA 2021.2.2\plugins\junit\lib\junit5-rt.jar;Z:\Descargas\IntelliJ IDEA 2021.2.2\plugins\junit\lib\junit-rt.jar;Z:\Descargas\aa\proyecto-asignatura-main\Persistencia\target\test-classes;Z:\Descargas\aa\proyecto-asignatura-main\Persistencia\target\classes;C:\Users\Usuario\.m2\repository\org\springframework\boot\spring-boot-starter-data-jpa\2.5.4\spring-boot-starter-data-jpa-2.5.4.jar;C:\Users\Usuario\.m2\repository\org\springframework\boot\spring-boot-starter-aop\2.5.4\spring-boot-starter-aop-2.5.4.jar;C:\Users\Usuario\.m2\repository\org\springframework\spring-aop\5.3.9\spring-aop-5.3.9.jar;C:\Users\Usuario\.m2\repository\org\aspectj\aspectjweaver\1.9.7\aspectjweaver-1.9.7.jar;C:\Users\Usuario\.m2\repository\org\springframework\boot\spring-boot-starter-jdbc\2.5.4\spring-boot-starter-jdbc-2.5.4.jar;C:\Users\Usuario\.m2\repository\com\zaxxer\HikariCP\4.0.3\HikariCP-4.0.3.jar;C:\Users\Usuario\.m2\repository\org\springframework\spring-jdbc\5.3.9\spring-jdbc-5.3.9.jar;C:\Users\Usuario\.m2\repository\jakarta\transaction\jakarta.transaction-api\1.3.3\jakarta.transaction-api-1.3.3.jar;C:\Users\Usuario\.m2\repository\jakarta\persistence\jakarta.persistence-api\2.2.3\jakarta.persistence-api-2.2.3.jar;C:\Users\Usuario\.m2\repository\org\hibernate\hibernate-core\5.4.32.Final\hibernate-core-5.4.32.Final.jar;C:\Users\Usuario\.m2\repository\org\jboss\logging\jboss-logging\3.4.2.Final\jboss-logging-3.4.2.Final.jar;C:\Users\Usuario\.m2\repository\org\javassist\javassist\3.27.0-GA\javassist-3.27.0-GA.jar;C:\Users\Usuario\.m2\repository\net\bytebuddy\byte-buddy\1.10.22\byte-buddy-1.10.22.jar;C:\Users\Usuario\.m2\repository\antlr\antlr\2.7.7\antlr-2.7.7.jar;C:\Users\Usuario\.m2\repository\org\jboss\jandex\2.2.3.Final\jandex-2.2.3.Final.jar;C:\Users\Usuario\.m2\repository\com\fasterxml\classmate\1.5.1\classmate-1.5.1.jar;C:
Launcher Type: SUN_STANDARD

[Global flags]
     intx CICompilerCount                          = 4                                         {product} {ergonomic}
     uint ConcGCThreads                            = 3                                         {product} {ergonomic}
     uint G1ConcRefinementThreads                  = 10                                        {product} {ergonomic}
   size_t G1HeapRegionSize                         = 1048576                                   {product} {ergonomic}
    uintx GCDrainStackTargetSize                   = 64                                        {product} {ergonomic}
   size_t InitialHeapSize                          = 134217728                                 {product} {ergonomic}
   size_t MarkStackSize                            = 4194304                                   {product} {ergonomic}
   size_t MaxHeapSize                              = 2128609280                                {product} {ergonomic}
   size_t MaxNewSize                               = 1277165568                                {product} {ergonomic}
   size_t MinHeapDeltaBytes                        = 1048576                                   {product} {ergonomic}
    uintx NonNMethodCodeHeapSize                   = 5836300                                {pd product} {ergonomic}
    uintx NonProfiledCodeHeapSize                  = 122910970                              {pd product} {ergonomic}
    uintx ProfiledCodeHeapSize                     = 122910970                              {pd product} {ergonomic}
    uintx ReservedCodeCacheSize                    = 251658240                              {pd product} {ergonomic}
     bool SegmentedCodeCache                       = true                                      {product} {ergonomic}
     bool UseCompressedClassPointers               = true                                 {lp64_product} {ergonomic}
     bool UseCompressedOops                        = true                                 {lp64_product} {ergonomic}
     bool UseG1GC                                  = true                                      {product} {ergonomic}
     bool UseLargePagesIndividualAllocation        = false                                  {pd product} {ergonomic}

Logging:
Log output configuration:
 #0: stdout all=warning uptime,level,tags
 #1: stderr all=off uptime,level,tags

Environment Variables:
PATH=C:\Program Files\Common Files\Oracle\Java\javapath;C:\Program Files (x86)\Common Files\Oracle\Java\javapath;C:\ProgramData\Oracle\Java\javapath;C:\Windows\system32;C:\Windows;C:\Windows\System32\Wbem;C:\Windows\System32\WindowsPowerShell\v1.0\;C:\Windows\System32\OpenSSH\;Z:\Descargas\Git\cmd;Z:\Descargas\bin;Z:\Descargas\ATI.ACE\Core-Static;C:\Program Files\MySQL\MySQL Shell 8.0\bin\;C:\Users\Usuario\AppData\Local\Microsoft\WindowsApps;
USERNAME=Usuario
OS=Windows_NT
PROCESSOR_IDENTIFIER=Intel64 Family 6 Model 62 Stepping 4, GenuineIntel



---------------  S Y S T E M  ---------------

OS: Windows 10 , 64 bit Build 19041 (10.0.19041.928)
OS uptime: 0 days 3:13 hours

CPU:total 12 (initial active 12) (6 cores per cpu, 2 threads per core) family 6 model 62 stepping 4 microcode 0x42e, cmov, cx8, fxsr, mmx, sse, sse2, sse3, ssse3, sse4.1, sse4.2, popcnt, avx, aes, clmul, erms, ht, tsc, tscinvbit

Memory: 4k page, system-wide physical 8112M (705M free)
TotalPageFile size 8112M (AvailPageFile size 8M)
current process WorkingSet (physical memory assigned to process): 247M, peak: 254M
current process commit charge ("private bytes"): 342M, peak: 350M

vm_info: OpenJDK 64-Bit Server VM (11.0.12+7) for windows-amd64 JRE (11.0.12+7), built on Jul 21 2021 16:23:49 by "" with unknown MS VC++:1916

END.
