#
# There is insufficient memory for the Java Runtime Environment to continue.
# Native memory allocation (malloc) failed to allocate 103456 bytes for Chunk::new
# Possible reasons:
#   The system is out of physical RAM or swap space
#   The process is running with CompressedOops enabled, and the Java Heap may be blocking the growth of the native heap
# Possible solutions:
#   Reduce memory load on the system
#   Increase physical memory or swap space
#   Check if swap backing store is full
#   Decrease Java heap size (-Xmx/-Xms)
#   Decrease number of Java threads
#   Decrease Java thread stack sizes (-Xss)
#   Set larger code cache with -XX:ReservedCodeCacheSize=
#   JVM is running with Unscaled Compressed Oops mode in which the Java heap is
#     placed in the first 4GB address space. The Java Heap base address is the
#     maximum limit for the native heap growth. Please use -XX:HeapBaseMinAddress
#     to set the Java Heap base and to place the Java Heap above 4GB virtual address.
# This output file may be truncated or incomplete.
#
#  Out of Memory Error (./src/hotspot/share/memory/arena.cpp:197), pid=6328, tid=3188
#
# JRE version: OpenJDK Runtime Environment Temurin-11.0.12+7 (11.0.12+7) (build 11.0.12+7)
# Java VM: OpenJDK 64-Bit Server VM Temurin-11.0.12+7 (11.0.12+7, mixed mode, tiered, compressed oops, g1 gc, windows-amd64)
# No core dump will be written. Minidumps are not enabled by default on client versions of Windows
#

---------------  S U M M A R Y ------------

Command Line: -ea -Didea.test.cyclic.buffer.size=1048576 -javaagent:Z:\Descargas\IntelliJ IDEA 2021.2.2\lib\idea_rt.jar=31634:Z:\Descargas\IntelliJ IDEA 2021.2.2\bin -Dfile.encoding=UTF-8 com.intellij.rt.junit.JUnitStarter -ideVersion5 -junit5 co.edu.uniquindio.proyecto.entidades.test.PersonaTest,registrarTest

Host: Intel(R) Xeon(R) CPU E5-2620 v2 @ 2.10GHz, 12 cores, 7G,  Windows 10 , 64 bit Build 19041 (10.0.19041.928)
Time: Sun Oct 17 18:37:18 2021 Hora est. Pacífico, Sudamérica elapsed time: 7.249887 seconds (0d 0h 0m 7s)

---------------  T H R E A D  ---------------

Current thread (0x000001cf13168000):  JavaThread "C2 CompilerThread1" daemon [_thread_in_native, id=3188, stack(0x00000067c3c00000,0x00000067c3d00000)]


Current CompileTask:
C2:   7249 5025       4       java.lang.StringBuilder::<init> (18 bytes)

Stack: [0x00000067c3c00000,0x00000067c3d00000]
Native frames: (J=compiled Java code, j=interpreted, Vv=VM code, C=native code)
V  [jvm.dll+0x601d0a]
V  [jvm.dll+0x78ab6e]
V  [jvm.dll+0x78c23f]
V  [jvm.dll+0x78c903]
V  [jvm.dll+0x24be68]
V  [jvm.dll+0xc219c]
V  [jvm.dll+0xc275c]
V  [jvm.dll+0x2bde24]
V  [jvm.dll+0x512bd9]
V  [jvm.dll+0x20d6ed]
V  [jvm.dll+0x207634]
V  [jvm.dll+0x2045da]
V  [jvm.dll+0x1898fc]
V  [jvm.dll+0x213d67]
V  [jvm.dll+0x211f2b]
V  [jvm.dll+0x74ec19]
V  [jvm.dll+0x747c84]
V  [jvm.dll+0x600ba6]
C  [ucrtbase.dll+0x21bb2]
C  [KERNEL32.DLL+0x17034]
C  [ntdll.dll+0x52651]


---------------  P R O C E S S  ---------------

Threads class SMR info:
_java_thread_list=0x000001cf11f045b0, length=15, elements={
0x000001cf6c9b6800, 0x000001cf7edec000, 0x000001cf7edf5000, 0x000001cf7ee03000,
0x000001cf7ee04000, 0x000001cf7ee06000, 0x000001cf7ee0d800, 0x000001cf7f77f800,
0x000001cf7f786000, 0x000001cf7ed84800, 0x000001cf7fa15800, 0x000001cf11fee000,
0x000001cf13168000, 0x000001cf11f47000, 0x000001cf11e92000
}

Java Threads: ( => current thread )
  0x000001cf6c9b6800 JavaThread "main" [_thread_in_vm, id=7828, stack(0x00000067c2900000,0x00000067c2a00000)]
  0x000001cf7edec000 JavaThread "Reference Handler" daemon [_thread_blocked, id=4404, stack(0x00000067c3000000,0x00000067c3100000)]
  0x000001cf7edf5000 JavaThread "Finalizer" daemon [_thread_blocked, id=4288, stack(0x00000067c3100000,0x00000067c3200000)]
  0x000001cf7ee03000 JavaThread "Signal Dispatcher" daemon [_thread_blocked, id=1284, stack(0x00000067c3200000,0x00000067c3300000)]
  0x000001cf7ee04000 JavaThread "Attach Listener" daemon [_thread_blocked, id=2056, stack(0x00000067c3300000,0x00000067c3400000)]
  0x000001cf7ee06000 JavaThread "Service Thread" daemon [_thread_blocked, id=468, stack(0x00000067c3400000,0x00000067c3500000)]
  0x000001cf7ee0d800 JavaThread "C2 CompilerThread0" daemon [_thread_in_native, id=8336, stack(0x00000067c3500000,0x00000067c3600000)]
  0x000001cf7f77f800 JavaThread "C1 CompilerThread0" daemon [_thread_blocked, id=4020, stack(0x00000067c3600000,0x00000067c3700000)]
  0x000001cf7f786000 JavaThread "Sweeper thread" daemon [_thread_blocked, id=1784, stack(0x00000067c3700000,0x00000067c3800000)]
  0x000001cf7ed84800 JavaThread "Common-Cleaner" daemon [_thread_blocked, id=8756, stack(0x00000067c3800000,0x00000067c3900000)]
  0x000001cf7fa15800 JavaThread "Monitor Ctrl-Break" daemon [_thread_in_native, id=3388, stack(0x00000067c3900000,0x00000067c3a00000)]
  0x000001cf11fee000 JavaThread "mysql-cj-abandoned-connection-cleanup" daemon [_thread_blocked, id=7336, stack(0x00000067c4100000,0x00000067c4200000)]
=>0x000001cf13168000 JavaThread "C2 CompilerThread1" daemon [_thread_in_native, id=3188, stack(0x00000067c3c00000,0x00000067c3d00000)]
  0x000001cf11f47000 JavaThread "HikariPool-1 housekeeper" daemon [_thread_blocked, id=6236, stack(0x00000067c4400000,0x00000067c4500000)]
  0x000001cf11e92000 JavaThread "HikariPool-1 connection adder" daemon [_thread_blocked, id=4424, stack(0x00000067c4500000,0x00000067c4600000)]

Other Threads:
  0x000001cf7edc9000 VMThread "VM Thread" [stack: 0x00000067c2f00000,0x00000067c3000000] [id=3536]
  0x000001cf7fb03800 WatcherThread [stack: 0x00000067c3a00000,0x00000067c3b00000] [id=4008]
  0x000001cf6c9cd000 GCTaskThread "GC Thread#0" [stack: 0x00000067c2a00000,0x00000067c2b00000] [id=1992]
  0x000001cf0f650800 GCTaskThread "GC Thread#1" [stack: 0x00000067c3d00000,0x00000067c3e00000] [id=8772]
  0x000001cf0f651000 GCTaskThread "GC Thread#2" [stack: 0x00000067c3e00000,0x00000067c3f00000] [id=4628]
  0x000001cf0ff08800 GCTaskThread "GC Thread#3" [stack: 0x00000067c4200000,0x00000067c4300000] [id=8700]
  0x000001cf6ca02000 ConcurrentGCThread "G1 Main Marker" [stack: 0x00000067c2b00000,0x00000067c2c00000] [id=5620]
  0x000001cf6ca03800 ConcurrentGCThread "G1 Conc#0" [stack: 0x00000067c2c00000,0x00000067c2d00000] [id=8740]
  0x000001cf0fcb8000 ConcurrentGCThread "G1 Conc#1" [stack: 0x00000067c3f00000,0x00000067c4000000] [id=8796]
  0x000001cf106c2800 ConcurrentGCThread "G1 Conc#2" [stack: 0x00000067c4000000,0x00000067c4100000] [id=8452]
  0x000001cf6ca8d800 ConcurrentGCThread "G1 Refine#0" [stack: 0x00000067c2d00000,0x00000067c2e00000] [id=8760]
  0x000001cf7ec33800 ConcurrentGCThread "G1 Young RemSet Sampling" [stack: 0x00000067c2e00000,0x00000067c2f00000] [id=3048]

Threads with active compile tasks:
C2 CompilerThread0   7265 5015       4       java.net.URLStreamHandler::toExternalForm (156 bytes)
C2 CompilerThread1   7265 5025       4       java.lang.StringBuilder::<init> (18 bytes)

VM state:not at safepoint (normal execution)

VM Mutex/Monitor currently owned by a thread: None

Heap address: 0x0000000081200000, size: 2030 MB, Compressed Oops mode: 32-bit
Narrow klass base: 0x0000000000000000, Narrow klass shift: 3
Compressed class space size: 1073741824 Address: 0x0000000100000000

Heap:
 garbage-first heap   total 157696K, used 70656K [0x0000000081200000, 0x0000000100000000)
  region size 1024K, 61 young (62464K), 9 survivors (9216K)
 Metaspace       used 53550K, capacity 54856K, committed 55120K, reserved 1101824K
  class space    used 6923K, capacity 7443K, committed 7548K, reserved 1048576K
Heap Regions: E=young(eden), S=young(survivor), O=old, HS=humongous(starts), HC=humongous(continues), CS=collection set, F=free, A=archive, TAMS=top-at-mark-start (previous, next)
|   0|0x0000000081200000, 0x0000000081300000, 0x0000000081300000|100%|HS|  |TAMS 0x0000000081300000, 0x0000000081200000| Complete 
|   1|0x0000000081300000, 0x0000000081400000, 0x0000000081400000|100%| O|  |TAMS 0x0000000081400000, 0x0000000081300000| Untracked 
|   2|0x0000000081400000, 0x0000000081500000, 0x0000000081500000|100%| O|  |TAMS 0x0000000081500000, 0x0000000081400000| Untracked 
|   3|0x0000000081500000, 0x0000000081600000, 0x0000000081600000|100%| O|  |TAMS 0x0000000081600000, 0x0000000081500000| Untracked 
|   4|0x0000000081600000, 0x0000000081700000, 0x0000000081700000|100%| O|  |TAMS 0x0000000081700000, 0x0000000081600000| Untracked 
|   5|0x0000000081700000, 0x0000000081800000, 0x0000000081800000|100%| O|  |TAMS 0x0000000081800000, 0x0000000081700000| Untracked 
|   6|0x0000000081800000, 0x0000000081900000, 0x0000000081900000|100%| O|  |TAMS 0x0000000081900000, 0x0000000081800000| Untracked 
|   7|0x0000000081900000, 0x0000000081a00000, 0x0000000081a00000|100%| O|  |TAMS 0x0000000081a00000, 0x0000000081900000| Untracked 
|   8|0x0000000081a00000, 0x0000000081b00000, 0x0000000081b00000|100%| O|  |TAMS 0x0000000081ac1200, 0x0000000081a00000| Untracked 
|   9|0x0000000081b00000, 0x0000000081b54400, 0x0000000081c00000| 32%| O|  |TAMS 0x0000000081b00000, 0x0000000081b00000| Untracked 
|  10|0x0000000081c00000, 0x0000000081c00000, 0x0000000081d00000|  0%| F|  |TAMS 0x0000000081c00000, 0x0000000081c00000| Untracked 
|  11|0x0000000081d00000, 0x0000000081d00000, 0x0000000081e00000|  0%| F|  |TAMS 0x0000000081d00000, 0x0000000081d00000| Untracked 
|  12|0x0000000081e00000, 0x0000000081e00000, 0x0000000081f00000|  0%| F|  |TAMS 0x0000000081e00000, 0x0000000081e00000| Untracked 
|  13|0x0000000081f00000, 0x0000000081f00000, 0x0000000082000000|  0%| F|  |TAMS 0x0000000081f00000, 0x0000000081f00000| Untracked 
|  14|0x0000000082000000, 0x0000000082000000, 0x0000000082100000|  0%| F|  |TAMS 0x0000000082000000, 0x0000000082000000| Untracked 
|  15|0x0000000082100000, 0x0000000082100000, 0x0000000082200000|  0%| F|  |TAMS 0x0000000082100000, 0x0000000082100000| Untracked 
|  16|0x0000000082200000, 0x0000000082200000, 0x0000000082300000|  0%| F|  |TAMS 0x0000000082200000, 0x0000000082200000| Untracked 
|  17|0x0000000082300000, 0x0000000082300000, 0x0000000082400000|  0%| F|  |TAMS 0x0000000082300000, 0x0000000082300000| Untracked 
|  18|0x0000000082400000, 0x0000000082400000, 0x0000000082500000|  0%| F|  |TAMS 0x0000000082400000, 0x0000000082400000| Untracked 
|  19|0x0000000082500000, 0x0000000082500000, 0x0000000082600000|  0%| F|  |TAMS 0x0000000082500000, 0x0000000082500000| Untracked 
|  20|0x0000000082600000, 0x0000000082600000, 0x0000000082700000|  0%| F|  |TAMS 0x0000000082600000, 0x0000000082600000| Untracked 
|  21|0x0000000082700000, 0x0000000082700000, 0x0000000082800000|  0%| F|  |TAMS 0x0000000082700000, 0x0000000082700000| Untracked 
|  22|0x0000000082800000, 0x0000000082800000, 0x0000000082900000|  0%| F|  |TAMS 0x0000000082800000, 0x0000000082800000| Untracked 
|  23|0x0000000082900000, 0x0000000082900000, 0x0000000082a00000|  0%| F|  |TAMS 0x0000000082900000, 0x0000000082900000| Untracked 
|  24|0x0000000082a00000, 0x0000000082a00000, 0x0000000082b00000|  0%| F|  |TAMS 0x0000000082a00000, 0x0000000082a00000| Untracked 
|  25|0x0000000082b00000, 0x0000000082b00000, 0x0000000082c00000|  0%| F|  |TAMS 0x0000000082b00000, 0x0000000082b00000| Untracked 
|  26|0x0000000082c00000, 0x0000000082c00000, 0x0000000082d00000|  0%| F|  |TAMS 0x0000000082c00000, 0x0000000082c00000| Untracked 
|  27|0x0000000082d00000, 0x0000000082d00000, 0x0000000082e00000|  0%| F|  |TAMS 0x0000000082d00000, 0x0000000082d00000| Untracked 
|  28|0x0000000082e00000, 0x0000000082e00000, 0x0000000082f00000|  0%| F|  |TAMS 0x0000000082e00000, 0x0000000082e00000| Untracked 
|  29|0x0000000082f00000, 0x0000000082f00000, 0x0000000083000000|  0%| F|  |TAMS 0x0000000082f00000, 0x0000000082f00000| Untracked 
|  30|0x0000000083000000, 0x0000000083000000, 0x0000000083100000|  0%| F|  |TAMS 0x0000000083000000, 0x0000000083000000| Untracked 
|  31|0x0000000083100000, 0x0000000083100000, 0x0000000083200000|  0%| F|  |TAMS 0x0000000083100000, 0x0000000083100000| Untracked 
|  32|0x0000000083200000, 0x0000000083200000, 0x0000000083300000|  0%| F|  |TAMS 0x0000000083200000, 0x0000000083200000| Untracked 
|  33|0x0000000083300000, 0x0000000083300000, 0x0000000083400000|  0%| F|  |TAMS 0x0000000083300000, 0x0000000083300000| Untracked 
|  34|0x0000000083400000, 0x0000000083400000, 0x0000000083500000|  0%| F|  |TAMS 0x0000000083400000, 0x0000000083400000| Untracked 
|  35|0x0000000083500000, 0x0000000083500000, 0x0000000083600000|  0%| F|  |TAMS 0x0000000083500000, 0x0000000083500000| Untracked 
|  36|0x0000000083600000, 0x0000000083600000, 0x0000000083700000|  0%| F|  |TAMS 0x0000000083600000, 0x0000000083600000| Untracked 
|  37|0x0000000083700000, 0x0000000083700000, 0x0000000083800000|  0%| F|  |TAMS 0x0000000083700000, 0x0000000083700000| Untracked 
|  38|0x0000000083800000, 0x0000000083800000, 0x0000000083900000|  0%| F|  |TAMS 0x0000000083800000, 0x0000000083800000| Untracked 
|  39|0x0000000083900000, 0x0000000083900000, 0x0000000083a00000|  0%| F|  |TAMS 0x0000000083900000, 0x0000000083900000| Untracked 
|  40|0x0000000083a00000, 0x0000000083a00000, 0x0000000083b00000|  0%| F|  |TAMS 0x0000000083a00000, 0x0000000083a00000| Untracked 
|  41|0x0000000083b00000, 0x0000000083b00000, 0x0000000083c00000|  0%| F|  |TAMS 0x0000000083b00000, 0x0000000083b00000| Untracked 
|  42|0x0000000083c00000, 0x0000000083c00000, 0x0000000083d00000|  0%| F|  |TAMS 0x0000000083c00000, 0x0000000083c00000| Untracked 
|  43|0x0000000083d00000, 0x0000000083d00000, 0x0000000083e00000|  0%| F|  |TAMS 0x0000000083d00000, 0x0000000083d00000| Untracked 
|  44|0x0000000083e00000, 0x0000000083e00000, 0x0000000083f00000|  0%| F|  |TAMS 0x0000000083e00000, 0x0000000083e00000| Untracked 
|  45|0x0000000083f00000, 0x0000000083f00000, 0x0000000084000000|  0%| F|  |TAMS 0x0000000083f00000, 0x0000000083f00000| Untracked 
|  46|0x0000000084000000, 0x0000000084000000, 0x0000000084100000|  0%| F|  |TAMS 0x0000000084000000, 0x0000000084000000| Untracked 
|  47|0x0000000084100000, 0x0000000084100000, 0x0000000084200000|  0%| F|  |TAMS 0x0000000084100000, 0x0000000084100000| Untracked 
|  48|0x0000000084200000, 0x0000000084200000, 0x0000000084300000|  0%| F|  |TAMS 0x0000000084200000, 0x0000000084200000| Untracked 
|  49|0x0000000084300000, 0x0000000084300000, 0x0000000084400000|  0%| F|  |TAMS 0x0000000084300000, 0x0000000084300000| Untracked 
|  50|0x0000000084400000, 0x0000000084400000, 0x0000000084500000|  0%| F|  |TAMS 0x0000000084400000, 0x0000000084400000| Untracked 
|  51|0x0000000084500000, 0x0000000084500000, 0x0000000084600000|  0%| F|  |TAMS 0x0000000084500000, 0x0000000084500000| Untracked 
|  52|0x0000000084600000, 0x0000000084600000, 0x0000000084700000|  0%| F|  |TAMS 0x0000000084600000, 0x0000000084600000| Untracked 
|  53|0x0000000084700000, 0x0000000084700000, 0x0000000084800000|  0%| F|  |TAMS 0x0000000084700000, 0x0000000084700000| Untracked 
|  54|0x0000000084800000, 0x0000000084800000, 0x0000000084900000|  0%| F|  |TAMS 0x0000000084800000, 0x0000000084800000| Untracked 
|  55|0x0000000084900000, 0x0000000084900000, 0x0000000084a00000|  0%| F|  |TAMS 0x0000000084900000, 0x0000000084900000| Untracked 
|  56|0x0000000084a00000, 0x0000000084a00000, 0x0000000084b00000|  0%| F|  |TAMS 0x0000000084a00000, 0x0000000084a00000| Untracked 
|  57|0x0000000084b00000, 0x0000000084b00000, 0x0000000084c00000|  0%| F|  |TAMS 0x0000000084b00000, 0x0000000084b00000| Untracked 
|  58|0x0000000084c00000, 0x0000000084c00000, 0x0000000084d00000|  0%| F|  |TAMS 0x0000000084c00000, 0x0000000084c00000| Untracked 
|  59|0x0000000084d00000, 0x0000000084d00000, 0x0000000084e00000|  0%| F|  |TAMS 0x0000000084d00000, 0x0000000084d00000| Untracked 
|  60|0x0000000084e00000, 0x0000000084e00000, 0x0000000084f00000|  0%| F|  |TAMS 0x0000000084e00000, 0x0000000084e00000| Untracked 
|  61|0x0000000084f00000, 0x0000000084f00000, 0x0000000085000000|  0%| F|  |TAMS 0x0000000084f00000, 0x0000000084f00000| Untracked 
|  62|0x0000000085000000, 0x0000000085000000, 0x0000000085100000|  0%| F|  |TAMS 0x0000000085000000, 0x0000000085000000| Untracked 
|  63|0x0000000085100000, 0x0000000085100000, 0x0000000085200000|  0%| F|  |TAMS 0x0000000085100000, 0x0000000085100000| Untracked 
|  64|0x0000000085200000, 0x0000000085200000, 0x0000000085300000|  0%| F|  |TAMS 0x0000000085200000, 0x0000000085200000| Untracked 
|  65|0x0000000085300000, 0x0000000085300000, 0x0000000085400000|  0%| F|  |TAMS 0x0000000085300000, 0x0000000085300000| Untracked 
|  66|0x0000000085400000, 0x0000000085400000, 0x0000000085500000|  0%| F|  |TAMS 0x0000000085400000, 0x0000000085400000| Untracked 
|  67|0x0000000085500000, 0x0000000085500000, 0x0000000085600000|  0%| F|  |TAMS 0x0000000085500000, 0x0000000085500000| Untracked 
|  68|0x0000000085600000, 0x0000000085600000, 0x0000000085700000|  0%| F|  |TAMS 0x0000000085600000, 0x0000000085600000| Untracked 
|  69|0x0000000085700000, 0x00000000857abf10, 0x0000000085800000| 67%| S|CS|TAMS 0x0000000085700000, 0x0000000085700000| Complete 
|  70|0x0000000085800000, 0x0000000085900000, 0x0000000085900000|100%| S|CS|TAMS 0x0000000085800000, 0x0000000085800000| Complete 
|  71|0x0000000085900000, 0x0000000085a00000, 0x0000000085a00000|100%| S|CS|TAMS 0x0000000085900000, 0x0000000085900000| Complete 
|  72|0x0000000085a00000, 0x0000000085b00000, 0x0000000085b00000|100%| S|CS|TAMS 0x0000000085a00000, 0x0000000085a00000| Complete 
|  73|0x0000000085b00000, 0x0000000085c00000, 0x0000000085c00000|100%| S|CS|TAMS 0x0000000085b00000, 0x0000000085b00000| Complete 
|  74|0x0000000085c00000, 0x0000000085d00000, 0x0000000085d00000|100%| S|CS|TAMS 0x0000000085c00000, 0x0000000085c00000| Complete 
|  75|0x0000000085d00000, 0x0000000085e00000, 0x0000000085e00000|100%| S|CS|TAMS 0x0000000085d00000, 0x0000000085d00000| Complete 
|  76|0x0000000085e00000, 0x0000000085f00000, 0x0000000085f00000|100%| S|CS|TAMS 0x0000000085e00000, 0x0000000085e00000| Complete 
|  77|0x0000000085f00000, 0x0000000086000000, 0x0000000086000000|100%| S|CS|TAMS 0x0000000085f00000, 0x0000000085f00000| Complete 
|  78|0x0000000086000000, 0x0000000086000000, 0x0000000086100000|  0%| F|  |TAMS 0x0000000086000000, 0x0000000086000000| Untracked 
|  79|0x0000000086100000, 0x0000000086100000, 0x0000000086200000|  0%| F|  |TAMS 0x0000000086100000, 0x0000000086100000| Untracked 
|  80|0x0000000086200000, 0x0000000086200000, 0x0000000086300000|  0%| F|  |TAMS 0x0000000086200000, 0x0000000086200000| Untracked 
|  81|0x0000000086300000, 0x0000000086300000, 0x0000000086400000|  0%| F|  |TAMS 0x0000000086300000, 0x0000000086300000| Untracked 
|  82|0x0000000086400000, 0x0000000086400000, 0x0000000086500000|  0%| F|  |TAMS 0x0000000086400000, 0x0000000086400000| Untracked 
|  83|0x0000000086500000, 0x0000000086500000, 0x0000000086600000|  0%| F|  |TAMS 0x0000000086500000, 0x0000000086500000| Untracked 
|  84|0x0000000086600000, 0x0000000086600000, 0x0000000086700000|  0%| F|  |TAMS 0x0000000086600000, 0x0000000086600000| Untracked 
|  85|0x0000000086700000, 0x0000000086700000, 0x0000000086800000|  0%| F|  |TAMS 0x0000000086700000, 0x0000000086700000| Untracked 
|  86|0x0000000086800000, 0x0000000086800000, 0x0000000086900000|  0%| F|  |TAMS 0x0000000086800000, 0x0000000086800000| Untracked 
|  87|0x0000000086900000, 0x0000000086900000, 0x0000000086a00000|  0%| F|  |TAMS 0x0000000086900000, 0x0000000086900000| Untracked 
|  88|0x0000000086a00000, 0x0000000086a00000, 0x0000000086b00000|  0%| F|  |TAMS 0x0000000086a00000, 0x0000000086a00000| Untracked 
|  89|0x0000000086b00000, 0x0000000086b00000, 0x0000000086c00000|  0%| F|  |TAMS 0x0000000086b00000, 0x0000000086b00000| Untracked 
|  90|0x0000000086c00000, 0x0000000086c00000, 0x0000000086d00000|  0%| F|  |TAMS 0x0000000086c00000, 0x0000000086c00000| Untracked 
|  91|0x0000000086d00000, 0x0000000086d00000, 0x0000000086e00000|  0%| F|  |TAMS 0x0000000086d00000, 0x0000000086d00000| Untracked 
|  92|0x0000000086e00000, 0x0000000086e00000, 0x0000000086f00000|  0%| F|  |TAMS 0x0000000086e00000, 0x0000000086e00000| Untracked 
|  93|0x0000000086f00000, 0x0000000086f00000, 0x0000000087000000|  0%| F|  |TAMS 0x0000000086f00000, 0x0000000086f00000| Untracked 
|  94|0x0000000087000000, 0x0000000087000000, 0x0000000087100000|  0%| F|  |TAMS 0x0000000087000000, 0x0000000087000000| Untracked 
|  95|0x0000000087100000, 0x0000000087100000, 0x0000000087200000|  0%| F|  |TAMS 0x0000000087100000, 0x0000000087100000| Untracked 
|  96|0x0000000087200000, 0x0000000087200000, 0x0000000087300000|  0%| F|  |TAMS 0x0000000087200000, 0x0000000087200000| Untracked 
|  97|0x0000000087300000, 0x0000000087300000, 0x0000000087400000|  0%| F|  |TAMS 0x0000000087300000, 0x0000000087300000| Untracked 
|  98|0x0000000087400000, 0x0000000087400000, 0x0000000087500000|  0%| F|  |TAMS 0x0000000087400000, 0x0000000087400000| Untracked 
|  99|0x0000000087500000, 0x0000000087500000, 0x0000000087600000|  0%| F|  |TAMS 0x0000000087500000, 0x0000000087500000| Untracked 
| 100|0x0000000087600000, 0x0000000087600000, 0x0000000087700000|  0%| F|  |TAMS 0x0000000087600000, 0x0000000087600000| Untracked 
| 101|0x0000000087700000, 0x0000000087700000, 0x0000000087800000|  0%| F|  |TAMS 0x0000000087700000, 0x0000000087700000| Untracked 
| 102|0x0000000087800000, 0x0000000087880800, 0x0000000087900000| 50%| E|  |TAMS 0x0000000087800000, 0x0000000087800000| Complete 
| 103|0x0000000087900000, 0x0000000087a00000, 0x0000000087a00000|100%| E|CS|TAMS 0x0000000087900000, 0x0000000087900000| Complete 
| 104|0x0000000087a00000, 0x0000000087b00000, 0x0000000087b00000|100%| E|CS|TAMS 0x0000000087a00000, 0x0000000087a00000| Complete 
| 105|0x0000000087b00000, 0x0000000087c00000, 0x0000000087c00000|100%| E|CS|TAMS 0x0000000087b00000, 0x0000000087b00000| Complete 
| 106|0x0000000087c00000, 0x0000000087d00000, 0x0000000087d00000|100%| E|CS|TAMS 0x0000000087c00000, 0x0000000087c00000| Complete 
| 107|0x0000000087d00000, 0x0000000087e00000, 0x0000000087e00000|100%| E|CS|TAMS 0x0000000087d00000, 0x0000000087d00000| Complete 
| 108|0x0000000087e00000, 0x0000000087f00000, 0x0000000087f00000|100%| E|CS|TAMS 0x0000000087e00000, 0x0000000087e00000| Complete 
| 109|0x0000000087f00000, 0x0000000088000000, 0x0000000088000000|100%| E|CS|TAMS 0x0000000087f00000, 0x0000000087f00000| Complete 
| 110|0x0000000088000000, 0x0000000088100000, 0x0000000088100000|100%| E|CS|TAMS 0x0000000088000000, 0x0000000088000000| Complete 
| 111|0x0000000088100000, 0x0000000088200000, 0x0000000088200000|100%| E|CS|TAMS 0x0000000088100000, 0x0000000088100000| Complete 
| 112|0x0000000088200000, 0x0000000088300000, 0x0000000088300000|100%| E|CS|TAMS 0x0000000088200000, 0x0000000088200000| Complete 
| 113|0x0000000088300000, 0x0000000088400000, 0x0000000088400000|100%| E|CS|TAMS 0x0000000088300000, 0x0000000088300000| Complete 
| 114|0x0000000088400000, 0x0000000088500000, 0x0000000088500000|100%| E|CS|TAMS 0x0000000088400000, 0x0000000088400000| Complete 
| 115|0x0000000088500000, 0x0000000088600000, 0x0000000088600000|100%| E|CS|TAMS 0x0000000088500000, 0x0000000088500000| Complete 
| 116|0x0000000088600000, 0x0000000088700000, 0x0000000088700000|100%| E|CS|TAMS 0x0000000088600000, 0x0000000088600000| Complete 
| 117|0x0000000088700000, 0x0000000088800000, 0x0000000088800000|100%| E|CS|TAMS 0x0000000088700000, 0x0000000088700000| Complete 
| 118|0x0000000088800000, 0x0000000088900000, 0x0000000088900000|100%| E|CS|TAMS 0x0000000088800000, 0x0000000088800000| Complete 
| 119|0x0000000088900000, 0x0000000088a00000, 0x0000000088a00000|100%| E|CS|TAMS 0x0000000088900000, 0x0000000088900000| Complete 
| 120|0x0000000088a00000, 0x0000000088b00000, 0x0000000088b00000|100%| E|CS|TAMS 0x0000000088a00000, 0x0000000088a00000| Complete 
| 121|0x0000000088b00000, 0x0000000088c00000, 0x0000000088c00000|100%| E|CS|TAMS 0x0000000088b00000, 0x0000000088b00000| Complete 
| 122|0x0000000088c00000, 0x0000000088d00000, 0x0000000088d00000|100%| E|CS|TAMS 0x0000000088c00000, 0x0000000088c00000| Complete 
| 123|0x0000000088d00000, 0x0000000088e00000, 0x0000000088e00000|100%| E|CS|TAMS 0x0000000088d00000, 0x0000000088d00000| Complete 
| 124|0x0000000088e00000, 0x0000000088f00000, 0x0000000088f00000|100%| E|CS|TAMS 0x0000000088e00000, 0x0000000088e00000| Complete 
| 125|0x0000000088f00000, 0x0000000089000000, 0x0000000089000000|100%| E|CS|TAMS 0x0000000088f00000, 0x0000000088f00000| Complete 
| 126|0x0000000089000000, 0x0000000089100000, 0x0000000089100000|100%| E|CS|TAMS 0x0000000089000000, 0x0000000089000000| Complete 
| 127|0x0000000089100000, 0x0000000089200000, 0x0000000089200000|100%| E|CS|TAMS 0x0000000089100000, 0x0000000089100000| Complete 
| 128|0x0000000089200000, 0x0000000089300000, 0x0000000089300000|100%| E|CS|TAMS 0x0000000089200000, 0x0000000089200000| Complete 
| 129|0x0000000089300000, 0x0000000089400000, 0x0000000089400000|100%| E|CS|TAMS 0x0000000089300000, 0x0000000089300000| Complete 
| 130|0x0000000089400000, 0x0000000089500000, 0x0000000089500000|100%| E|CS|TAMS 0x0000000089400000, 0x0000000089400000| Complete 
| 131|0x0000000089500000, 0x0000000089600000, 0x0000000089600000|100%| E|CS|TAMS 0x0000000089500000, 0x0000000089500000| Complete 
| 132|0x0000000089600000, 0x0000000089700000, 0x0000000089700000|100%| E|CS|TAMS 0x0000000089600000, 0x0000000089600000| Complete 
| 133|0x0000000089700000, 0x0000000089800000, 0x0000000089800000|100%| E|CS|TAMS 0x0000000089700000, 0x0000000089700000| Complete 
| 134|0x0000000089800000, 0x0000000089900000, 0x0000000089900000|100%| E|CS|TAMS 0x0000000089800000, 0x0000000089800000| Complete 
| 135|0x0000000089900000, 0x0000000089a00000, 0x0000000089a00000|100%| E|CS|TAMS 0x0000000089900000, 0x0000000089900000| Complete 
| 136|0x0000000089a00000, 0x0000000089b00000, 0x0000000089b00000|100%| E|CS|TAMS 0x0000000089a00000, 0x0000000089a00000| Complete 
| 137|0x0000000089b00000, 0x0000000089c00000, 0x0000000089c00000|100%| E|CS|TAMS 0x0000000089b00000, 0x0000000089b00000| Complete 
| 138|0x0000000089c00000, 0x0000000089d00000, 0x0000000089d00000|100%| E|CS|TAMS 0x0000000089c00000, 0x0000000089c00000| Complete 
| 139|0x0000000089d00000, 0x0000000089e00000, 0x0000000089e00000|100%| E|CS|TAMS 0x0000000089d00000, 0x0000000089d00000| Complete 
| 140|0x0000000089e00000, 0x0000000089f00000, 0x0000000089f00000|100%| E|CS|TAMS 0x0000000089e00000, 0x0000000089e00000| Complete 
| 141|0x0000000089f00000, 0x000000008a000000, 0x000000008a000000|100%| E|CS|TAMS 0x0000000089f00000, 0x0000000089f00000| Complete 
| 142|0x000000008a000000, 0x000000008a100000, 0x000000008a100000|100%| E|CS|TAMS 0x000000008a000000, 0x000000008a000000| Complete 
| 143|0x000000008a100000, 0x000000008a200000, 0x000000008a200000|100%| E|CS|TAMS 0x000000008a100000, 0x000000008a100000| Complete 
| 144|0x000000008a200000, 0x000000008a300000, 0x000000008a300000|100%| E|CS|TAMS 0x000000008a200000, 0x000000008a200000| Complete 
| 145|0x000000008a300000, 0x000000008a400000, 0x000000008a400000|100%| E|CS|TAMS 0x000000008a300000, 0x000000008a300000| Complete 
| 146|0x000000008a400000, 0x000000008a500000, 0x000000008a500000|100%| E|CS|TAMS 0x000000008a400000, 0x000000008a400000| Complete 
| 147|0x000000008a500000, 0x000000008a600000, 0x000000008a600000|100%| E|CS|TAMS 0x000000008a500000, 0x000000008a500000| Complete 
| 148|0x000000008a600000, 0x000000008a700000, 0x000000008a700000|100%| E|CS|TAMS 0x000000008a600000, 0x000000008a600000| Complete 
| 149|0x000000008a700000, 0x000000008a800000, 0x000000008a800000|100%| E|CS|TAMS 0x000000008a700000, 0x000000008a700000| Complete 
| 150|0x000000008a800000, 0x000000008a900000, 0x000000008a900000|100%| E|CS|TAMS 0x000000008a800000, 0x000000008a800000| Complete 
| 151|0x000000008a900000, 0x000000008aa00000, 0x000000008aa00000|100%| E|CS|TAMS 0x000000008a900000, 0x000000008a900000| Complete 
| 152|0x000000008aa00000, 0x000000008ab00000, 0x000000008ab00000|100%| E|CS|TAMS 0x000000008aa00000, 0x000000008aa00000| Complete 
| 153|0x000000008ab00000, 0x000000008ac00000, 0x000000008ac00000|100%| E|CS|TAMS 0x000000008ab00000, 0x000000008ab00000| Complete 

Card table byte_map: [0x000001cf77940000,0x000001cf77d40000] _byte_map_base: 0x000001cf77537000

Marking Bits (Prev, Next): (CMBitMap*) 0x000001cf6c9f96e8, (CMBitMap*) 0x000001cf6c9f9720
 Prev Bits: [0x000001cf78140000, 0x000001cf7a0f8000)
 Next Bits: [0x000001cf7a100000, 0x000001cf7c0b8000)

Polling page: 0x000001cf6ca90000

Metaspace:

Usage:
  Non-class:     46.36 MB capacity,    45.56 MB ( 98%) used,   663.72 KB (  1%) free+waste,   164.19 KB ( <1%) overhead. 
      Class:      7.27 MB capacity,     6.77 MB ( 93%) used,   437.34 KB (  6%) free+waste,    78.19 KB (  1%) overhead. 
       Both:     53.63 MB capacity,    52.32 MB ( 98%) used,     1.08 MB (  2%) free+waste,   242.38 KB ( <1%) overhead. 

Virtual space:
  Non-class space:       52.00 MB reserved,      46.46 MB ( 89%) committed 
      Class space:        1.00 GB reserved,       7.37 MB ( <1%) committed 
             Both:        1.05 GB reserved,      53.83 MB (  5%) committed 

Chunk freelists:
   Non-Class:  31.00 KB
       Class:  13.00 KB
        Both:  44.00 KB

MaxMetaspaceSize: 17179869184.00 GB
CompressedClassSpaceSize: 1.00 GB
Initial GC threshold: 20.80 MB
Current GC threshold: 59.09 MB
CDS: off

CodeHeap 'non-profiled nmethods': size=120000Kb used=2648Kb max_used=2648Kb free=117351Kb
 bounds [0x000001cf07ad0000, 0x000001cf07d70000, 0x000001cf0f000000]
CodeHeap 'profiled nmethods': size=120000Kb used=10831Kb max_used=10831Kb free=109168Kb
 bounds [0x000001cf005a0000, 0x000001cf01040000, 0x000001cf07ad0000]
CodeHeap 'non-nmethods': size=5760Kb used=1292Kb max_used=1351Kb free=4467Kb
 bounds [0x000001cf00000000, 0x000001cf00270000, 0x000001cf005a0000]
 total_blobs=5624 nmethods=5044 adapters=492
 compilation: enabled
              stopped_count=0, restarted_count=0
 full_count=0

Compilation events (20 events):
Event: 7.245 Thread 0x000001cf7f77f800 nmethod 5020 0x000001cf01022310 code [0x000001cf010224e0, 0x000001cf010227d8]
Event: 7.245 Thread 0x000001cf7f77f800 5021       3       org.hibernate.tuple.AbstractNonIdentifierAttribute::getSource (5 bytes)
Event: 7.245 Thread 0x000001cf7f77f800 nmethod 5021 0x000001cf01022890 code [0x000001cf01022a40, 0x000001cf01022bd8]
Event: 7.245 Thread 0x000001cf7f77f800 5019       1       org.hibernate.loader.plan.build.internal.returns.EntityAttributeFetchImpl::getFetchStrategy (5 bytes)
Event: 7.245 Thread 0x000001cf7f77f800 nmethod 5019 0x000001cf07d64310 code [0x000001cf07d644c0, 0x000001cf07d64578]
Event: 7.245 Thread 0x000001cf7f77f800 5022       3       org.hibernate.internal.util.StringHelper::replace (8 bytes)
Event: 7.245 Thread 0x000001cf7f77f800 nmethod 5022 0x000001cf01022c90 code [0x000001cf01022e40, 0x000001cf01022fa8]
Event: 7.245 Thread 0x000001cf7f77f800 5024       3       org.hibernate.internal.util.StringHelper::unquote (96 bytes)
Event: 7.245 Thread 0x000001cf13168000 5025       4       java.lang.StringBuilder::<init> (18 bytes)
Event: 7.246 Thread 0x000001cf7f77f800 nmethod 5024 0x000001cf01023090 code [0x000001cf010232e0, 0x000001cf01023c18]
Event: 7.246 Thread 0x000001cf7f77f800 5023       3       org.hibernate.internal.util.StringHelper::replace (9 bytes)
Event: 7.246 Thread 0x000001cf7f77f800 nmethod 5023 0x000001cf01023f90 code [0x000001cf01024140, 0x000001cf01024248]
Event: 7.246 Thread 0x000001cf7f77f800 5026       3       java.lang.AbstractStringBuilder::append (54 bytes)
Event: 7.246 Thread 0x000001cf7f77f800 nmethod 5026 0x000001cf01024310 code [0x000001cf01024540, 0x000001cf01024e08]
Event: 7.247 Thread 0x000001cf7f77f800 5027       1       org.hibernate.loader.plan.build.internal.returns.AbstractCollectionReference::getPropertyPath (5 bytes)
Event: 7.247 Thread 0x000001cf7f77f800 nmethod 5027 0x000001cf07d64610 code [0x000001cf07d647c0, 0x000001cf07d64878]
Event: 7.247 Thread 0x000001cf7f77f800 5028       3       org.hibernate.sql.Alias::getUnquotedAliasString (72 bytes)
Event: 7.248 Thread 0x000001cf7f77f800 nmethod 5028 0x000001cf01024f90 code [0x000001cf01025220, 0x000001cf01025d08]
Event: 7.248 Thread 0x000001cf7f77f800 5029       3       java.lang.ThreadLocal$ThreadLocalMap::set (136 bytes)
Event: 7.248 Thread 0x000001cf7f77f800 nmethod 5029 0x000001cf01026110 code [0x000001cf01026380, 0x000001cf01026f08]

GC Heap History (14 events):
Event: 1.077 GC heap before
{Heap before GC invocations=0 (full 0):
 garbage-first heap   total 131072K, used 24576K [0x0000000081200000, 0x0000000100000000)
  region size 1024K, 24 young (24576K), 0 survivors (0K)
 Metaspace       used 11537K, capacity 11930K, committed 12160K, reserved 1060864K
  class space    used 1183K, capacity 1347K, committed 1408K, reserved 1048576K
}
Event: 1.086 GC heap after
{Heap after GC invocations=1 (full 0):
 garbage-first heap   total 131072K, used 6790K [0x0000000081200000, 0x0000000100000000)
  region size 1024K, 3 young (3072K), 3 survivors (3072K)
 Metaspace       used 11537K, capacity 11930K, committed 12160K, reserved 1060864K
  class space    used 1183K, capacity 1347K, committed 1408K, reserved 1048576K
}
Event: 2.435 GC heap before
{Heap before GC invocations=1 (full 0):
 garbage-first heap   total 131072K, used 55942K [0x0000000081200000, 0x0000000100000000)
  region size 1024K, 52 young (53248K), 3 survivors (3072K)
 Metaspace       used 20542K, capacity 21262K, committed 21296K, reserved 1069056K
  class space    used 2307K, capacity 2574K, committed 2608K, reserved 1048576K
}
Event: 2.449 GC heap after
{Heap after GC invocations=2 (full 0):
 garbage-first heap   total 131072K, used 9547K [0x0000000081200000, 0x0000000100000000)
  region size 1024K, 6 young (6144K), 6 survivors (6144K)
 Metaspace       used 20542K, capacity 21262K, committed 21296K, reserved 1069056K
  class space    used 2307K, capacity 2574K, committed 2608K, reserved 1048576K
}
Event: 2.717 GC heap before
{Heap before GC invocations=3 (full 0):
 garbage-first heap   total 131072K, used 27979K [0x0000000081200000, 0x0000000100000000)
  region size 1024K, 24 young (24576K), 6 survivors (6144K)
 Metaspace       used 23311K, capacity 24079K, committed 24316K, reserved 1071104K
  class space    used 2707K, capacity 2999K, committed 3068K, reserved 1048576K
}
Event: 2.725 GC heap after
{Heap after GC invocations=4 (full 0):
 garbage-first heap   total 131072K, used 9905K [0x0000000081200000, 0x0000000100000000)
  region size 1024K, 1 young (1024K), 1 survivors (1024K)
 Metaspace       used 23311K, capacity 24079K, committed 24316K, reserved 1071104K
  class space    used 2707K, capacity 2999K, committed 3068K, reserved 1048576K
}
Event: 2.927 GC heap before
{Heap before GC invocations=4 (full 0):
 garbage-first heap   total 131072K, used 65201K [0x0000000081200000, 0x0000000100000000)
  region size 1024K, 56 young (57344K), 1 survivors (1024K)
 Metaspace       used 25875K, capacity 26716K, committed 26876K, reserved 1073152K
  class space    used 3119K, capacity 3447K, committed 3580K, reserved 1048576K
}
Event: 2.930 GC heap after
{Heap after GC invocations=5 (full 0):
 garbage-first heap   total 131072K, used 10853K [0x0000000081200000, 0x0000000100000000)
  region size 1024K, 2 young (2048K), 2 survivors (2048K)
 Metaspace       used 25875K, capacity 26716K, committed 26876K, reserved 1073152K
  class space    used 3119K, capacity 3447K, committed 3580K, reserved 1048576K
}
Event: 4.155 GC heap before
{Heap before GC invocations=5 (full 0):
 garbage-first heap   total 131072K, used 72293K [0x0000000081200000, 0x0000000100000000)
  region size 1024K, 63 young (64512K), 2 survivors (2048K)
 Metaspace       used 31391K, capacity 32528K, committed 32764K, reserved 1077248K
  class space    used 3849K, capacity 4313K, committed 4348K, reserved 1048576K
}
Event: 4.165 GC heap after
{Heap after GC invocations=6 (full 0):
 garbage-first heap   total 131072K, used 13689K [0x0000000081200000, 0x0000000100000000)
  region size 1024K, 5 young (5120K), 5 survivors (5120K)
 Metaspace       used 31391K, capacity 32528K, committed 32764K, reserved 1077248K
  class space    used 3849K, capacity 4313K, committed 4348K, reserved 1048576K
}
Event: 4.676 GC heap before
{Heap before GC invocations=6 (full 0):
 garbage-first heap   total 131072K, used 31097K [0x0000000081200000, 0x0000000100000000)
  region size 1024K, 23 young (23552K), 5 survivors (5120K)
 Metaspace       used 34855K, capacity 35950K, committed 36048K, reserved 1081344K
  class space    used 4365K, capacity 4814K, committed 4860K, reserved 1048576K
}
Event: 4.688 GC heap after
{Heap after GC invocations=7 (full 0):
 garbage-first heap   total 157696K, used 14589K [0x0000000081200000, 0x0000000100000000)
  region size 1024K, 6 young (6144K), 6 survivors (6144K)
 Metaspace       used 34855K, capacity 35950K, committed 36048K, reserved 1081344K
  class space    used 4365K, capacity 4814K, committed 4860K, reserved 1048576K
}
Event: 6.055 GC heap before
{Heap before GC invocations=8 (full 0):
 garbage-first heap   total 157696K, used 85245K [0x0000000081200000, 0x0000000100000000)
  region size 1024K, 76 young (77824K), 6 survivors (6144K)
 Metaspace       used 46620K, capacity 47880K, committed 48080K, reserved 1091584K
  class space    used 5972K, capacity 6508K, committed 6652K, reserved 1048576K
}
Event: 6.068 GC heap after
{Heap after GC invocations=9 (full 0):
 garbage-first heap   total 157696K, used 18432K [0x0000000081200000, 0x0000000100000000)
  region size 1024K, 9 young (9216K), 9 survivors (9216K)
 Metaspace       used 46620K, capacity 47880K, committed 48080K, reserved 1091584K
  class space    used 5972K, capacity 6508K, committed 6652K, reserved 1048576K
}

Deoptimization events (20 events):
Event: 6.801 Thread 0x000001cf6c9b6800 Uncommon trap: trap_request=0xffffff4d fr.pc=0x000001cf07c86524 relative=0x0000000000000264
Event: 6.801 Thread 0x000001cf6c9b6800 Uncommon trap: reason=unstable_if action=reinterpret pc=0x000001cf07c86524 method=java.util.HashMap$HashIterator.<init>(Ljava/util/HashMap;)V @ 45 c2
Event: 6.801 Thread 0x000001cf6c9b6800 DEOPT PACKING pc=0x000001cf07c86524 sp=0x00000067c29f9940
Event: 6.801 Thread 0x000001cf6c9b6800 DEOPT UNPACKING pc=0x000001cf0004a1af sp=0x00000067c29f9830 mode 2
Event: 6.803 Thread 0x000001cf6c9b6800 Uncommon trap: trap_request=0xffffff4d fr.pc=0x000001cf07c85f74 relative=0x0000000000000354
Event: 6.803 Thread 0x000001cf6c9b6800 Uncommon trap: reason=unstable_if action=reinterpret pc=0x000001cf07c85f74 method=java.util.HashMap$HashIterator.<init>(Ljava/util/HashMap;)V @ 45 c2
Event: 6.803 Thread 0x000001cf6c9b6800 DEOPT PACKING pc=0x000001cf07c85f74 sp=0x00000067c29f9890
Event: 6.803 Thread 0x000001cf6c9b6800 DEOPT UNPACKING pc=0x000001cf0004a1af sp=0x00000067c29f9848 mode 2
Event: 7.165 Thread 0x000001cf6c9b6800 Uncommon trap: trap_request=0xffffffc6 fr.pc=0x000001cf07c90770 relative=0x0000000000000410
Event: 7.165 Thread 0x000001cf6c9b6800 Uncommon trap: reason=bimorphic_or_optimized_type_check action=maybe_recompile pc=0x000001cf07c90770 method=java.util.regex.Pattern$SliceI.match(Ljava/util/regex/Matcher;ILjava/lang/CharSequence;)Z @ 92 c2
Event: 7.165 Thread 0x000001cf6c9b6800 DEOPT PACKING pc=0x000001cf07c90770 sp=0x00000067c29f9bd0
Event: 7.165 Thread 0x000001cf6c9b6800 DEOPT UNPACKING pc=0x000001cf0004a1af sp=0x00000067c29f9b58 mode 2
Event: 7.165 Thread 0x000001cf6c9b6800 Uncommon trap: trap_request=0xffffffc6 fr.pc=0x000001cf07c90770 relative=0x0000000000000410
Event: 7.165 Thread 0x000001cf6c9b6800 Uncommon trap: reason=bimorphic_or_optimized_type_check action=maybe_recompile pc=0x000001cf07c90770 method=java.util.regex.Pattern$SliceI.match(Ljava/util/regex/Matcher;ILjava/lang/CharSequence;)Z @ 92 c2
Event: 7.165 Thread 0x000001cf6c9b6800 DEOPT PACKING pc=0x000001cf07c90770 sp=0x00000067c29f9af0
Event: 7.165 Thread 0x000001cf6c9b6800 DEOPT UNPACKING pc=0x000001cf0004a1af sp=0x00000067c29f9a78 mode 2
Event: 7.173 Thread 0x000001cf6c9b6800 Uncommon trap: trap_request=0xffffffc6 fr.pc=0x000001cf07c90770 relative=0x0000000000000410
Event: 7.173 Thread 0x000001cf6c9b6800 Uncommon trap: reason=bimorphic_or_optimized_type_check action=maybe_recompile pc=0x000001cf07c90770 method=java.util.regex.Pattern$SliceI.match(Ljava/util/regex/Matcher;ILjava/lang/CharSequence;)Z @ 92 c2
Event: 7.173 Thread 0x000001cf6c9b6800 DEOPT PACKING pc=0x000001cf07c90770 sp=0x00000067c29f9b00
Event: 7.173 Thread 0x000001cf6c9b6800 DEOPT UNPACKING pc=0x000001cf0004a1af sp=0x00000067c29f9a88 mode 2

Classes redefined (0 events):
No events

Internal exceptions (20 events):
Event: 4.143 Thread 0x000001cf6c9b6800 Exception <a 'java/lang/ClassNotFoundException'{0x0000000085327d30}: org/springframework/beans/factory/BeanFactoryAwareCustomizer> (0x0000000085327d30) thrown at [./src/hotspot/share/classfile/systemDictionary.cpp, line 231]
Event: 4.144 Thread 0x000001cf6c9b6800 Exception <a 'java/lang/ClassNotFoundException'{0x0000000085338468}: org/springframework/beans/factory/AwareCustomizer> (0x0000000085338468) thrown at [./src/hotspot/share/classfile/systemDictionary.cpp, line 231]
Event: 4.145 Thread 0x000001cf6c9b6800 Exception <a 'java/lang/ClassNotFoundException'{0x00000000853488b0}: org/springframework/beans/factory/BeanNameAwareCustomizer> (0x00000000853488b0) thrown at [./src/hotspot/share/classfile/systemDictionary.cpp, line 231]
Event: 4.145 Thread 0x000001cf6c9b6800 Exception <a 'java/lang/ClassNotFoundException'{0x0000000085358ed0}: org/springframework/beans/factory/AwareCustomizer> (0x0000000085358ed0) thrown at [./src/hotspot/share/classfile/systemDictionary.cpp, line 231]
Event: 4.146 Thread 0x000001cf6c9b6800 Exception <a 'java/lang/ClassNotFoundException'{0x0000000085369d38}: org/springframework/beans/factory/InitializingBeanCustomizer> (0x0000000085369d38) thrown at [./src/hotspot/share/classfile/systemDictionary.cpp, line 231]
Event: 4.147 Thread 0x000001cf6c9b6800 Exception <a 'java/lang/ClassNotFoundException'{0x000000008537ae60}: org/springframework/beans/factory/DisposableBeanCustomizer> (0x000000008537ae60) thrown at [./src/hotspot/share/classfile/systemDictionary.cpp, line 231]
Event: 4.148 Thread 0x000001cf6c9b6800 Exception <a 'java/lang/ClassNotFoundException'{0x000000008538d078}: org/springframework/orm/jpa/EntityManagerFactoryInfoCustomizer> (0x000000008538d078) thrown at [./src/hotspot/share/classfile/systemDictionary.cpp, line 231]
Event: 4.150 Thread 0x000001cf6c9b6800 Exception <a 'java/lang/ClassNotFoundException'{0x00000000853a9cf8}: org/springframework/dao/support/PersistenceExceptionTranslatorCustomizer> (0x00000000853a9cf8) thrown at [./src/hotspot/share/classfile/systemDictionary.cpp, line 231]
Event: 4.593 Thread 0x000001cf6c9b6800 Exception <a 'java/lang/NoSuchMethodError'{0x0000000088025a38}: 'java.lang.Object java.lang.invoke.DirectMethodHandle$Holder.invokeStaticInit(java.lang.Object, int, int, int, int)'> (0x0000000088025a38) thrown at [./src/hotspot/share/interpreter/linkResolver.cpp, line 773]
Event: 4.709 Thread 0x000001cf6c9b6800 Exception <a 'java/lang/NoSuchMethodError'{0x000000008ab0d838}: 'java.lang.Object java.lang.invoke.DirectMethodHandle$Holder.invokeStaticInit(java.lang.Object, java.lang.Object, int, int, int, int)'> (0x000000008ab0d838) thrown at [./src/hotspot/share/interpreter/linkResolver.cpp, line 773]
Event: 4.857 Thread 0x000001cf6c9b6800 Exception <a 'java/lang/NoSuchMethodError'{0x000000008a6dcb20}: 'java.lang.Object java.lang.invoke.DirectMethodHandle$Holder.invokeStatic(java.lang.Object, java.lang.Object, java.lang.Object, java.lang.Object, java.lang.Object, java.lang.Object, java.lang.Object, java.lang.Object, java.lang.Object, java.lang.Object, java.lang.Object, java.lang.Object, java.lang.Object, java.lang.Object, java.lang.Object)'> (0x000000008a6dcb20) thrown at [./src/hotspot/share/interpreter/linkResolver.cpp, line 773]
Event: 4.858 Thread 0x000001cf6c9b6800 Exception <a 'java/lang/NoSuchMethodError'{0x000000008a6eb078}: 'java.lang.Object java.lang.invoke.DirectMethodHandle$Holder.invokeStatic(java.lang.Object, java.lang.Object, java.lang.Object, java.lang.Object, java.lang.Object, java.lang.Object, java.lang.Object, java.lang.Object, java.lang.Object, java.lang.Object, java.lang.Object, java.lang.Object, java.lang.Object, java.lang.Object, java.lang.Object, java.lang.Object)'> (0x000000008a6eb078) thrown at [./src/hotspot/share/interpreter/linkResolver.cpp, l
Event: 4.860 Thread 0x000001cf6c9b6800 Exception <a 'java/lang/NoSuchMethodError'{0x000000008a6f94e0}: 'java.lang.Object java.lang.invoke.DirectMethodHandle$Holder.invokeSpecial(java.lang.Object, java.lang.Object, int, int, java.lang.Object, java.lang.Object, java.lang.Object)'> (0x000000008a6f94e0) thrown at [./src/hotspot/share/interpreter/linkResolver.cpp, line 773]
Event: 4.860 Thread 0x000001cf6c9b6800 Exception <a 'java/lang/NoSuchMethodError'{0x000000008a6fd268}: 'java.lang.Object java.lang.invoke.DelegatingMethodHandle$Holder.reinvoke_L(java.lang.Object, int, int, java.lang.Object, java.lang.Object, java.lang.Object)'> (0x000000008a6fd268) thrown at [./src/hotspot/share/interpreter/linkResolver.cpp, line 773]
Event: 5.229 Thread 0x000001cf6c9b6800 Exception <a 'sun/nio/fs/WindowsException'{0x00000000899ea9c8}> (0x00000000899ea9c8) thrown at [./src/hotspot/share/prims/jni.cpp, line 615]
Event: 5.241 Thread 0x000001cf6c9b6800 Exception <a 'java/lang/NoSuchMethodError'{0x000000008980d9a0}: 'int java.lang.invoke.DirectMethodHandle$Holder.invokeStaticInit(java.lang.Object, java.lang.Object, java.lang.Object, java.lang.Object)'> (0x000000008980d9a0) thrown at [./src/hotspot/share/interpreter/linkResolver.cpp, line 773]
Event: 5.775 Thread 0x000001cf6c9b6800 Exception <a 'java/lang/NoSuchMethodError'{0x00000000886767d8}: 'java.lang.Object java.lang.invoke.DirectMethodHandle$Holder.invokeStaticInit(java.lang.Object, java.lang.Object, java.lang.Object, java.lang.Object)'> (0x00000000886767d8) thrown at [./src/hotspot/share/interpreter/linkResolver.cpp, line 773]
Event: 6.159 Thread 0x000001cf6c9b6800 Exception <a 'java/lang/NoSuchMethodError'{0x000000008a38b218}: 'java.lang.Object java.lang.invoke.DirectMethodHandle$Holder.newInvokeSpecial(java.lang.Object, java.lang.Object, int, java.lang.Object, java.lang.Object)'> (0x000000008a38b218) thrown at [./src/hotspot/share/interpreter/linkResolver.cpp, line 773]
Event: 7.151 Thread 0x000001cf6c9b6800 Exception <a 'java/lang/NoSuchMethodError'{0x0000000087e78d88}: 'java.lang.Object java.lang.invoke.DirectMethodHandle$Holder.invokeStaticInit(java.lang.Object, java.lang.Object, java.lang.Object, java.lang.Object, int, int)'> (0x0000000087e78d88) thrown at [./src/hotspot/share/interpreter/linkResolver.cpp, line 773]
Event: 7.170 Thread 0x000001cf6c9b6800 Exception <a 'java/lang/NoSuchMethodError'{0x0000000087d72400}: 'void java.lang.invoke.DirectMethodHandle$Holder.invokeStaticInit(java.lang.Object, java.lang.Object, java.lang.Object, java.lang.Object)'> (0x0000000087d72400) thrown at [./src/hotspot/share/interpreter/linkResolver.cpp, line 773]

Events (20 events):
Event: 7.237 loading class org/hibernate/loader/plan/exec/internal/OneToManyLoadQueryDetails done
Event: 7.237 loading class org/hibernate/loader/plan/exec/internal/AbstractCollectionLoadQueryDetails
Event: 7.237 loading class org/hibernate/loader/plan/exec/internal/AbstractCollectionLoadQueryDetails done
Event: 7.238 loading class org/hibernate/loader/plan/exec/internal/CollectionReferenceAliasesImpl
Event: 7.238 loading class org/hibernate/loader/plan/exec/internal/CollectionReferenceAliasesImpl done
Event: 7.238 loading class org/hibernate/loader/GeneratedCollectionAliases
Event: 7.238 loading class org/hibernate/loader/GeneratedCollectionAliases done
Event: 7.239 loading class org/hibernate/loader/plan/exec/internal/AbstractCollectionLoadQueryDetails$CollectionLoaderReaderCollectorImpl
Event: 7.239 loading class org/hibernate/loader/plan/exec/internal/AbstractCollectionLoadQueryDetails$CollectionLoaderReaderCollectorImpl done
Event: 7.239 loading class org/hibernate/loader/plan/exec/process/internal/CollectionReturnReader
Event: 7.239 loading class org/hibernate/loader/plan/exec/process/internal/CollectionReturnReader done
Event: 7.239 loading class org/hibernate/loader/plan/exec/process/internal/CollectionReferenceInitializerImpl
Event: 7.239 loading class org/hibernate/loader/plan/exec/process/internal/CollectionReferenceInitializerImpl done
Event: 7.240 Thread 0x000001cf12a9b800 Thread exited: 0x000001cf12a9b800
Event: 7.240 loading class org/hibernate/loader/plan/exec/internal/AbstractCollectionLoadQueryDetails$CollectionLoaderRowReader
Event: 7.240 loading class org/hibernate/loader/plan/exec/internal/AbstractCollectionLoadQueryDetails$CollectionLoaderRowReader done
Event: 7.244 loading class org/hibernate/loader/plan/exec/internal/BasicCollectionLoadQueryDetails
Event: 7.244 loading class org/hibernate/loader/plan/exec/internal/BasicCollectionLoadQueryDetails done
Event: 7.245 loading class org/hibernate/internal/StaticFilterAliasGenerator
Event: 7.245 loading class org/hibernate/internal/StaticFilterAliasGenerator done


Dynamic libraries:
0x00007ff7a2b80000 - 0x00007ff7a2b8d000 	C:\Users\Usuario\.jdks\temurin-11.0.12\bin\java.exe
0x00007fffee8b0000 - 0x00007fffeeaa5000 	C:\Windows\SYSTEM32\ntdll.dll
0x00007fffed7c0000 - 0x00007fffed87d000 	C:\Windows\System32\KERNEL32.DLL
0x00007fffec260000 - 0x00007fffec528000 	C:\Windows\System32\KERNELBASE.dll
0x00007fffec0d0000 - 0x00007fffec1d0000 	C:\Windows\System32\ucrtbase.dll
0x00007fffe98e0000 - 0x00007fffe98f5000 	C:\Users\Usuario\.jdks\temurin-11.0.12\bin\VCRUNTIME140.dll
0x00007fffe9900000 - 0x00007fffe9917000 	C:\Users\Usuario\.jdks\temurin-11.0.12\bin\jli.dll
0x00007fffecc00000 - 0x00007fffecda0000 	C:\Windows\System32\USER32.dll
0x00007fffd8f00000 - 0x00007fffd919a000 	C:\Windows\WinSxS\amd64_microsoft.windows.common-controls_6595b64144ccf1df_6.0.19041.844_none_ca00b6081b84eb1d\COMCTL32.dll
0x00007fffec7c0000 - 0x00007fffec7e2000 	C:\Windows\System32\win32u.dll
0x00007fffec9b0000 - 0x00007fffeca4e000 	C:\Windows\System32\msvcrt.dll
0x00007fffed320000 - 0x00007fffed34a000 	C:\Windows\System32\GDI32.dll
0x00007fffec840000 - 0x00007fffec94b000 	C:\Windows\System32\gdi32full.dll
0x00007fffec030000 - 0x00007fffec0cd000 	C:\Windows\System32\msvcp_win.dll
0x00007fffed8f0000 - 0x00007fffed920000 	C:\Windows\System32\IMM32.DLL
0x00007fffe15d0000 - 0x00007fffe166b000 	C:\Users\Usuario\.jdks\temurin-11.0.12\bin\msvcp140.dll
0x00007fffcdc20000 - 0x00007fffce779000 	C:\Users\Usuario\.jdks\temurin-11.0.12\bin\server\jvm.dll
0x00007fffee630000 - 0x00007fffee6dc000 	C:\Windows\System32\ADVAPI32.dll
0x00007fffed920000 - 0x00007fffed9bb000 	C:\Windows\System32\sechost.dll
0x00007fffed9c0000 - 0x00007fffedaeb000 	C:\Windows\System32\RPCRT4.dll
0x00007fffed8e0000 - 0x00007fffed8e8000 	C:\Windows\System32\PSAPI.DLL
0x00007fffb0bd0000 - 0x00007fffb0bd9000 	C:\Windows\SYSTEM32\WSOCK32.dll
0x00007fffe2820000 - 0x00007fffe2847000 	C:\Windows\SYSTEM32\WINMM.dll
0x00007fffe2850000 - 0x00007fffe285a000 	C:\Windows\SYSTEM32\VERSION.dll
0x00007fffee6e0000 - 0x00007fffee74b000 	C:\Windows\System32\WS2_32.dll
0x00007fffe9f90000 - 0x00007fffe9fa2000 	C:\Windows\SYSTEM32\kernel.appcore.dll
0x00007fffe98d0000 - 0x00007fffe98e0000 	C:\Users\Usuario\.jdks\temurin-11.0.12\bin\verify.dll
0x00007fffdf7b0000 - 0x00007fffdf994000 	C:\Windows\SYSTEM32\DBGHELP.DLL
0x00007fffdf390000 - 0x00007fffdf3bc000 	C:\Windows\SYSTEM32\dbgcore.DLL
0x00007fffec530000 - 0x00007fffec5b0000 	C:\Windows\System32\bcryptPrimitives.dll
0x00007fffe7620000 - 0x00007fffe7648000 	C:\Users\Usuario\.jdks\temurin-11.0.12\bin\java.dll
0x00007fffe7dd0000 - 0x00007fffe7dda000 	C:\Users\Usuario\.jdks\temurin-11.0.12\bin\jimage.dll
0x00007fffe15c0000 - 0x00007fffe15ce000 	C:\Users\Usuario\.jdks\temurin-11.0.12\bin\instrument.dll
0x00007fffe3af0000 - 0x00007fffe3b07000 	C:\Users\Usuario\.jdks\temurin-11.0.12\bin\zip.dll
0x00007fffedee0000 - 0x00007fffee622000 	C:\Windows\System32\SHELL32.dll
0x00007fffea190000 - 0x00007fffea921000 	C:\Windows\SYSTEM32\windows.storage.dll
0x00007fffedb80000 - 0x00007fffeded5000 	C:\Windows\System32\combase.dll
0x00007fffeba30000 - 0x00007fffeba5c000 	C:\Windows\SYSTEM32\Wldp.dll
0x00007fffee750000 - 0x00007fffee7fe000 	C:\Windows\System32\SHCORE.dll
0x00007fffec950000 - 0x00007fffec9a5000 	C:\Windows\System32\shlwapi.dll
0x00007fffebf70000 - 0x00007fffebf8f000 	C:\Windows\SYSTEM32\profapi.dll
0x00007fffe3ad0000 - 0x00007fffe3ae9000 	C:\Users\Usuario\.jdks\temurin-11.0.12\bin\net.dll
0x00007fffe5120000 - 0x00007fffe522b000 	C:\Windows\SYSTEM32\WINHTTP.dll
0x00007fffeb7a0000 - 0x00007fffeb80a000 	C:\Windows\system32\mswsock.dll
0x00007fffe3990000 - 0x00007fffe39a2000 	C:\Users\Usuario\.jdks\temurin-11.0.12\bin\nio.dll
0x00007fffe3970000 - 0x00007fffe398a000 	Z:\Descargas\IntelliJ IDEA 2021.2.2\bin\breakgen64.dll
0x00007fffe7430000 - 0x00007fffe7439000 	C:\Users\Usuario\.jdks\temurin-11.0.12\bin\management.dll
0x00007fffe3ac0000 - 0x00007fffe3acb000 	C:\Users\Usuario\.jdks\temurin-11.0.12\bin\management_ext.dll
0x00007fffdd6c0000 - 0x00007fffdd6d7000 	C:\Windows\system32\napinsp.dll
0x00007fffdd6a0000 - 0x00007fffdd6bb000 	C:\Windows\system32\pnrpnsp.dll
0x00007fffdd680000 - 0x00007fffdd695000 	C:\Windows\system32\wshbth.dll
0x00007fffe7c10000 - 0x00007fffe7c2d000 	C:\Windows\system32\NLAapi.dll
0x00007fffeb430000 - 0x00007fffeb46b000 	C:\Windows\SYSTEM32\IPHLPAPI.DLL
0x00007fffeb470000 - 0x00007fffeb53c000 	C:\Windows\SYSTEM32\DNSAPI.dll
0x00007fffedb10000 - 0x00007fffedb18000 	C:\Windows\System32\NSI.dll
0x00007fffdd570000 - 0x00007fffdd582000 	C:\Windows\System32\winrnr.dll
0x00007fffe49c0000 - 0x00007fffe49ca000 	C:\Windows\System32\rasadhlp.dll
0x00007fffe5510000 - 0x00007fffe558f000 	C:\Windows\System32\fwpuclnt.dll
0x00007fffec1d0000 - 0x00007fffec1f7000 	C:\Windows\System32\bcrypt.dll
0x00007fffeb970000 - 0x00007fffeb988000 	C:\Windows\SYSTEM32\CRYPTSP.dll
0x00007fffeb0e0000 - 0x00007fffeb114000 	C:\Windows\system32\rsaenh.dll
0x00007fffebef0000 - 0x00007fffebf1e000 	C:\Windows\SYSTEM32\USERENV.dll
0x00007fffeb990000 - 0x00007fffeb99c000 	C:\Windows\SYSTEM32\CRYPTBASE.dll
0x00007fffe6200000 - 0x00007fffe6217000 	C:\Windows\SYSTEM32\dhcpcsvc6.DLL
0x00007fffe6580000 - 0x00007fffe659d000 	C:\Windows\SYSTEM32\dhcpcsvc.DLL
0x00007fffd2320000 - 0x00007fffd2345000 	C:\Users\Usuario\.jdks\temurin-11.0.12\bin\sunec.dll
0x00007fffe3960000 - 0x00007fffe396e000 	C:\Users\Usuario\.jdks\temurin-11.0.12\bin\sunmscapi.dll
0x00007fffec5b0000 - 0x00007fffec70f000 	C:\Windows\System32\CRYPT32.dll
0x00007fffebaa0000 - 0x00007fffebac7000 	C:\Windows\SYSTEM32\ncrypt.dll
0x00007fffeba60000 - 0x00007fffeba9b000 	C:\Windows\SYSTEM32\NTASN1.dll

dbghelp: loaded successfully - version: 4.0.5 - missing functions: none
symbol engine: initialized successfully - sym options: 0x614 - pdb path: .;C:\Users\Usuario\.jdks\temurin-11.0.12\bin;C:\Windows\SYSTEM32;C:\Windows\WinSxS\amd64_microsoft.windows.common-controls_6595b64144ccf1df_6.0.19041.844_none_ca00b6081b84eb1d;C:\Users\Usuario\.jdks\temurin-11.0.12\bin\server;Z:\Descargas\IntelliJ IDEA 2021.2.2\bin

VM Arguments:
jvm_args: -ea -Didea.test.cyclic.buffer.size=1048576 -javaagent:Z:\Descargas\IntelliJ IDEA 2021.2.2\lib\idea_rt.jar=31634:Z:\Descargas\IntelliJ IDEA 2021.2.2\bin -Dfile.encoding=UTF-8 
java_command: com.intellij.rt.junit.JUnitStarter -ideVersion5 -junit5 co.edu.uniquindio.proyecto.entidades.test.PersonaTest,registrarTest
java_class_path (initial): C:\Users\Usuario\.m2\repository\org\junit\platform\junit-platform-launcher\1.7.2\junit-platform-launcher-1.7.2.jar;Z:\Descargas\IntelliJ IDEA 2021.2.2\lib\idea_rt.jar;Z:\Descargas\IntelliJ IDEA 2021.2.2\plugins\junit\lib\junit5-rt.jar;Z:\Descargas\IntelliJ IDEA 2021.2.2\plugins\junit\lib\junit-rt.jar;Z:\Descargas\aa\proyecto-asignatura-main\Persistencia\target\test-classes;Z:\Descargas\aa\proyecto-asignatura-main\Persistencia\target\classes;C:\Users\Usuario\.m2\repository\org\springframework\boot\spring-boot-starter-data-jpa\2.5.4\spring-boot-starter-data-jpa-2.5.4.jar;C:\Users\Usuario\.m2\repository\org\springframework\boot\spring-boot-starter-aop\2.5.4\spring-boot-starter-aop-2.5.4.jar;C:\Users\Usuario\.m2\repository\org\springframework\spring-aop\5.3.9\spring-aop-5.3.9.jar;C:\Users\Usuario\.m2\repository\org\aspectj\aspectjweaver\1.9.7\aspectjweaver-1.9.7.jar;C:\Users\Usuario\.m2\repository\org\springframework\boot\spring-boot-starter-jdbc\2.5.4\spring-boot-starter-jdbc-2.5.4.jar;C:\Users\Usuario\.m2\repository\com\zaxxer\HikariCP\4.0.3\HikariCP-4.0.3.jar;C:\Users\Usuario\.m2\repository\org\springframework\spring-jdbc\5.3.9\spring-jdbc-5.3.9.jar;C:\Users\Usuario\.m2\repository\jakarta\transaction\jakarta.transaction-api\1.3.3\jakarta.transaction-api-1.3.3.jar;C:\Users\Usuario\.m2\repository\jakarta\persistence\jakarta.persistence-api\2.2.3\jakarta.persistence-api-2.2.3.jar;C:\Users\Usuario\.m2\repository\org\hibernate\hibernate-core\5.4.32.Final\hibernate-core-5.4.32.Final.jar;C:\Users\Usuario\.m2\repository\org\jboss\logging\jboss-logging\3.4.2.Final\jboss-logging-3.4.2.Final.jar;C:\Users\Usuario\.m2\repository\org\javassist\javassist\3.27.0-GA\javassist-3.27.0-GA.jar;C:\Users\Usuario\.m2\repository\net\bytebuddy\byte-buddy\1.10.22\byte-buddy-1.10.22.jar;C:\Users\Usuario\.m2\repository\antlr\antlr\2.7.7\antlr-2.7.7.jar;C:\Users\Usuario\.m2\repository\org\jboss\jandex\2.2.3.Final\jandex-2.2.3.Final.jar;C:\Users\Usuario\.m2\repository\
Launcher Type: SUN_STANDARD

[Global flags]
     intx CICompilerCount                          = 4                                         {product} {ergonomic}
     uint ConcGCThreads                            = 3                                         {product} {ergonomic}
     uint G1ConcRefinementThreads                  = 10                                        {product} {ergonomic}
   size_t G1HeapRegionSize                         = 1048576                                   {product} {ergonomic}
    uintx GCDrainStackTargetSize                   = 64                                        {product} {ergonomic}
   size_t InitialHeapSize                          = 134217728                                 {product} {ergonomic}
   size_t MarkStackSize                            = 4194304                                   {product} {ergonomic}
   size_t MaxHeapSize                              = 2128609280                                {product} {ergonomic}
   size_t MaxNewSize                               = 1277165568                                {product} {ergonomic}
   size_t MinHeapDeltaBytes                        = 1048576                                   {product} {ergonomic}
    uintx NonNMethodCodeHeapSize                   = 5836300                                {pd product} {ergonomic}
    uintx NonProfiledCodeHeapSize                  = 122910970                              {pd product} {ergonomic}
    uintx ProfiledCodeHeapSize                     = 122910970                              {pd product} {ergonomic}
    uintx ReservedCodeCacheSize                    = 251658240                              {pd product} {ergonomic}
     bool SegmentedCodeCache                       = true                                      {product} {ergonomic}
     bool UseCompressedClassPointers               = true                                 {lp64_product} {ergonomic}
     bool UseCompressedOops                        = true                                 {lp64_product} {ergonomic}
     bool UseG1GC                                  = true                                      {product} {ergonomic}
     bool UseLargePagesIndividualAllocation        = false                                  {pd product} {ergonomic}

Logging:
Log output configuration:
 #0: stdout all=warning uptime,level,tags
 #1: stderr all=off uptime,level,tags

Environment Variables:
PATH=C:\Program Files\Common Files\Oracle\Java\javapath;C:\Program Files (x86)\Common Files\Oracle\Java\javapath;C:\ProgramData\Oracle\Java\javapath;C:\Windows\system32;C:\Windows;C:\Windows\System32\Wbem;C:\Windows\System32\WindowsPowerShell\v1.0\;C:\Windows\System32\OpenSSH\;Z:\Descargas\Git\cmd;Z:\Descargas\bin;Z:\Descargas\ATI.ACE\Core-Static;C:\Program Files\MySQL\MySQL Shell 8.0\bin\;C:\Users\Usuario\AppData\Local\Microsoft\WindowsApps;
USERNAME=Usuario
OS=Windows_NT
PROCESSOR_IDENTIFIER=Intel64 Family 6 Model 62 Stepping 4, GenuineIntel



---------------  S Y S T E M  ---------------

OS: Windows 10 , 64 bit Build 19041 (10.0.19041.928)
OS uptime: 0 days 1:25 hours

CPU:total 12 (initial active 12) (6 cores per cpu, 2 threads per core) family 6 model 62 stepping 4 microcode 0x42e, cmov, cx8, fxsr, mmx, sse, sse2, sse3, ssse3, sse4.1, sse4.2, popcnt, avx, aes, clmul, erms, ht, tsc, tscinvbit

Memory: 4k page, system-wide physical 8112M (871M free)
TotalPageFile size 8112M (AvailPageFile size 215M)
current process WorkingSet (physical memory assigned to process): 261M, peak: 267M
current process commit charge ("private bytes"): 355M, peak: 360M

vm_info: OpenJDK 64-Bit Server VM (11.0.12+7) for windows-amd64 JRE (11.0.12+7), built on Jul 21 2021 16:23:49 by "" with unknown MS VC++:1916

END.
